{"E:\\Alpha\\backend\\src\\app.js": {"path":"E:\\Alpha\\backend\\src\\app.js","statementMap":{"0":{"start":{"line":1,"column":16},"end":{"line":1,"column":34}},"1":{"start":{"line":2,"column":13},"end":{"line":2,"column":28}},"2":{"start":{"line":3,"column":15},"end":{"line":3,"column":32}},"3":{"start":{"line":4,"column":18},"end":{"line":4,"column":47}},"4":{"start":{"line":5,"column":20},"end":{"line":5,"column":42}},"5":{"start":{"line":6,"column":22},"end":{"line":6,"column":55}},"6":{"start":{"line":7,"column":12},"end":{"line":7,"column":32}},"7":{"start":{"line":8,"column":13},"end":{"line":8,"column":28}},"8":{"start":{"line":10,"column":24},"end":{"line":10,"column":52}},"9":{"start":{"line":11,"column":20},"end":{"line":11,"column":50}},"10":{"start":{"line":12,"column":15},"end":{"line":12,"column":40}},"11":{"start":{"line":13,"column":21},"end":{"line":13,"column":57}},"12":{"start":{"line":16,"column":19},"end":{"line":16,"column":49}},"13":{"start":{"line":17,"column":19},"end":{"line":17,"column":49}},"14":{"start":{"line":18,"column":21},"end":{"line":18,"column":53}},"15":{"start":{"line":19,"column":24},"end":{"line":19,"column":59}},"16":{"start":{"line":20,"column":18},"end":{"line":20,"column":47}},"17":{"start":{"line":22,"column":12},"end":{"line":22,"column":21}},"18":{"start":{"line":25,"column":0},"end":{"line":33,"column":3}},"19":{"start":{"line":27,"column":2},"end":{"line":27,"column":36}},"20":{"start":{"line":30,"column":2},"end":{"line":32,"column":3}},"21":{"start":{"line":31,"column":4},"end":{"line":31,"column":35}},"22":{"start":{"line":36,"column":0},"end":{"line":36,"column":18}},"23":{"start":{"line":37,"column":0},"end":{"line":37,"column":23}},"24":{"start":{"line":38,"column":0},"end":{"line":42,"column":4}},"25":{"start":{"line":43,"column":0},"end":{"line":43,"column":41}},"26":{"start":{"line":44,"column":0},"end":{"line":44,"column":63}},"27":{"start":{"line":45,"column":0},"end":{"line":45,"column":25}},"28":{"start":{"line":46,"column":0},"end":{"line":46,"column":15}},"29":{"start":{"line":49,"column":16},"end":{"line":55,"column":2}},"30":{"start":{"line":56,"column":0},"end":{"line":56,"column":25}},"31":{"start":{"line":59,"column":0},"end":{"line":62,"column":3}},"32":{"start":{"line":60,"column":2},"end":{"line":60,"column":54}},"33":{"start":{"line":61,"column":2},"end":{"line":61,"column":9}},"34":{"start":{"line":65,"column":0},"end":{"line":73,"column":3}},"35":{"start":{"line":66,"column":19},"end":{"line":66,"column":56}},"36":{"start":{"line":67,"column":2},"end":{"line":72,"column":5}},"37":{"start":{"line":76,"column":0},"end":{"line":76,"column":33}},"38":{"start":{"line":77,"column":0},"end":{"line":77,"column":34}},"39":{"start":{"line":78,"column":0},"end":{"line":78,"column":38}},"40":{"start":{"line":79,"column":0},"end":{"line":79,"column":44}},"41":{"start":{"line":80,"column":0},"end":{"line":80,"column":31}},"42":{"start":{"line":82,"column":0},"end":{"line":87,"column":3}},"43":{"start":{"line":83,"column":2},"end":{"line":86,"column":5}},"44":{"start":{"line":90,"column":0},"end":{"line":90,"column":22}},"45":{"start":{"line":92,"column":0},"end":{"line":92,"column":21}}},"fnMap":{"0":{"name":"(anonymous_0)","decl":{"start":{"line":25,"column":31},"end":{"line":25,"column":32}},"loc":{"start":{"line":25,"column":43},"end":{"line":33,"column":1}},"line":25},"1":{"name":"(anonymous_1)","decl":{"start":{"line":59,"column":8},"end":{"line":59,"column":9}},"loc":{"start":{"line":59,"column":28},"end":{"line":62,"column":1}},"line":59},"2":{"name":"(anonymous_2)","decl":{"start":{"line":65,"column":19},"end":{"line":65,"column":20}},"loc":{"start":{"line":65,"column":39},"end":{"line":73,"column":1}},"line":65},"3":{"name":"(anonymous_3)","decl":{"start":{"line":82,"column":13},"end":{"line":82,"column":14}},"loc":{"start":{"line":82,"column":27},"end":{"line":87,"column":1}},"line":82}},"branchMap":{"0":{"loc":{"start":{"line":30,"column":2},"end":{"line":32,"column":3}},"type":"if","locations":[{"start":{"line":30,"column":2},"end":{"line":32,"column":3}},{"start":{},"end":{}}],"line":30},"1":{"loc":{"start":{"line":39,"column":10},"end":{"line":39,"column":59}},"type":"binary-expr","locations":[{"start":{"line":39,"column":10},"end":{"line":39,"column":32}},{"start":{"line":39,"column":36},"end":{"line":39,"column":59}}],"line":39}},"s":{"0":0,"1":0,"2":0,"3":0,"4":0,"5":0,"6":0,"7":0,"8":0,"9":0,"10":0,"11":0,"12":0,"13":0,"14":0,"15":0,"16":0,"17":0,"18":0,"19":0,"20":0,"21":0,"22":0,"23":0,"24":0,"25":0,"26":0,"27":0,"28":0,"29":0,"30":0,"31":0,"32":0,"33":0,"34":0,"35":0,"36":0,"37":0,"38":0,"39":0,"40":0,"41":0,"42":0,"43":0,"44":0,"45":0},"f":{"0":0,"1":0,"2":0,"3":0},"b":{"0":[0,0],"1":[0,0]}}
,"E:\\Alpha\\backend\\src\\controllers\\adminController.js": {"path":"E:\\Alpha\\backend\\src\\controllers\\adminController.js","statementMap":{"0":{"start":{"line":1,"column":13},"end":{"line":1,"column":38}},"1":{"start":{"line":2,"column":15},"end":{"line":2,"column":42}},"2":{"start":{"line":3,"column":18},"end":{"line":3,"column":48}},"3":{"start":{"line":4,"column":21},"end":{"line":4,"column":54}},"4":{"start":{"line":5,"column":19},"end":{"line":5,"column":50}},"5":{"start":{"line":6,"column":15},"end":{"line":6,"column":41}},"6":{"start":{"line":11,"column":4},"end":{"line":91,"column":5}},"7":{"start":{"line":12,"column":20},"end":{"line":12,"column":30}},"8":{"start":{"line":13,"column":6},"end":{"line":13,"column":33}},"9":{"start":{"line":14,"column":22},"end":{"line":14,"column":37}},"10":{"start":{"line":15,"column":6},"end":{"line":15,"column":45}},"11":{"start":{"line":16,"column":23},"end":{"line":16,"column":38}},"12":{"start":{"line":17,"column":6},"end":{"line":17,"column":48}},"13":{"start":{"line":29,"column":10},"end":{"line":38,"column":8}},"14":{"start":{"line":41,"column":26},"end":{"line":44,"column":44}},"15":{"start":{"line":46,"column":28},"end":{"line":50,"column":43}},"16":{"start":{"line":53,"column":25},"end":{"line":53,"column":69}},"17":{"start":{"line":54,"column":29},"end":{"line":54,"column":77}},"18":{"start":{"line":55,"column":32},"end":{"line":55,"column":83}},"19":{"start":{"line":58,"column":20},"end":{"line":58,"column":71}},"20":{"start":{"line":60,"column":6},"end":{"line":84,"column":9}},"21":{"start":{"line":86,"column":6},"end":{"line":86,"column":56}},"22":{"start":{"line":87,"column":6},"end":{"line":90,"column":9}},"23":{"start":{"line":96,"column":4},"end":{"line":149,"column":5}},"24":{"start":{"line":107,"column":10},"end":{"line":107,"column":19}},"25":{"start":{"line":109,"column":20},"end":{"line":109,"column":22}},"26":{"start":{"line":110,"column":6},"end":{"line":115,"column":7}},"27":{"start":{"line":111,"column":8},"end":{"line":114,"column":10}},"28":{"start":{"line":116,"column":6},"end":{"line":116,"column":34}},"29":{"start":{"line":116,"column":16},"end":{"line":116,"column":34}},"30":{"start":{"line":117,"column":6},"end":{"line":117,"column":62}},"31":{"start":{"line":117,"column":24},"end":{"line":117,"column":62}},"32":{"start":{"line":118,"column":6},"end":{"line":118,"column":71}},"33":{"start":{"line":118,"column":34},"end":{"line":118,"column":71}},"34":{"start":{"line":119,"column":6},"end":{"line":119,"column":77}},"35":{"start":{"line":119,"column":36},"end":{"line":119,"column":77}},"36":{"start":{"line":121,"column":19},"end":{"line":121,"column":62}},"37":{"start":{"line":123,"column":20},"end":{"line":127,"column":87}},"38":{"start":{"line":129,"column":20},"end":{"line":129,"column":52}},"39":{"start":{"line":131,"column":6},"end":{"line":142,"column":9}},"40":{"start":{"line":144,"column":6},"end":{"line":144,"column":50}},"41":{"start":{"line":145,"column":6},"end":{"line":148,"column":9}},"42":{"start":{"line":154,"column":4},"end":{"line":196,"column":5}},"43":{"start":{"line":155,"column":21},"end":{"line":155,"column":31}},"44":{"start":{"line":157,"column":19},"end":{"line":158,"column":87}},"45":{"start":{"line":160,"column":6},"end":{"line":165,"column":7}},"46":{"start":{"line":161,"column":8},"end":{"line":164,"column":11}},"47":{"start":{"line":168,"column":22},"end":{"line":170,"column":18}},"48":{"start":{"line":172,"column":25},"end":{"line":174,"column":18}},"49":{"start":{"line":176,"column":6},"end":{"line":189,"column":9}},"50":{"start":{"line":185,"column":57},"end":{"line":185,"column":77}},"51":{"start":{"line":186,"column":63},"end":{"line":186,"column":94}},"52":{"start":{"line":191,"column":6},"end":{"line":191,"column":53}},"53":{"start":{"line":192,"column":6},"end":{"line":195,"column":9}},"54":{"start":{"line":201,"column":4},"end":{"line":235,"column":5}},"55":{"start":{"line":202,"column":21},"end":{"line":202,"column":31}},"56":{"start":{"line":203,"column":70},"end":{"line":203,"column":78}},"57":{"start":{"line":205,"column":19},"end":{"line":205,"column":42}},"58":{"start":{"line":206,"column":6},"end":{"line":211,"column":7}},"59":{"start":{"line":207,"column":8},"end":{"line":210,"column":11}},"60":{"start":{"line":214,"column":6},"end":{"line":214,"column":33}},"61":{"start":{"line":214,"column":16},"end":{"line":214,"column":33}},"62":{"start":{"line":215,"column":6},"end":{"line":215,"column":69}},"63":{"start":{"line":215,"column":28},"end":{"line":215,"column":69}},"64":{"start":{"line":216,"column":6},"end":{"line":216,"column":59}},"65":{"start":{"line":216,"column":34},"end":{"line":216,"column":59}},"66":{"start":{"line":217,"column":6},"end":{"line":217,"column":65}},"67":{"start":{"line":217,"column":36},"end":{"line":217,"column":65}},"68":{"start":{"line":218,"column":6},"end":{"line":218,"column":41}},"69":{"start":{"line":218,"column":17},"end":{"line":218,"column":41}},"70":{"start":{"line":220,"column":6},"end":{"line":220,"column":24}},"71":{"start":{"line":222,"column":6},"end":{"line":222,"column":55}},"72":{"start":{"line":224,"column":6},"end":{"line":228,"column":9}},"73":{"start":{"line":230,"column":6},"end":{"line":230,"column":48}},"74":{"start":{"line":231,"column":6},"end":{"line":234,"column":9}},"75":{"start":{"line":240,"column":4},"end":{"line":272,"column":5}},"76":{"start":{"line":241,"column":21},"end":{"line":241,"column":31}},"77":{"start":{"line":243,"column":19},"end":{"line":243,"column":42}},"78":{"start":{"line":244,"column":6},"end":{"line":249,"column":7}},"79":{"start":{"line":245,"column":8},"end":{"line":248,"column":11}},"80":{"start":{"line":252,"column":6},"end":{"line":256,"column":9}},"81":{"start":{"line":258,"column":6},"end":{"line":258,"column":29}},"82":{"start":{"line":260,"column":6},"end":{"line":260,"column":55}},"83":{"start":{"line":262,"column":6},"end":{"line":265,"column":9}},"84":{"start":{"line":267,"column":6},"end":{"line":267,"column":48}},"85":{"start":{"line":268,"column":6},"end":{"line":271,"column":9}},"86":{"start":{"line":277,"column":4},"end":{"line":325,"column":5}},"87":{"start":{"line":287,"column":10},"end":{"line":287,"column":19}},"88":{"start":{"line":289,"column":20},"end":{"line":289,"column":22}},"89":{"start":{"line":290,"column":6},"end":{"line":292,"column":7}},"90":{"start":{"line":291,"column":8},"end":{"line":291,"column":42}},"91":{"start":{"line":293,"column":6},"end":{"line":293,"column":46}},"92":{"start":{"line":293,"column":20},"end":{"line":293,"column":46}},"93":{"start":{"line":294,"column":6},"end":{"line":294,"column":71}},"94":{"start":{"line":294,"column":34},"end":{"line":294,"column":71}},"95":{"start":{"line":295,"column":6},"end":{"line":295,"column":72}},"96":{"start":{"line":295,"column":23},"end":{"line":295,"column":72}},"97":{"start":{"line":297,"column":19},"end":{"line":297,"column":62}},"98":{"start":{"line":299,"column":22},"end":{"line":303,"column":41}},"99":{"start":{"line":305,"column":20},"end":{"line":305,"column":54}},"100":{"start":{"line":307,"column":6},"end":{"line":318,"column":9}},"101":{"start":{"line":320,"column":6},"end":{"line":320,"column":52}},"102":{"start":{"line":321,"column":6},"end":{"line":324,"column":9}},"103":{"start":{"line":330,"column":4},"end":{"line":355,"column":5}},"104":{"start":{"line":331,"column":21},"end":{"line":331,"column":31}},"105":{"start":{"line":333,"column":21},"end":{"line":333,"column":46}},"106":{"start":{"line":334,"column":6},"end":{"line":339,"column":7}},"107":{"start":{"line":335,"column":8},"end":{"line":338,"column":11}},"108":{"start":{"line":341,"column":6},"end":{"line":341,"column":31}},"109":{"start":{"line":343,"column":6},"end":{"line":343,"column":59}},"110":{"start":{"line":345,"column":6},"end":{"line":348,"column":9}},"111":{"start":{"line":350,"column":6},"end":{"line":350,"column":50}},"112":{"start":{"line":351,"column":6},"end":{"line":354,"column":9}},"113":{"start":{"line":360,"column":4},"end":{"line":419,"column":5}},"114":{"start":{"line":361,"column":34},"end":{"line":361,"column":43}},"115":{"start":{"line":364,"column":18},"end":{"line":364,"column":28}},"116":{"start":{"line":366,"column":6},"end":{"line":381,"column":7}},"117":{"start":{"line":368,"column":10},"end":{"line":368,"column":57}},"118":{"start":{"line":369,"column":10},"end":{"line":369,"column":16}},"119":{"start":{"line":371,"column":10},"end":{"line":371,"column":63}},"120":{"start":{"line":372,"column":10},"end":{"line":372,"column":16}},"121":{"start":{"line":374,"column":10},"end":{"line":374,"column":65}},"122":{"start":{"line":375,"column":10},"end":{"line":375,"column":16}},"123":{"start":{"line":377,"column":10},"end":{"line":377,"column":71}},"124":{"start":{"line":378,"column":10},"end":{"line":378,"column":16}},"125":{"start":{"line":380,"column":10},"end":{"line":380,"column":63}},"126":{"start":{"line":383,"column":20},"end":{"line":385,"column":26}},"127":{"start":{"line":388,"column":26},"end":{"line":390,"column":8}},"128":{"start":{"line":392,"column":28},"end":{"line":395,"column":8}},"129":{"start":{"line":397,"column":39},"end":{"line":399,"column":8}},"130":{"start":{"line":401,"column":6},"end":{"line":412,"column":9}},"131":{"start":{"line":414,"column":6},"end":{"line":414,"column":57}},"132":{"start":{"line":415,"column":6},"end":{"line":418,"column":9}},"133":{"start":{"line":424,"column":4},"end":{"line":460,"column":5}},"134":{"start":{"line":425,"column":81},"end":{"line":425,"column":89}},"135":{"start":{"line":427,"column":22},"end":{"line":427,"column":24}},"136":{"start":{"line":428,"column":6},"end":{"line":432,"column":7}},"137":{"start":{"line":429,"column":8},"end":{"line":429,"column":93}},"138":{"start":{"line":430,"column":13},"end":{"line":432,"column":7}},"139":{"start":{"line":431,"column":8},"end":{"line":431,"column":92}},"140":{"start":{"line":434,"column":20},"end":{"line":434,"column":60}},"141":{"start":{"line":437,"column":28},"end":{"line":444,"column":9}},"142":{"start":{"line":437,"column":47},"end":{"line":444,"column":7}},"143":{"start":{"line":446,"column":6},"end":{"line":446,"column":51}},"144":{"start":{"line":448,"column":6},"end":{"line":448,"column":77}},"145":{"start":{"line":450,"column":6},"end":{"line":453,"column":9}},"146":{"start":{"line":455,"column":6},"end":{"line":455,"column":61}},"147":{"start":{"line":456,"column":6},"end":{"line":459,"column":9}},"148":{"start":{"line":465,"column":4},"end":{"line":487,"column":5}},"149":{"start":{"line":466,"column":48},"end":{"line":466,"column":57}},"150":{"start":{"line":470,"column":6},"end":{"line":480,"column":9}},"151":{"start":{"line":482,"column":6},"end":{"line":482,"column":54}},"152":{"start":{"line":483,"column":6},"end":{"line":486,"column":9}},"153":{"start":{"line":493,"column":4},"end":{"line":493,"column":13}},"154":{"start":{"line":497,"column":17},"end":{"line":497,"column":19}},"155":{"start":{"line":498,"column":22},"end":{"line":498,"column":41}},"156":{"start":{"line":500,"column":4},"end":{"line":514,"column":5}},"157":{"start":{"line":501,"column":23},"end":{"line":501,"column":44}},"158":{"start":{"line":502,"column":6},"end":{"line":502,"column":47}},"159":{"start":{"line":504,"column":20},"end":{"line":506,"column":8}},"160":{"start":{"line":508,"column":6},"end":{"line":511,"column":9}},"161":{"start":{"line":513,"column":6},"end":{"line":513,"column":29}},"162":{"start":{"line":516,"column":4},"end":{"line":516,"column":16}},"163":{"start":{"line":520,"column":17},"end":{"line":520,"column":19}},"164":{"start":{"line":521,"column":22},"end":{"line":521,"column":41}},"165":{"start":{"line":523,"column":4},"end":{"line":537,"column":5}},"166":{"start":{"line":524,"column":23},"end":{"line":524,"column":44}},"167":{"start":{"line":525,"column":6},"end":{"line":525,"column":47}},"168":{"start":{"line":527,"column":20},"end":{"line":529,"column":8}},"169":{"start":{"line":531,"column":6},"end":{"line":534,"column":9}},"170":{"start":{"line":536,"column":6},"end":{"line":536,"column":29}},"171":{"start":{"line":539,"column":4},"end":{"line":539,"column":16}},"172":{"start":{"line":543,"column":17},"end":{"line":543,"column":19}},"173":{"start":{"line":544,"column":22},"end":{"line":544,"column":41}},"174":{"start":{"line":546,"column":4},"end":{"line":560,"column":5}},"175":{"start":{"line":547,"column":23},"end":{"line":547,"column":44}},"176":{"start":{"line":548,"column":6},"end":{"line":548,"column":47}},"177":{"start":{"line":550,"column":20},"end":{"line":552,"column":8}},"178":{"start":{"line":554,"column":6},"end":{"line":557,"column":9}},"179":{"start":{"line":559,"column":6},"end":{"line":559,"column":29}},"180":{"start":{"line":562,"column":4},"end":{"line":562,"column":16}},"181":{"start":{"line":566,"column":0},"end":{"line":566,"column":39}}},"fnMap":{"0":{"name":"(anonymous_0)","decl":{"start":{"line":10,"column":2},"end":{"line":10,"column":3}},"loc":{"start":{"line":10,"column":36},"end":{"line":92,"column":3}},"line":10},"1":{"name":"(anonymous_1)","decl":{"start":{"line":95,"column":2},"end":{"line":95,"column":3}},"loc":{"start":{"line":95,"column":30},"end":{"line":150,"column":3}},"line":95},"2":{"name":"(anonymous_2)","decl":{"start":{"line":153,"column":2},"end":{"line":153,"column":3}},"loc":{"start":{"line":153,"column":33},"end":{"line":197,"column":3}},"line":153},"3":{"name":"(anonymous_3)","decl":{"start":{"line":185,"column":45},"end":{"line":185,"column":46}},"loc":{"start":{"line":185,"column":57},"end":{"line":185,"column":77}},"line":185},"4":{"name":"(anonymous_4)","decl":{"start":{"line":186,"column":51},"end":{"line":186,"column":52}},"loc":{"start":{"line":186,"column":63},"end":{"line":186,"column":94}},"line":186},"5":{"name":"(anonymous_5)","decl":{"start":{"line":200,"column":2},"end":{"line":200,"column":3}},"loc":{"start":{"line":200,"column":29},"end":{"line":236,"column":3}},"line":200},"6":{"name":"(anonymous_6)","decl":{"start":{"line":239,"column":2},"end":{"line":239,"column":3}},"loc":{"start":{"line":239,"column":29},"end":{"line":273,"column":3}},"line":239},"7":{"name":"(anonymous_7)","decl":{"start":{"line":276,"column":2},"end":{"line":276,"column":3}},"loc":{"start":{"line":276,"column":32},"end":{"line":326,"column":3}},"line":276},"8":{"name":"(anonymous_8)","decl":{"start":{"line":329,"column":2},"end":{"line":329,"column":3}},"loc":{"start":{"line":329,"column":31},"end":{"line":356,"column":3}},"line":329},"9":{"name":"(anonymous_9)","decl":{"start":{"line":359,"column":2},"end":{"line":359,"column":3}},"loc":{"start":{"line":359,"column":37},"end":{"line":420,"column":3}},"line":359},"10":{"name":"(anonymous_10)","decl":{"start":{"line":423,"column":2},"end":{"line":423,"column":3}},"loc":{"start":{"line":423,"column":41},"end":{"line":461,"column":3}},"line":423},"11":{"name":"(anonymous_11)","decl":{"start":{"line":437,"column":38},"end":{"line":437,"column":39}},"loc":{"start":{"line":437,"column":47},"end":{"line":444,"column":7}},"line":437},"12":{"name":"(anonymous_12)","decl":{"start":{"line":464,"column":2},"end":{"line":464,"column":3}},"loc":{"start":{"line":464,"column":34},"end":{"line":488,"column":3}},"line":464},"13":{"name":"(anonymous_13)","decl":{"start":{"line":491,"column":2},"end":{"line":491,"column":3}},"loc":{"start":{"line":491,"column":32},"end":{"line":494,"column":3}},"line":491},"14":{"name":"(anonymous_14)","decl":{"start":{"line":496,"column":2},"end":{"line":496,"column":3}},"loc":{"start":{"line":496,"column":46},"end":{"line":517,"column":3}},"line":496},"15":{"name":"(anonymous_15)","decl":{"start":{"line":519,"column":2},"end":{"line":519,"column":3}},"loc":{"start":{"line":519,"column":50},"end":{"line":540,"column":3}},"line":519},"16":{"name":"(anonymous_16)","decl":{"start":{"line":542,"column":2},"end":{"line":542,"column":3}},"loc":{"start":{"line":542,"column":53},"end":{"line":563,"column":3}},"line":542}},"branchMap":{"0":{"loc":{"start":{"line":98,"column":8},"end":{"line":98,"column":16}},"type":"default-arg","locations":[{"start":{"line":98,"column":15},"end":{"line":98,"column":16}}],"line":98},"1":{"loc":{"start":{"line":99,"column":8},"end":{"line":99,"column":18}},"type":"default-arg","locations":[{"start":{"line":99,"column":16},"end":{"line":99,"column":18}}],"line":99},"2":{"loc":{"start":{"line":105,"column":8},"end":{"line":105,"column":28}},"type":"default-arg","locations":[{"start":{"line":105,"column":17},"end":{"line":105,"column":28}}],"line":105},"3":{"loc":{"start":{"line":106,"column":8},"end":{"line":106,"column":26}},"type":"default-arg","locations":[{"start":{"line":106,"column":20},"end":{"line":106,"column":26}}],"line":106},"4":{"loc":{"start":{"line":110,"column":6},"end":{"line":115,"column":7}},"type":"if","locations":[{"start":{"line":110,"column":6},"end":{"line":115,"column":7}},{"start":{},"end":{}}],"line":110},"5":{"loc":{"start":{"line":116,"column":6},"end":{"line":116,"column":34}},"type":"if","locations":[{"start":{"line":116,"column":6},"end":{"line":116,"column":34}},{"start":{},"end":{}}],"line":116},"6":{"loc":{"start":{"line":117,"column":6},"end":{"line":117,"column":62}},"type":"if","locations":[{"start":{"line":117,"column":6},"end":{"line":117,"column":62}},{"start":{},"end":{}}],"line":117},"7":{"loc":{"start":{"line":118,"column":6},"end":{"line":118,"column":71}},"type":"if","locations":[{"start":{"line":118,"column":6},"end":{"line":118,"column":71}},{"start":{},"end":{}}],"line":118},"8":{"loc":{"start":{"line":119,"column":6},"end":{"line":119,"column":77}},"type":"if","locations":[{"start":{"line":119,"column":6},"end":{"line":119,"column":77}},{"start":{},"end":{}}],"line":119},"9":{"loc":{"start":{"line":121,"column":31},"end":{"line":121,"column":60}},"type":"cond-expr","locations":[{"start":{"line":121,"column":54},"end":{"line":121,"column":56}},{"start":{"line":121,"column":59},"end":{"line":121,"column":60}}],"line":121},"10":{"loc":{"start":{"line":160,"column":6},"end":{"line":165,"column":7}},"type":"if","locations":[{"start":{"line":160,"column":6},"end":{"line":165,"column":7}},{"start":{},"end":{}}],"line":160},"11":{"loc":{"start":{"line":185,"column":64},"end":{"line":185,"column":76}},"type":"binary-expr","locations":[{"start":{"line":185,"column":64},"end":{"line":185,"column":71}},{"start":{"line":185,"column":75},"end":{"line":185,"column":76}}],"line":185},"12":{"loc":{"start":{"line":186,"column":70},"end":{"line":186,"column":93}},"type":"binary-expr","locations":[{"start":{"line":186,"column":70},"end":{"line":186,"column":88}},{"start":{"line":186,"column":92},"end":{"line":186,"column":93}}],"line":186},"13":{"loc":{"start":{"line":206,"column":6},"end":{"line":211,"column":7}},"type":"if","locations":[{"start":{"line":206,"column":6},"end":{"line":211,"column":7}},{"start":{},"end":{}}],"line":206},"14":{"loc":{"start":{"line":214,"column":6},"end":{"line":214,"column":33}},"type":"if","locations":[{"start":{"line":214,"column":6},"end":{"line":214,"column":33}},{"start":{},"end":{}}],"line":214},"15":{"loc":{"start":{"line":215,"column":6},"end":{"line":215,"column":69}},"type":"if","locations":[{"start":{"line":215,"column":6},"end":{"line":215,"column":69}},{"start":{},"end":{}}],"line":215},"16":{"loc":{"start":{"line":216,"column":6},"end":{"line":216,"column":59}},"type":"if","locations":[{"start":{"line":216,"column":6},"end":{"line":216,"column":59}},{"start":{},"end":{}}],"line":216},"17":{"loc":{"start":{"line":217,"column":6},"end":{"line":217,"column":65}},"type":"if","locations":[{"start":{"line":217,"column":6},"end":{"line":217,"column":65}},{"start":{},"end":{}}],"line":217},"18":{"loc":{"start":{"line":218,"column":6},"end":{"line":218,"column":41}},"type":"if","locations":[{"start":{"line":218,"column":6},"end":{"line":218,"column":41}},{"start":{},"end":{}}],"line":218},"19":{"loc":{"start":{"line":244,"column":6},"end":{"line":249,"column":7}},"type":"if","locations":[{"start":{"line":244,"column":6},"end":{"line":249,"column":7}},{"start":{},"end":{}}],"line":244},"20":{"loc":{"start":{"line":279,"column":8},"end":{"line":279,"column":16}},"type":"default-arg","locations":[{"start":{"line":279,"column":15},"end":{"line":279,"column":16}}],"line":279},"21":{"loc":{"start":{"line":280,"column":8},"end":{"line":280,"column":18}},"type":"default-arg","locations":[{"start":{"line":280,"column":16},"end":{"line":280,"column":18}}],"line":280},"22":{"loc":{"start":{"line":285,"column":8},"end":{"line":285,"column":28}},"type":"default-arg","locations":[{"start":{"line":285,"column":17},"end":{"line":285,"column":28}}],"line":285},"23":{"loc":{"start":{"line":286,"column":8},"end":{"line":286,"column":26}},"type":"default-arg","locations":[{"start":{"line":286,"column":20},"end":{"line":286,"column":26}}],"line":286},"24":{"loc":{"start":{"line":290,"column":6},"end":{"line":292,"column":7}},"type":"if","locations":[{"start":{"line":290,"column":6},"end":{"line":292,"column":7}},{"start":{},"end":{}}],"line":290},"25":{"loc":{"start":{"line":293,"column":6},"end":{"line":293,"column":46}},"type":"if","locations":[{"start":{"line":293,"column":6},"end":{"line":293,"column":46}},{"start":{},"end":{}}],"line":293},"26":{"loc":{"start":{"line":294,"column":6},"end":{"line":294,"column":71}},"type":"if","locations":[{"start":{"line":294,"column":6},"end":{"line":294,"column":71}},{"start":{},"end":{}}],"line":294},"27":{"loc":{"start":{"line":295,"column":6},"end":{"line":295,"column":72}},"type":"if","locations":[{"start":{"line":295,"column":6},"end":{"line":295,"column":72}},{"start":{},"end":{}}],"line":295},"28":{"loc":{"start":{"line":297,"column":31},"end":{"line":297,"column":60}},"type":"cond-expr","locations":[{"start":{"line":297,"column":54},"end":{"line":297,"column":56}},{"start":{"line":297,"column":59},"end":{"line":297,"column":60}}],"line":297},"29":{"loc":{"start":{"line":334,"column":6},"end":{"line":339,"column":7}},"type":"if","locations":[{"start":{"line":334,"column":6},"end":{"line":339,"column":7}},{"start":{},"end":{}}],"line":334},"30":{"loc":{"start":{"line":361,"column":14},"end":{"line":361,"column":29}},"type":"default-arg","locations":[{"start":{"line":361,"column":23},"end":{"line":361,"column":29}}],"line":361},"31":{"loc":{"start":{"line":366,"column":6},"end":{"line":381,"column":7}},"type":"switch","locations":[{"start":{"line":367,"column":8},"end":{"line":369,"column":16}},{"start":{"line":370,"column":8},"end":{"line":372,"column":16}},{"start":{"line":373,"column":8},"end":{"line":375,"column":16}},{"start":{"line":376,"column":8},"end":{"line":378,"column":16}},{"start":{"line":379,"column":8},"end":{"line":380,"column":63}}],"line":366},"32":{"loc":{"start":{"line":406,"column":22},"end":{"line":406,"column":46}},"type":"binary-expr","locations":[{"start":{"line":406,"column":22},"end":{"line":406,"column":41}},{"start":{"line":406,"column":45},"end":{"line":406,"column":46}}],"line":406},"33":{"loc":{"start":{"line":425,"column":36},"end":{"line":425,"column":55}},"type":"default-arg","locations":[{"start":{"line":425,"column":50},"end":{"line":425,"column":55}}],"line":425},"34":{"loc":{"start":{"line":425,"column":57},"end":{"line":425,"column":76}},"type":"default-arg","locations":[{"start":{"line":425,"column":68},"end":{"line":425,"column":76}}],"line":425},"35":{"loc":{"start":{"line":428,"column":6},"end":{"line":432,"column":7}},"type":"if","locations":[{"start":{"line":428,"column":6},"end":{"line":432,"column":7}},{"start":{"line":430,"column":13},"end":{"line":432,"column":7}}],"line":428},"36":{"loc":{"start":{"line":430,"column":13},"end":{"line":432,"column":7}},"type":"if","locations":[{"start":{"line":430,"column":13},"end":{"line":432,"column":7}},{"start":{},"end":{}}],"line":430},"37":{"loc":{"start":{"line":466,"column":14},"end":{"line":466,"column":22}},"type":"default-arg","locations":[{"start":{"line":466,"column":21},"end":{"line":466,"column":22}}],"line":466},"38":{"loc":{"start":{"line":466,"column":24},"end":{"line":466,"column":34}},"type":"default-arg","locations":[{"start":{"line":466,"column":32},"end":{"line":466,"column":34}}],"line":466}},"s":{"0":0,"1":0,"2":0,"3":0,"4":0,"5":0,"6":0,"7":0,"8":0,"9":0,"10":0,"11":0,"12":0,"13":0,"14":0,"15":0,"16":0,"17":0,"18":0,"19":0,"20":0,"21":0,"22":0,"23":0,"24":0,"25":0,"26":0,"27":0,"28":0,"29":0,"30":0,"31":0,"32":0,"33":0,"34":0,"35":0,"36":0,"37":0,"38":0,"39":0,"40":0,"41":0,"42":0,"43":0,"44":0,"45":0,"46":0,"47":0,"48":0,"49":0,"50":0,"51":0,"52":0,"53":0,"54":0,"55":0,"56":0,"57":0,"58":0,"59":0,"60":0,"61":0,"62":0,"63":0,"64":0,"65":0,"66":0,"67":0,"68":0,"69":0,"70":0,"71":0,"72":0,"73":0,"74":0,"75":0,"76":0,"77":0,"78":0,"79":0,"80":0,"81":0,"82":0,"83":0,"84":0,"85":0,"86":0,"87":0,"88":0,"89":0,"90":0,"91":0,"92":0,"93":0,"94":0,"95":0,"96":0,"97":0,"98":0,"99":0,"100":0,"101":0,"102":0,"103":0,"104":0,"105":0,"106":0,"107":0,"108":0,"109":0,"110":0,"111":0,"112":0,"113":0,"114":0,"115":0,"116":0,"117":0,"118":0,"119":0,"120":0,"121":0,"122":0,"123":0,"124":0,"125":0,"126":0,"127":0,"128":0,"129":0,"130":0,"131":0,"132":0,"133":0,"134":0,"135":0,"136":0,"137":0,"138":0,"139":0,"140":0,"141":0,"142":0,"143":0,"144":0,"145":0,"146":0,"147":0,"148":0,"149":0,"150":0,"151":0,"152":0,"153":0,"154":0,"155":0,"156":0,"157":0,"158":0,"159":0,"160":0,"161":0,"162":0,"163":0,"164":0,"165":0,"166":0,"167":0,"168":0,"169":0,"170":0,"171":0,"172":0,"173":0,"174":0,"175":0,"176":0,"177":0,"178":0,"179":0,"180":0,"181":0},"f":{"0":0,"1":0,"2":0,"3":0,"4":0,"5":0,"6":0,"7":0,"8":0,"9":0,"10":0,"11":0,"12":0,"13":0,"14":0,"15":0,"16":0},"b":{"0":[0],"1":[0],"2":[0],"3":[0],"4":[0,0],"5":[0,0],"6":[0,0],"7":[0,0],"8":[0,0],"9":[0,0],"10":[0,0],"11":[0,0],"12":[0,0],"13":[0,0],"14":[0,0],"15":[0,0],"16":[0,0],"17":[0,0],"18":[0,0],"19":[0,0],"20":[0],"21":[0],"22":[0],"23":[0],"24":[0,0],"25":[0,0],"26":[0,0],"27":[0,0],"28":[0,0],"29":[0,0],"30":[0],"31":[0,0,0,0,0],"32":[0,0],"33":[0],"34":[0],"35":[0,0],"36":[0,0],"37":[0],"38":[0]}}
,"E:\\Alpha\\backend\\src\\controllers\\aiController.js": {"path":"E:\\Alpha\\backend\\src\\controllers\\aiController.js","statementMap":{"0":{"start":{"line":1,"column":18},"end":{"line":1,"column":50}},"1":{"start":{"line":2,"column":15},"end":{"line":2,"column":42}},"2":{"start":{"line":3,"column":15},"end":{"line":3,"column":41}},"3":{"start":{"line":8,"column":4},"end":{"line":32,"column":5}},"4":{"start":{"line":9,"column":57},"end":{"line":9,"column":65}},"5":{"start":{"line":11,"column":22},"end":{"line":16,"column":8}},"6":{"start":{"line":18,"column":6},"end":{"line":24,"column":9}},"7":{"start":{"line":26,"column":6},"end":{"line":26,"column":53}},"8":{"start":{"line":27,"column":6},"end":{"line":31,"column":9}},"9":{"start":{"line":37,"column":4},"end":{"line":67,"column":5}},"10":{"start":{"line":38,"column":45},"end":{"line":38,"column":53}},"11":{"start":{"line":40,"column":6},"end":{"line":45,"column":7}},"12":{"start":{"line":41,"column":8},"end":{"line":44,"column":11}},"13":{"start":{"line":47,"column":23},"end":{"line":50,"column":8}},"14":{"start":{"line":52,"column":6},"end":{"line":59,"column":9}},"15":{"start":{"line":61,"column":6},"end":{"line":61,"column":56}},"16":{"start":{"line":62,"column":6},"end":{"line":66,"column":9}},"17":{"start":{"line":72,"column":4},"end":{"line":102,"column":5}},"18":{"start":{"line":73,"column":59},"end":{"line":73,"column":67}},"19":{"start":{"line":75,"column":6},"end":{"line":80,"column":7}},"20":{"start":{"line":76,"column":8},"end":{"line":79,"column":11}},"21":{"start":{"line":82,"column":21},"end":{"line":86,"column":7}},"22":{"start":{"line":88,"column":6},"end":{"line":94,"column":9}},"23":{"start":{"line":96,"column":6},"end":{"line":96,"column":51}},"24":{"start":{"line":97,"column":6},"end":{"line":101,"column":9}},"25":{"start":{"line":107,"column":4},"end":{"line":150,"column":5}},"26":{"start":{"line":108,"column":43},"end":{"line":108,"column":51}},"27":{"start":{"line":111,"column":21},"end":{"line":111,"column":52}},"28":{"start":{"line":112,"column":6},"end":{"line":117,"column":7}},"29":{"start":{"line":113,"column":8},"end":{"line":116,"column":11}},"30":{"start":{"line":120,"column":6},"end":{"line":125,"column":7}},"31":{"start":{"line":121,"column":8},"end":{"line":124,"column":11}},"32":{"start":{"line":128,"column":23},"end":{"line":128,"column":73}},"33":{"start":{"line":131,"column":6},"end":{"line":131,"column":39}},"34":{"start":{"line":132,"column":6},"end":{"line":136,"column":10}},"35":{"start":{"line":132,"column":55},"end":{"line":136,"column":7}},"36":{"start":{"line":137,"column":6},"end":{"line":137,"column":26}},"37":{"start":{"line":139,"column":6},"end":{"line":142,"column":9}},"38":{"start":{"line":144,"column":6},"end":{"line":144,"column":49}},"39":{"start":{"line":145,"column":6},"end":{"line":149,"column":9}},"40":{"start":{"line":155,"column":4},"end":{"line":196,"column":5}},"41":{"start":{"line":156,"column":43},"end":{"line":156,"column":51}},"42":{"start":{"line":158,"column":6},"end":{"line":163,"column":7}},"43":{"start":{"line":159,"column":8},"end":{"line":162,"column":11}},"44":{"start":{"line":166,"column":21},"end":{"line":166,"column":52}},"45":{"start":{"line":167,"column":6},"end":{"line":172,"column":7}},"46":{"start":{"line":168,"column":8},"end":{"line":171,"column":11}},"47":{"start":{"line":175,"column":6},"end":{"line":180,"column":7}},"48":{"start":{"line":176,"column":8},"end":{"line":179,"column":11}},"49":{"start":{"line":183,"column":27},"end":{"line":183,"column":81}},"50":{"start":{"line":185,"column":6},"end":{"line":188,"column":9}},"51":{"start":{"line":190,"column":6},"end":{"line":190,"column":53}},"52":{"start":{"line":191,"column":6},"end":{"line":195,"column":9}},"53":{"start":{"line":201,"column":4},"end":{"line":238,"column":5}},"54":{"start":{"line":202,"column":27},"end":{"line":202,"column":35}},"55":{"start":{"line":205,"column":21},"end":{"line":205,"column":52}},"56":{"start":{"line":206,"column":6},"end":{"line":211,"column":7}},"57":{"start":{"line":207,"column":8},"end":{"line":210,"column":11}},"58":{"start":{"line":214,"column":6},"end":{"line":219,"column":7}},"59":{"start":{"line":215,"column":8},"end":{"line":218,"column":11}},"60":{"start":{"line":222,"column":24},"end":{"line":222,"column":74}},"61":{"start":{"line":224,"column":6},"end":{"line":230,"column":9}},"62":{"start":{"line":232,"column":6},"end":{"line":232,"column":65}},"63":{"start":{"line":233,"column":6},"end":{"line":237,"column":9}},"64":{"start":{"line":243,"column":4},"end":{"line":275,"column":5}},"65":{"start":{"line":244,"column":37},"end":{"line":244,"column":45}},"66":{"start":{"line":246,"column":6},"end":{"line":251,"column":7}},"67":{"start":{"line":247,"column":8},"end":{"line":250,"column":11}},"68":{"start":{"line":253,"column":22},"end":{"line":262,"column":7}},"69":{"start":{"line":255,"column":27},"end":{"line":255,"column":77}},"70":{"start":{"line":256,"column":10},"end":{"line":260,"column":12}},"71":{"start":{"line":264,"column":6},"end":{"line":267,"column":9}},"72":{"start":{"line":269,"column":6},"end":{"line":269,"column":50}},"73":{"start":{"line":270,"column":6},"end":{"line":274,"column":9}},"74":{"start":{"line":280,"column":4},"end":{"line":306,"column":5}},"75":{"start":{"line":282,"column":20},"end":{"line":294,"column":7}},"76":{"start":{"line":296,"column":6},"end":{"line":299,"column":9}},"77":{"start":{"line":301,"column":6},"end":{"line":301,"column":52}},"78":{"start":{"line":302,"column":6},"end":{"line":305,"column":9}},"79":{"start":{"line":310,"column":0},"end":{"line":310,"column":36}}},"fnMap":{"0":{"name":"(anonymous_0)","decl":{"start":{"line":7,"column":2},"end":{"line":7,"column":3}},"loc":{"start":{"line":7,"column":34},"end":{"line":33,"column":3}},"line":7},"1":{"name":"(anonymous_1)","decl":{"start":{"line":36,"column":2},"end":{"line":36,"column":3}},"loc":{"start":{"line":36,"column":37},"end":{"line":68,"column":3}},"line":36},"2":{"name":"(anonymous_2)","decl":{"start":{"line":71,"column":2},"end":{"line":71,"column":3}},"loc":{"start":{"line":71,"column":32},"end":{"line":103,"column":3}},"line":71},"3":{"name":"(anonymous_3)","decl":{"start":{"line":106,"column":2},"end":{"line":106,"column":3}},"loc":{"start":{"line":106,"column":29},"end":{"line":151,"column":3}},"line":106},"4":{"name":"(anonymous_4)","decl":{"start":{"line":132,"column":49},"end":{"line":132,"column":50}},"loc":{"start":{"line":132,"column":55},"end":{"line":136,"column":7}},"line":132},"5":{"name":"(anonymous_5)","decl":{"start":{"line":154,"column":2},"end":{"line":154,"column":3}},"loc":{"start":{"line":154,"column":33},"end":{"line":197,"column":3}},"line":154},"6":{"name":"(anonymous_6)","decl":{"start":{"line":200,"column":2},"end":{"line":200,"column":3}},"loc":{"start":{"line":200,"column":45},"end":{"line":239,"column":3}},"line":200},"7":{"name":"(anonymous_7)","decl":{"start":{"line":242,"column":2},"end":{"line":242,"column":3}},"loc":{"start":{"line":242,"column":31},"end":{"line":276,"column":3}},"line":242},"8":{"name":"(anonymous_8)","decl":{"start":{"line":254,"column":25},"end":{"line":254,"column":26}},"loc":{"start":{"line":254,"column":48},"end":{"line":261,"column":9}},"line":254},"9":{"name":"(anonymous_9)","decl":{"start":{"line":279,"column":2},"end":{"line":279,"column":3}},"loc":{"start":{"line":279,"column":32},"end":{"line":307,"column":3}},"line":279}},"branchMap":{"0":{"loc":{"start":{"line":40,"column":6},"end":{"line":45,"column":7}},"type":"if","locations":[{"start":{"line":40,"column":6},"end":{"line":45,"column":7}},{"start":{},"end":{}}],"line":40},"1":{"loc":{"start":{"line":40,"column":10},"end":{"line":40,"column":57}},"type":"binary-expr","locations":[{"start":{"line":40,"column":10},"end":{"line":40,"column":22}},{"start":{"line":40,"column":26},"end":{"line":40,"column":57}}],"line":40},"2":{"loc":{"start":{"line":48,"column":14},"end":{"line":48,"column":39}},"type":"binary-expr","locations":[{"start":{"line":48,"column":14},"end":{"line":48,"column":18}},{"start":{"line":48,"column":22},"end":{"line":48,"column":39}}],"line":48},"3":{"loc":{"start":{"line":57,"column":16},"end":{"line":57,"column":41}},"type":"binary-expr","locations":[{"start":{"line":57,"column":16},"end":{"line":57,"column":20}},{"start":{"line":57,"column":24},"end":{"line":57,"column":41}}],"line":57},"4":{"loc":{"start":{"line":75,"column":6},"end":{"line":80,"column":7}},"type":"if","locations":[{"start":{"line":75,"column":6},"end":{"line":80,"column":7}},{"start":{},"end":{}}],"line":75},"5":{"loc":{"start":{"line":84,"column":8},"end":{"line":84,"column":34}},"type":"binary-expr","locations":[{"start":{"line":84,"column":8},"end":{"line":84,"column":23}},{"start":{"line":84,"column":27},"end":{"line":84,"column":34}}],"line":84},"6":{"loc":{"start":{"line":85,"column":8},"end":{"line":85,"column":27}},"type":"binary-expr","locations":[{"start":{"line":85,"column":8},"end":{"line":85,"column":21}},{"start":{"line":85,"column":25},"end":{"line":85,"column":27}}],"line":85},"7":{"loc":{"start":{"line":112,"column":6},"end":{"line":117,"column":7}},"type":"if","locations":[{"start":{"line":112,"column":6},"end":{"line":117,"column":7}},{"start":{},"end":{}}],"line":112},"8":{"loc":{"start":{"line":120,"column":6},"end":{"line":125,"column":7}},"type":"if","locations":[{"start":{"line":120,"column":6},"end":{"line":125,"column":7}},{"start":{},"end":{}}],"line":120},"9":{"loc":{"start":{"line":158,"column":6},"end":{"line":163,"column":7}},"type":"if","locations":[{"start":{"line":158,"column":6},"end":{"line":163,"column":7}},{"start":{},"end":{}}],"line":158},"10":{"loc":{"start":{"line":167,"column":6},"end":{"line":172,"column":7}},"type":"if","locations":[{"start":{"line":167,"column":6},"end":{"line":172,"column":7}},{"start":{},"end":{}}],"line":167},"11":{"loc":{"start":{"line":175,"column":6},"end":{"line":180,"column":7}},"type":"if","locations":[{"start":{"line":175,"column":6},"end":{"line":180,"column":7}},{"start":{},"end":{}}],"line":175},"12":{"loc":{"start":{"line":206,"column":6},"end":{"line":211,"column":7}},"type":"if","locations":[{"start":{"line":206,"column":6},"end":{"line":211,"column":7}},{"start":{},"end":{}}],"line":206},"13":{"loc":{"start":{"line":214,"column":6},"end":{"line":219,"column":7}},"type":"if","locations":[{"start":{"line":214,"column":6},"end":{"line":219,"column":7}},{"start":{},"end":{}}],"line":214},"14":{"loc":{"start":{"line":246,"column":6},"end":{"line":251,"column":7}},"type":"if","locations":[{"start":{"line":246,"column":6},"end":{"line":251,"column":7}},{"start":{},"end":{}}],"line":246},"15":{"loc":{"start":{"line":246,"column":10},"end":{"line":246,"column":55}},"type":"binary-expr","locations":[{"start":{"line":246,"column":10},"end":{"line":246,"column":23}},{"start":{"line":246,"column":27},"end":{"line":246,"column":55}}],"line":246}},"s":{"0":0,"1":0,"2":0,"3":0,"4":0,"5":0,"6":0,"7":0,"8":0,"9":0,"10":0,"11":0,"12":0,"13":0,"14":0,"15":0,"16":0,"17":0,"18":0,"19":0,"20":0,"21":0,"22":0,"23":0,"24":0,"25":0,"26":0,"27":0,"28":0,"29":0,"30":0,"31":0,"32":0,"33":0,"34":0,"35":0,"36":0,"37":0,"38":0,"39":0,"40":0,"41":0,"42":0,"43":0,"44":0,"45":0,"46":0,"47":0,"48":0,"49":0,"50":0,"51":0,"52":0,"53":0,"54":0,"55":0,"56":0,"57":0,"58":0,"59":0,"60":0,"61":0,"62":0,"63":0,"64":0,"65":0,"66":0,"67":0,"68":0,"69":0,"70":0,"71":0,"72":0,"73":0,"74":0,"75":0,"76":0,"77":0,"78":0,"79":0},"f":{"0":0,"1":0,"2":0,"3":0,"4":0,"5":0,"6":0,"7":0,"8":0,"9":0},"b":{"0":[0,0],"1":[0,0],"2":[0,0],"3":[0,0],"4":[0,0],"5":[0,0],"6":[0,0],"7":[0,0],"8":[0,0],"9":[0,0],"10":[0,0],"11":[0,0],"12":[0,0],"13":[0,0],"14":[0,0],"15":[0,0]}}
,"E:\\Alpha\\backend\\src\\controllers\\authController.js": {"path":"E:\\Alpha\\backend\\src\\controllers\\authController.js","statementMap":{"0":{"start":{"line":1,"column":13},"end":{"line":1,"column":38}},"1":{"start":{"line":2,"column":21},"end":{"line":2,"column":56}},"2":{"start":{"line":3,"column":21},"end":{"line":3,"column":56}},"3":{"start":{"line":4,"column":15},"end":{"line":4,"column":41}},"4":{"start":{"line":9,"column":4},"end":{"line":70,"column":5}},"5":{"start":{"line":10,"column":40},"end":{"line":10,"column":48}},"6":{"start":{"line":13,"column":27},"end":{"line":13,"column":56}},"7":{"start":{"line":14,"column":6},"end":{"line":19,"column":7}},"8":{"start":{"line":15,"column":8},"end":{"line":18,"column":11}},"9":{"start":{"line":22,"column":19},"end":{"line":27,"column":8}},"10":{"start":{"line":30,"column":32},"end":{"line":30,"column":69}},"11":{"start":{"line":31,"column":6},"end":{"line":31,"column":24}},"12":{"start":{"line":34,"column":6},"end":{"line":36,"column":9}},"13":{"start":{"line":35,"column":8},"end":{"line":35,"column":64}},"14":{"start":{"line":39,"column":26},"end":{"line":39,"column":68}},"15":{"start":{"line":40,"column":27},"end":{"line":40,"column":70}},"16":{"start":{"line":43,"column":6},"end":{"line":43,"column":82}},"17":{"start":{"line":46,"column":6},"end":{"line":46,"column":74}},"18":{"start":{"line":49,"column":23},"end":{"line":49,"column":38}},"19":{"start":{"line":50,"column":6},"end":{"line":50,"column":31}},"20":{"start":{"line":52,"column":6},"end":{"line":52,"column":51}},"21":{"start":{"line":54,"column":6},"end":{"line":62,"column":9}},"22":{"start":{"line":64,"column":6},"end":{"line":64,"column":49}},"23":{"start":{"line":65,"column":6},"end":{"line":69,"column":9}},"24":{"start":{"line":75,"column":4},"end":{"line":152,"column":5}},"25":{"start":{"line":76,"column":34},"end":{"line":76,"column":42}},"26":{"start":{"line":79,"column":19},"end":{"line":79,"column":68}},"27":{"start":{"line":80,"column":6},"end":{"line":86,"column":7}},"28":{"start":{"line":81,"column":8},"end":{"line":81,"column":53}},"29":{"start":{"line":82,"column":8},"end":{"line":85,"column":11}},"30":{"start":{"line":89,"column":6},"end":{"line":94,"column":7}},"31":{"start":{"line":90,"column":8},"end":{"line":93,"column":11}},"32":{"start":{"line":97,"column":30},"end":{"line":97,"column":66}},"33":{"start":{"line":98,"column":6},"end":{"line":104,"column":7}},"34":{"start":{"line":99,"column":8},"end":{"line":99,"column":53}},"35":{"start":{"line":100,"column":8},"end":{"line":103,"column":11}},"36":{"start":{"line":107,"column":6},"end":{"line":117,"column":7}},"37":{"start":{"line":109,"column":34},"end":{"line":109,"column":71}},"38":{"start":{"line":110,"column":8},"end":{"line":110,"column":26}},"39":{"start":{"line":111,"column":8},"end":{"line":111,"column":74}},"40":{"start":{"line":113,"column":8},"end":{"line":116,"column":11}},"41":{"start":{"line":120,"column":26},"end":{"line":120,"column":68}},"42":{"start":{"line":121,"column":27},"end":{"line":121,"column":70}},"43":{"start":{"line":124,"column":6},"end":{"line":124,"column":82}},"44":{"start":{"line":127,"column":6},"end":{"line":127,"column":39}},"45":{"start":{"line":128,"column":6},"end":{"line":128,"column":74}},"46":{"start":{"line":131,"column":23},"end":{"line":131,"column":38}},"47":{"start":{"line":132,"column":6},"end":{"line":132,"column":31}},"48":{"start":{"line":134,"column":6},"end":{"line":134,"column":46}},"49":{"start":{"line":136,"column":6},"end":{"line":144,"column":9}},"50":{"start":{"line":146,"column":6},"end":{"line":146,"column":42}},"51":{"start":{"line":147,"column":6},"end":{"line":151,"column":9}},"52":{"start":{"line":157,"column":4},"end":{"line":164,"column":5}},"53":{"start":{"line":158,"column":19},"end":{"line":158,"column":48}},"54":{"start":{"line":159,"column":6},"end":{"line":161,"column":7}},"55":{"start":{"line":160,"column":8},"end":{"line":160,"column":77}},"56":{"start":{"line":163,"column":6},"end":{"line":163,"column":58}},"57":{"start":{"line":169,"column":4},"end":{"line":213,"column":5}},"58":{"start":{"line":170,"column":24},"end":{"line":170,"column":34}},"59":{"start":{"line":173,"column":26},"end":{"line":176,"column":22}},"60":{"start":{"line":179,"column":19},"end":{"line":182,"column":8}},"61":{"start":{"line":184,"column":6},"end":{"line":189,"column":7}},"62":{"start":{"line":185,"column":8},"end":{"line":188,"column":11}},"63":{"start":{"line":192,"column":6},"end":{"line":192,"column":29}},"64":{"start":{"line":193,"column":6},"end":{"line":193,"column":46}},"65":{"start":{"line":194,"column":6},"end":{"line":194,"column":48}},"66":{"start":{"line":195,"column":6},"end":{"line":195,"column":24}},"67":{"start":{"line":198,"column":6},"end":{"line":198,"column":48}},"68":{"start":{"line":200,"column":6},"end":{"line":200,"column":60}},"69":{"start":{"line":202,"column":6},"end":{"line":205,"column":9}},"70":{"start":{"line":207,"column":6},"end":{"line":207,"column":55}},"71":{"start":{"line":208,"column":6},"end":{"line":212,"column":9}},"72":{"start":{"line":218,"column":4},"end":{"line":253,"column":5}},"73":{"start":{"line":219,"column":24},"end":{"line":219,"column":32}},"74":{"start":{"line":221,"column":19},"end":{"line":221,"column":48}},"75":{"start":{"line":222,"column":6},"end":{"line":227,"column":7}},"76":{"start":{"line":223,"column":8},"end":{"line":226,"column":11}},"77":{"start":{"line":229,"column":6},"end":{"line":234,"column":7}},"78":{"start":{"line":230,"column":8},"end":{"line":233,"column":11}},"79":{"start":{"line":237,"column":32},"end":{"line":237,"column":69}},"80":{"start":{"line":238,"column":6},"end":{"line":238,"column":24}},"81":{"start":{"line":241,"column":6},"end":{"line":241,"column":72}},"82":{"start":{"line":243,"column":6},"end":{"line":246,"column":9}},"83":{"start":{"line":248,"column":6},"end":{"line":248,"column":56}},"84":{"start":{"line":249,"column":6},"end":{"line":252,"column":9}},"85":{"start":{"line":258,"column":4},"end":{"line":287,"column":5}},"86":{"start":{"line":259,"column":24},"end":{"line":259,"column":32}},"87":{"start":{"line":261,"column":19},"end":{"line":261,"column":48}},"88":{"start":{"line":262,"column":6},"end":{"line":268,"column":7}},"89":{"start":{"line":264,"column":8},"end":{"line":267,"column":11}},"90":{"start":{"line":271,"column":25},"end":{"line":271,"column":58}},"91":{"start":{"line":272,"column":6},"end":{"line":272,"column":24}},"92":{"start":{"line":275,"column":6},"end":{"line":275,"column":66}},"93":{"start":{"line":277,"column":6},"end":{"line":280,"column":9}},"94":{"start":{"line":282,"column":6},"end":{"line":282,"column":52}},"95":{"start":{"line":283,"column":6},"end":{"line":286,"column":9}},"96":{"start":{"line":292,"column":4},"end":{"line":337,"column":5}},"97":{"start":{"line":293,"column":24},"end":{"line":293,"column":34}},"98":{"start":{"line":294,"column":27},"end":{"line":294,"column":35}},"99":{"start":{"line":297,"column":26},"end":{"line":300,"column":22}},"100":{"start":{"line":303,"column":19},"end":{"line":306,"column":8}},"101":{"start":{"line":308,"column":6},"end":{"line":313,"column":7}},"102":{"start":{"line":309,"column":8},"end":{"line":312,"column":11}},"103":{"start":{"line":316,"column":6},"end":{"line":316,"column":31}},"104":{"start":{"line":317,"column":6},"end":{"line":317,"column":42}},"105":{"start":{"line":318,"column":6},"end":{"line":318,"column":44}},"106":{"start":{"line":319,"column":6},"end":{"line":319,"column":24}},"107":{"start":{"line":322,"column":6},"end":{"line":322,"column":30}},"108":{"start":{"line":323,"column":6},"end":{"line":323,"column":24}},"109":{"start":{"line":325,"column":6},"end":{"line":325,"column":60}},"110":{"start":{"line":327,"column":6},"end":{"line":330,"column":9}},"111":{"start":{"line":332,"column":6},"end":{"line":332,"column":51}},"112":{"start":{"line":333,"column":6},"end":{"line":336,"column":9}},"113":{"start":{"line":342,"column":4},"end":{"line":395,"column":5}},"114":{"start":{"line":343,"column":31},"end":{"line":343,"column":39}},"115":{"start":{"line":345,"column":6},"end":{"line":350,"column":7}},"116":{"start":{"line":346,"column":8},"end":{"line":349,"column":11}},"117":{"start":{"line":353,"column":22},"end":{"line":353,"column":67}},"118":{"start":{"line":356,"column":26},"end":{"line":359,"column":22}},"119":{"start":{"line":361,"column":19},"end":{"line":365,"column":8}},"120":{"start":{"line":367,"column":6},"end":{"line":372,"column":7}},"121":{"start":{"line":368,"column":8},"end":{"line":371,"column":11}},"122":{"start":{"line":375,"column":29},"end":{"line":375,"column":71}},"123":{"start":{"line":376,"column":30},"end":{"line":376,"column":73}},"124":{"start":{"line":379,"column":6},"end":{"line":379,"column":50}},"125":{"start":{"line":380,"column":6},"end":{"line":380,"column":85}},"126":{"start":{"line":382,"column":6},"end":{"line":388,"column":9}},"127":{"start":{"line":390,"column":6},"end":{"line":390,"column":50}},"128":{"start":{"line":391,"column":6},"end":{"line":394,"column":9}},"129":{"start":{"line":400,"column":4},"end":{"line":417,"column":5}},"130":{"start":{"line":401,"column":31},"end":{"line":401,"column":39}},"131":{"start":{"line":403,"column":6},"end":{"line":405,"column":7}},"132":{"start":{"line":404,"column":8},"end":{"line":404,"column":56}},"133":{"start":{"line":407,"column":6},"end":{"line":410,"column":9}},"134":{"start":{"line":412,"column":6},"end":{"line":412,"column":43}},"135":{"start":{"line":413,"column":6},"end":{"line":416,"column":9}},"136":{"start":{"line":422,"column":4},"end":{"line":436,"column":5}},"137":{"start":{"line":423,"column":6},"end":{"line":423,"column":34}},"138":{"start":{"line":424,"column":6},"end":{"line":424,"column":28}},"139":{"start":{"line":426,"column":6},"end":{"line":429,"column":9}},"140":{"start":{"line":431,"column":6},"end":{"line":431,"column":47}},"141":{"start":{"line":432,"column":6},"end":{"line":435,"column":9}},"142":{"start":{"line":441,"column":4},"end":{"line":455,"column":5}},"143":{"start":{"line":442,"column":19},"end":{"line":443,"column":87}},"144":{"start":{"line":445,"column":6},"end":{"line":448,"column":9}},"145":{"start":{"line":450,"column":6},"end":{"line":450,"column":45}},"146":{"start":{"line":451,"column":6},"end":{"line":454,"column":9}},"147":{"start":{"line":460,"column":4},"end":{"line":493,"column":5}},"148":{"start":{"line":461,"column":47},"end":{"line":461,"column":55}},"149":{"start":{"line":464,"column":19},"end":{"line":464,"column":72}},"150":{"start":{"line":467,"column":30},"end":{"line":467,"column":73}},"151":{"start":{"line":468,"column":6},"end":{"line":473,"column":7}},"152":{"start":{"line":469,"column":8},"end":{"line":472,"column":11}},"153":{"start":{"line":476,"column":6},"end":{"line":476,"column":34}},"154":{"start":{"line":477,"column":6},"end":{"line":477,"column":24}},"155":{"start":{"line":480,"column":6},"end":{"line":480,"column":30}},"156":{"start":{"line":481,"column":6},"end":{"line":481,"column":24}},"157":{"start":{"line":483,"column":6},"end":{"line":486,"column":9}},"158":{"start":{"line":488,"column":6},"end":{"line":488,"column":52}},"159":{"start":{"line":489,"column":6},"end":{"line":492,"column":9}},"160":{"start":{"line":498,"column":4},"end":{"line":511,"column":5}},"161":{"start":{"line":499,"column":19},"end":{"line":499,"column":75}},"162":{"start":{"line":501,"column":6},"end":{"line":504,"column":9}},"163":{"start":{"line":506,"column":6},"end":{"line":506,"column":54}},"164":{"start":{"line":507,"column":6},"end":{"line":510,"column":9}},"165":{"start":{"line":515,"column":0},"end":{"line":515,"column":38}}},"fnMap":{"0":{"name":"(anonymous_0)","decl":{"start":{"line":8,"column":2},"end":{"line":8,"column":3}},"loc":{"start":{"line":8,"column":27},"end":{"line":71,"column":3}},"line":8},"1":{"name":"(anonymous_1)","decl":{"start":{"line":34,"column":72},"end":{"line":34,"column":73}},"loc":{"start":{"line":34,"column":79},"end":{"line":36,"column":7}},"line":34},"2":{"name":"(anonymous_2)","decl":{"start":{"line":74,"column":2},"end":{"line":74,"column":3}},"loc":{"start":{"line":74,"column":24},"end":{"line":153,"column":3}},"line":74},"3":{"name":"(anonymous_3)","decl":{"start":{"line":156,"column":2},"end":{"line":156,"column":3}},"loc":{"start":{"line":156,"column":42},"end":{"line":165,"column":3}},"line":156},"4":{"name":"(anonymous_4)","decl":{"start":{"line":168,"column":2},"end":{"line":168,"column":3}},"loc":{"start":{"line":168,"column":30},"end":{"line":214,"column":3}},"line":168},"5":{"name":"(anonymous_5)","decl":{"start":{"line":217,"column":2},"end":{"line":217,"column":3}},"loc":{"start":{"line":217,"column":42},"end":{"line":254,"column":3}},"line":217},"6":{"name":"(anonymous_6)","decl":{"start":{"line":257,"column":2},"end":{"line":257,"column":3}},"loc":{"start":{"line":257,"column":33},"end":{"line":288,"column":3}},"line":257},"7":{"name":"(anonymous_7)","decl":{"start":{"line":291,"column":2},"end":{"line":291,"column":3}},"loc":{"start":{"line":291,"column":32},"end":{"line":338,"column":3}},"line":291},"8":{"name":"(anonymous_8)","decl":{"start":{"line":341,"column":2},"end":{"line":341,"column":3}},"loc":{"start":{"line":341,"column":31},"end":{"line":396,"column":3}},"line":341},"9":{"name":"(anonymous_9)","decl":{"start":{"line":399,"column":2},"end":{"line":399,"column":3}},"loc":{"start":{"line":399,"column":25},"end":{"line":418,"column":3}},"line":399},"10":{"name":"(anonymous_10)","decl":{"start":{"line":421,"column":2},"end":{"line":421,"column":3}},"loc":{"start":{"line":421,"column":28},"end":{"line":437,"column":3}},"line":421},"11":{"name":"(anonymous_11)","decl":{"start":{"line":440,"column":2},"end":{"line":440,"column":3}},"loc":{"start":{"line":440,"column":24},"end":{"line":456,"column":3}},"line":440},"12":{"name":"(anonymous_12)","decl":{"start":{"line":459,"column":2},"end":{"line":459,"column":3}},"loc":{"start":{"line":459,"column":33},"end":{"line":494,"column":3}},"line":459},"13":{"name":"(anonymous_13)","decl":{"start":{"line":497,"column":2},"end":{"line":497,"column":3}},"loc":{"start":{"line":497,"column":34},"end":{"line":512,"column":3}},"line":497}},"branchMap":{"0":{"loc":{"start":{"line":14,"column":6},"end":{"line":19,"column":7}},"type":"if","locations":[{"start":{"line":14,"column":6},"end":{"line":19,"column":7}},{"start":{},"end":{}}],"line":14},"1":{"loc":{"start":{"line":80,"column":6},"end":{"line":86,"column":7}},"type":"if","locations":[{"start":{"line":80,"column":6},"end":{"line":86,"column":7}},{"start":{},"end":{}}],"line":80},"2":{"loc":{"start":{"line":89,"column":6},"end":{"line":94,"column":7}},"type":"if","locations":[{"start":{"line":89,"column":6},"end":{"line":94,"column":7}},{"start":{},"end":{}}],"line":89},"3":{"loc":{"start":{"line":98,"column":6},"end":{"line":104,"column":7}},"type":"if","locations":[{"start":{"line":98,"column":6},"end":{"line":104,"column":7}},{"start":{},"end":{}}],"line":98},"4":{"loc":{"start":{"line":107,"column":6},"end":{"line":117,"column":7}},"type":"if","locations":[{"start":{"line":107,"column":6},"end":{"line":117,"column":7}},{"start":{},"end":{}}],"line":107},"5":{"loc":{"start":{"line":159,"column":6},"end":{"line":161,"column":7}},"type":"if","locations":[{"start":{"line":159,"column":6},"end":{"line":161,"column":7}},{"start":{},"end":{}}],"line":159},"6":{"loc":{"start":{"line":184,"column":6},"end":{"line":189,"column":7}},"type":"if","locations":[{"start":{"line":184,"column":6},"end":{"line":189,"column":7}},{"start":{},"end":{}}],"line":184},"7":{"loc":{"start":{"line":222,"column":6},"end":{"line":227,"column":7}},"type":"if","locations":[{"start":{"line":222,"column":6},"end":{"line":227,"column":7}},{"start":{},"end":{}}],"line":222},"8":{"loc":{"start":{"line":229,"column":6},"end":{"line":234,"column":7}},"type":"if","locations":[{"start":{"line":229,"column":6},"end":{"line":234,"column":7}},{"start":{},"end":{}}],"line":229},"9":{"loc":{"start":{"line":262,"column":6},"end":{"line":268,"column":7}},"type":"if","locations":[{"start":{"line":262,"column":6},"end":{"line":268,"column":7}},{"start":{},"end":{}}],"line":262},"10":{"loc":{"start":{"line":308,"column":6},"end":{"line":313,"column":7}},"type":"if","locations":[{"start":{"line":308,"column":6},"end":{"line":313,"column":7}},{"start":{},"end":{}}],"line":308},"11":{"loc":{"start":{"line":345,"column":6},"end":{"line":350,"column":7}},"type":"if","locations":[{"start":{"line":345,"column":6},"end":{"line":350,"column":7}},{"start":{},"end":{}}],"line":345},"12":{"loc":{"start":{"line":367,"column":6},"end":{"line":372,"column":7}},"type":"if","locations":[{"start":{"line":367,"column":6},"end":{"line":372,"column":7}},{"start":{},"end":{}}],"line":367},"13":{"loc":{"start":{"line":403,"column":6},"end":{"line":405,"column":7}},"type":"if","locations":[{"start":{"line":403,"column":6},"end":{"line":405,"column":7}},{"start":{},"end":{}}],"line":403},"14":{"loc":{"start":{"line":403,"column":10},"end":{"line":403,"column":34}},"type":"binary-expr","locations":[{"start":{"line":403,"column":10},"end":{"line":403,"column":22}},{"start":{"line":403,"column":26},"end":{"line":403,"column":34}}],"line":403},"15":{"loc":{"start":{"line":468,"column":6},"end":{"line":473,"column":7}},"type":"if","locations":[{"start":{"line":468,"column":6},"end":{"line":473,"column":7}},{"start":{},"end":{}}],"line":468}},"s":{"0":1,"1":1,"2":1,"3":1,"4":2,"5":2,"6":2,"7":2,"8":1,"9":1,"10":1,"11":1,"12":1,"13":0,"14":1,"15":1,"16":1,"17":0,"18":0,"19":0,"20":0,"21":0,"22":1,"23":1,"24":3,"25":3,"26":3,"27":3,"28":1,"29":1,"30":2,"31":0,"32":2,"33":2,"34":1,"35":1,"36":1,"37":1,"38":1,"39":1,"40":1,"41":0,"42":0,"43":0,"44":0,"45":0,"46":0,"47":0,"48":0,"49":0,"50":0,"51":0,"52":2,"53":2,"54":2,"55":1,"56":0,"57":0,"58":0,"59":0,"60":0,"61":0,"62":0,"63":0,"64":0,"65":0,"66":0,"67":0,"68":0,"69":0,"70":0,"71":0,"72":0,"73":0,"74":0,"75":0,"76":0,"77":0,"78":0,"79":0,"80":0,"81":0,"82":0,"83":0,"84":0,"85":0,"86":0,"87":0,"88":0,"89":0,"90":0,"91":0,"92":0,"93":0,"94":0,"95":0,"96":0,"97":0,"98":0,"99":0,"100":0,"101":0,"102":0,"103":0,"104":0,"105":0,"106":0,"107":0,"108":0,"109":0,"110":0,"111":0,"112":0,"113":0,"114":0,"115":0,"116":0,"117":0,"118":0,"119":0,"120":0,"121":0,"122":0,"123":0,"124":0,"125":0,"126":0,"127":0,"128":0,"129":0,"130":0,"131":0,"132":0,"133":0,"134":0,"135":0,"136":0,"137":0,"138":0,"139":0,"140":0,"141":0,"142":0,"143":0,"144":0,"145":0,"146":0,"147":0,"148":0,"149":0,"150":0,"151":0,"152":0,"153":0,"154":0,"155":0,"156":0,"157":0,"158":0,"159":0,"160":0,"161":0,"162":0,"163":0,"164":0,"165":1},"f":{"0":2,"1":0,"2":3,"3":2,"4":0,"5":0,"6":0,"7":0,"8":0,"9":0,"10":0,"11":0,"12":0,"13":0},"b":{"0":[1,1],"1":[1,2],"2":[0,2],"3":[1,1],"4":[1,0],"5":[1,1],"6":[0,0],"7":[0,0],"8":[0,0],"9":[0,0],"10":[0,0],"11":[0,0],"12":[0,0],"13":[0,0],"14":[0,0],"15":[0,0]},"_coverageSchema":"1a1c01bbd47fc00a2c39e90264f33305004495a9","hash":"03f059492322843991bac5dd18bc6ae87fcb438c"}
,"E:\\Alpha\\backend\\src\\controllers\\pdfController.js": {"path":"E:\\Alpha\\backend\\src\\controllers\\pdfController.js","statementMap":{"0":{"start":{"line":1,"column":19},"end":{"line":1,"column":52}},"1":{"start":{"line":2,"column":15},"end":{"line":2,"column":42}},"2":{"start":{"line":3,"column":18},"end":{"line":3,"column":48}},"3":{"start":{"line":4,"column":13},"end":{"line":4,"column":38}},"4":{"start":{"line":5,"column":15},"end":{"line":5,"column":41}},"5":{"start":{"line":10,"column":4},"end":{"line":59,"column":5}},"6":{"start":{"line":11,"column":21},"end":{"line":11,"column":31}},"7":{"start":{"line":12,"column":42},"end":{"line":12,"column":51}},"8":{"start":{"line":15,"column":21},"end":{"line":15,"column":46}},"9":{"start":{"line":16,"column":6},"end":{"line":21,"column":7}},"10":{"start":{"line":17,"column":8},"end":{"line":20,"column":11}},"11":{"start":{"line":24,"column":6},"end":{"line":29,"column":7}},"12":{"start":{"line":25,"column":8},"end":{"line":28,"column":11}},"13":{"start":{"line":32,"column":19},"end":{"line":32,"column":53}},"14":{"start":{"line":35,"column":6},"end":{"line":35,"column":28}},"15":{"start":{"line":36,"column":6},"end":{"line":36,"column":26}},"16":{"start":{"line":39,"column":18},"end":{"line":42,"column":8}},"17":{"start":{"line":45,"column":6},"end":{"line":45,"column":55}},"18":{"start":{"line":46,"column":6},"end":{"line":46,"column":131}},"19":{"start":{"line":47,"column":6},"end":{"line":47,"column":50}},"20":{"start":{"line":49,"column":6},"end":{"line":49,"column":20}},"21":{"start":{"line":51,"column":6},"end":{"line":51,"column":93}},"22":{"start":{"line":53,"column":6},"end":{"line":53,"column":54}},"23":{"start":{"line":54,"column":6},"end":{"line":58,"column":9}},"24":{"start":{"line":64,"column":4},"end":{"line":110,"column":5}},"25":{"start":{"line":65,"column":21},"end":{"line":65,"column":31}},"26":{"start":{"line":66,"column":32},"end":{"line":66,"column":41}},"27":{"start":{"line":69,"column":24},"end":{"line":69,"column":52}},"28":{"start":{"line":70,"column":6},"end":{"line":75,"column":7}},"29":{"start":{"line":71,"column":8},"end":{"line":74,"column":11}},"30":{"start":{"line":78,"column":6},"end":{"line":83,"column":7}},"31":{"start":{"line":79,"column":8},"end":{"line":82,"column":11}},"32":{"start":{"line":86,"column":19},"end":{"line":86,"column":56}},"33":{"start":{"line":89,"column":6},"end":{"line":89,"column":79}},"34":{"start":{"line":90,"column":6},"end":{"line":90,"column":29}},"35":{"start":{"line":93,"column":18},"end":{"line":93,"column":84}},"36":{"start":{"line":96,"column":6},"end":{"line":96,"column":55}},"37":{"start":{"line":97,"column":6},"end":{"line":97,"column":106}},"38":{"start":{"line":98,"column":6},"end":{"line":98,"column":50}},"39":{"start":{"line":100,"column":6},"end":{"line":100,"column":20}},"40":{"start":{"line":102,"column":6},"end":{"line":102,"column":99}},"41":{"start":{"line":104,"column":6},"end":{"line":104,"column":57}},"42":{"start":{"line":105,"column":6},"end":{"line":109,"column":9}},"43":{"start":{"line":115,"column":4},"end":{"line":154,"column":5}},"44":{"start":{"line":116,"column":21},"end":{"line":116,"column":31}},"45":{"start":{"line":119,"column":21},"end":{"line":119,"column":46}},"46":{"start":{"line":120,"column":6},"end":{"line":125,"column":7}},"47":{"start":{"line":121,"column":8},"end":{"line":124,"column":11}},"48":{"start":{"line":128,"column":6},"end":{"line":133,"column":7}},"49":{"start":{"line":129,"column":8},"end":{"line":132,"column":11}},"50":{"start":{"line":136,"column":19},"end":{"line":136,"column":53}},"51":{"start":{"line":139,"column":18},"end":{"line":139,"column":66}},"52":{"start":{"line":142,"column":6},"end":{"line":142,"column":55}},"53":{"start":{"line":143,"column":6},"end":{"line":143,"column":77}},"54":{"start":{"line":144,"column":6},"end":{"line":144,"column":50}},"55":{"start":{"line":146,"column":6},"end":{"line":146,"column":20}},"56":{"start":{"line":148,"column":6},"end":{"line":148,"column":55}},"57":{"start":{"line":149,"column":6},"end":{"line":153,"column":9}},"58":{"start":{"line":159,"column":4},"end":{"line":166,"column":7}},"59":{"start":{"line":170,"column":0},"end":{"line":170,"column":37}}},"fnMap":{"0":{"name":"(anonymous_0)","decl":{"start":{"line":9,"column":2},"end":{"line":9,"column":3}},"loc":{"start":{"line":9,"column":31},"end":{"line":60,"column":3}},"line":9},"1":{"name":"(anonymous_1)","decl":{"start":{"line":63,"column":2},"end":{"line":63,"column":3}},"loc":{"start":{"line":63,"column":34},"end":{"line":111,"column":3}},"line":63},"2":{"name":"(anonymous_2)","decl":{"start":{"line":114,"column":2},"end":{"line":114,"column":3}},"loc":{"start":{"line":114,"column":32},"end":{"line":155,"column":3}},"line":114},"3":{"name":"(anonymous_3)","decl":{"start":{"line":158,"column":2},"end":{"line":158,"column":3}},"loc":{"start":{"line":158,"column":32},"end":{"line":167,"column":3}},"line":158}},"branchMap":{"0":{"loc":{"start":{"line":12,"column":14},"end":{"line":12,"column":27}},"type":"default-arg","locations":[{"start":{"line":12,"column":23},"end":{"line":12,"column":27}}],"line":12},"1":{"loc":{"start":{"line":16,"column":6},"end":{"line":21,"column":7}},"type":"if","locations":[{"start":{"line":16,"column":6},"end":{"line":21,"column":7}},{"start":{},"end":{}}],"line":16},"2":{"loc":{"start":{"line":24,"column":6},"end":{"line":29,"column":7}},"type":"if","locations":[{"start":{"line":24,"column":6},"end":{"line":29,"column":7}},{"start":{},"end":{}}],"line":24},"3":{"loc":{"start":{"line":24,"column":10},"end":{"line":24,"column":84}},"type":"binary-expr","locations":[{"start":{"line":24,"column":10},"end":{"line":24,"column":64}},{"start":{"line":24,"column":68},"end":{"line":24,"column":84}}],"line":24},"4":{"loc":{"start":{"line":41,"column":18},"end":{"line":41,"column":45}},"type":"binary-expr","locations":[{"start":{"line":41,"column":18},"end":{"line":41,"column":26}},{"start":{"line":41,"column":30},"end":{"line":41,"column":45}}],"line":41},"5":{"loc":{"start":{"line":46,"column":68},"end":{"line":46,"column":108}},"type":"binary-expr","locations":[{"start":{"line":46,"column":68},"end":{"line":46,"column":96}},{"start":{"line":46,"column":100},"end":{"line":46,"column":108}}],"line":46},"6":{"loc":{"start":{"line":51,"column":59},"end":{"line":51,"column":89}},"type":"binary-expr","locations":[{"start":{"line":51,"column":59},"end":{"line":51,"column":74}},{"start":{"line":51,"column":78},"end":{"line":51,"column":89}}],"line":51},"7":{"loc":{"start":{"line":66,"column":14},"end":{"line":66,"column":27}},"type":"default-arg","locations":[{"start":{"line":66,"column":23},"end":{"line":66,"column":27}}],"line":66},"8":{"loc":{"start":{"line":70,"column":6},"end":{"line":75,"column":7}},"type":"if","locations":[{"start":{"line":70,"column":6},"end":{"line":75,"column":7}},{"start":{},"end":{}}],"line":70},"9":{"loc":{"start":{"line":78,"column":6},"end":{"line":83,"column":7}},"type":"if","locations":[{"start":{"line":78,"column":6},"end":{"line":83,"column":7}},{"start":{},"end":{}}],"line":78},"10":{"loc":{"start":{"line":78,"column":10},"end":{"line":78,"column":93}},"type":"binary-expr","locations":[{"start":{"line":78,"column":10},"end":{"line":78,"column":67}},{"start":{"line":78,"column":71},"end":{"line":78,"column":93}}],"line":78},"11":{"loc":{"start":{"line":89,"column":39},"end":{"line":89,"column":73}},"type":"binary-expr","locations":[{"start":{"line":89,"column":39},"end":{"line":89,"column":68}},{"start":{"line":89,"column":72},"end":{"line":89,"column":73}}],"line":89},"12":{"loc":{"start":{"line":102,"column":65},"end":{"line":102,"column":95}},"type":"binary-expr","locations":[{"start":{"line":102,"column":65},"end":{"line":102,"column":80}},{"start":{"line":102,"column":84},"end":{"line":102,"column":95}}],"line":102},"13":{"loc":{"start":{"line":120,"column":6},"end":{"line":125,"column":7}},"type":"if","locations":[{"start":{"line":120,"column":6},"end":{"line":125,"column":7}},{"start":{},"end":{}}],"line":120},"14":{"loc":{"start":{"line":128,"column":6},"end":{"line":133,"column":7}},"type":"if","locations":[{"start":{"line":128,"column":6},"end":{"line":133,"column":7}},{"start":{},"end":{}}],"line":128},"15":{"loc":{"start":{"line":128,"column":10},"end":{"line":128,"column":84}},"type":"binary-expr","locations":[{"start":{"line":128,"column":10},"end":{"line":128,"column":64}},{"start":{"line":128,"column":68},"end":{"line":128,"column":84}}],"line":128}},"s":{"0":0,"1":0,"2":0,"3":0,"4":0,"5":0,"6":0,"7":0,"8":0,"9":0,"10":0,"11":0,"12":0,"13":0,"14":0,"15":0,"16":0,"17":0,"18":0,"19":0,"20":0,"21":0,"22":0,"23":0,"24":0,"25":0,"26":0,"27":0,"28":0,"29":0,"30":0,"31":0,"32":0,"33":0,"34":0,"35":0,"36":0,"37":0,"38":0,"39":0,"40":0,"41":0,"42":0,"43":0,"44":0,"45":0,"46":0,"47":0,"48":0,"49":0,"50":0,"51":0,"52":0,"53":0,"54":0,"55":0,"56":0,"57":0,"58":0,"59":0},"f":{"0":0,"1":0,"2":0,"3":0},"b":{"0":[0],"1":[0,0],"2":[0,0],"3":[0,0],"4":[0,0],"5":[0,0],"6":[0,0],"7":[0],"8":[0,0],"9":[0,0],"10":[0,0],"11":[0,0],"12":[0,0],"13":[0,0],"14":[0,0],"15":[0,0]}}
,"E:\\Alpha\\backend\\src\\controllers\\portfolioController.js": {"path":"E:\\Alpha\\backend\\src\\controllers\\portfolioController.js","statementMap":{"0":{"start":{"line":1,"column":18},"end":{"line":1,"column":48}},"1":{"start":{"line":2,"column":13},"end":{"line":2,"column":38}},"2":{"start":{"line":3,"column":15},"end":{"line":3,"column":41}},"3":{"start":{"line":8,"column":4},"end":{"line":51,"column":5}},"4":{"start":{"line":9,"column":72},"end":{"line":9,"column":81}},"5":{"start":{"line":10,"column":20},"end":{"line":10,"column":44}},"6":{"start":{"line":12,"column":6},"end":{"line":14,"column":7}},"7":{"start":{"line":13,"column":8},"end":{"line":13,"column":42}},"8":{"start":{"line":16,"column":6},"end":{"line":18,"column":7}},"9":{"start":{"line":17,"column":8},"end":{"line":17,"column":51}},"10":{"start":{"line":20,"column":6},"end":{"line":22,"column":7}},"11":{"start":{"line":21,"column":8},"end":{"line":21,"column":49}},"12":{"start":{"line":24,"column":25},"end":{"line":28,"column":23}},"13":{"start":{"line":30,"column":20},"end":{"line":30,"column":57}},"14":{"start":{"line":32,"column":6},"end":{"line":43,"column":9}},"15":{"start":{"line":45,"column":6},"end":{"line":45,"column":55}},"16":{"start":{"line":46,"column":6},"end":{"line":50,"column":9}},"17":{"start":{"line":56,"column":4},"end":{"line":87,"column":5}},"18":{"start":{"line":57,"column":21},"end":{"line":57,"column":31}},"19":{"start":{"line":59,"column":24},"end":{"line":59,"column":52}},"20":{"start":{"line":61,"column":6},"end":{"line":66,"column":7}},"21":{"start":{"line":62,"column":8},"end":{"line":65,"column":11}},"22":{"start":{"line":69,"column":6},"end":{"line":74,"column":7}},"23":{"start":{"line":70,"column":8},"end":{"line":73,"column":11}},"24":{"start":{"line":76,"column":6},"end":{"line":79,"column":9}},"25":{"start":{"line":81,"column":6},"end":{"line":81,"column":56}},"26":{"start":{"line":82,"column":6},"end":{"line":86,"column":9}},"27":{"start":{"line":92,"column":4},"end":{"line":138,"column":5}},"28":{"start":{"line":93,"column":23},"end":{"line":93,"column":33}},"29":{"start":{"line":95,"column":24},"end":{"line":95,"column":76}},"30":{"start":{"line":97,"column":6},"end":{"line":102,"column":7}},"31":{"start":{"line":98,"column":8},"end":{"line":101,"column":11}},"32":{"start":{"line":105,"column":6},"end":{"line":116,"column":7}},"33":{"start":{"line":107,"column":8},"end":{"line":115,"column":11}},"34":{"start":{"line":119,"column":6},"end":{"line":119,"column":39}},"35":{"start":{"line":122,"column":19},"end":{"line":122,"column":82}},"36":{"start":{"line":124,"column":6},"end":{"line":130,"column":9}},"37":{"start":{"line":132,"column":6},"end":{"line":132,"column":57}},"38":{"start":{"line":133,"column":6},"end":{"line":137,"column":9}},"39":{"start":{"line":143,"column":4},"end":{"line":199,"column":5}},"40":{"start":{"line":144,"column":21},"end":{"line":144,"column":31}},"41":{"start":{"line":145,"column":27},"end":{"line":145,"column":35}},"42":{"start":{"line":147,"column":24},"end":{"line":147,"column":72}},"43":{"start":{"line":149,"column":6},"end":{"line":154,"column":7}},"44":{"start":{"line":150,"column":8},"end":{"line":153,"column":11}},"45":{"start":{"line":156,"column":6},"end":{"line":161,"column":7}},"46":{"start":{"line":157,"column":8},"end":{"line":160,"column":11}},"47":{"start":{"line":163,"column":30},"end":{"line":163,"column":61}},"48":{"start":{"line":165,"column":6},"end":{"line":170,"column":7}},"49":{"start":{"line":166,"column":8},"end":{"line":169,"column":11}},"50":{"start":{"line":173,"column":21},"end":{"line":173,"column":38}},"51":{"start":{"line":174,"column":26},"end":{"line":174,"column":64}},"52":{"start":{"line":178,"column":6},"end":{"line":180,"column":7}},"53":{"start":{"line":179,"column":8},"end":{"line":179,"column":49}},"54":{"start":{"line":181,"column":6},"end":{"line":184,"column":9}},"55":{"start":{"line":186,"column":6},"end":{"line":191,"column":9}},"56":{"start":{"line":193,"column":6},"end":{"line":193,"column":62}},"57":{"start":{"line":194,"column":6},"end":{"line":198,"column":9}},"58":{"start":{"line":204,"column":4},"end":{"line":249,"column":5}},"59":{"start":{"line":205,"column":28},"end":{"line":205,"column":38}},"60":{"start":{"line":208,"column":6},"end":{"line":213,"column":7}},"61":{"start":{"line":209,"column":8},"end":{"line":212,"column":11}},"62":{"start":{"line":215,"column":24},"end":{"line":215,"column":63}},"63":{"start":{"line":216,"column":6},"end":{"line":222,"column":7}},"64":{"start":{"line":217,"column":8},"end":{"line":217,"column":51}},"65":{"start":{"line":218,"column":8},"end":{"line":221,"column":11}},"66":{"start":{"line":224,"column":24},"end":{"line":224,"column":52}},"67":{"start":{"line":226,"column":6},"end":{"line":231,"column":7}},"68":{"start":{"line":227,"column":8},"end":{"line":230,"column":11}},"69":{"start":{"line":233,"column":19},"end":{"line":233,"column":82}},"70":{"start":{"line":235,"column":6},"end":{"line":241,"column":9}},"71":{"start":{"line":243,"column":6},"end":{"line":243,"column":60}},"72":{"start":{"line":244,"column":6},"end":{"line":248,"column":9}},"73":{"start":{"line":254,"column":4},"end":{"line":331,"column":5}},"74":{"start":{"line":255,"column":30},"end":{"line":255,"column":38}},"75":{"start":{"line":258,"column":32},"end":{"line":258,"column":65}},"76":{"start":{"line":259,"column":6},"end":{"line":264,"column":7}},"77":{"start":{"line":260,"column":8},"end":{"line":263,"column":11}},"78":{"start":{"line":266,"column":28},"end":{"line":308,"column":7}},"79":{"start":{"line":310,"column":24},"end":{"line":310,"column":61}},"80":{"start":{"line":313,"column":6},"end":{"line":315,"column":9}},"81":{"start":{"line":317,"column":6},"end":{"line":317,"column":89}},"82":{"start":{"line":319,"column":6},"end":{"line":323,"column":9}},"83":{"start":{"line":325,"column":6},"end":{"line":325,"column":53}},"84":{"start":{"line":326,"column":6},"end":{"line":330,"column":9}},"85":{"start":{"line":336,"column":4},"end":{"line":382,"column":5}},"86":{"start":{"line":337,"column":21},"end":{"line":337,"column":31}},"87":{"start":{"line":339,"column":24},"end":{"line":339,"column":82}},"88":{"start":{"line":341,"column":6},"end":{"line":346,"column":7}},"89":{"start":{"line":342,"column":8},"end":{"line":345,"column":11}},"90":{"start":{"line":349,"column":6},"end":{"line":357,"column":7}},"91":{"start":{"line":350,"column":34},"end":{"line":350,"column":82}},"92":{"start":{"line":351,"column":8},"end":{"line":356,"column":9}},"93":{"start":{"line":352,"column":10},"end":{"line":355,"column":13}},"94":{"start":{"line":360,"column":6},"end":{"line":364,"column":9}},"95":{"start":{"line":361,"column":8},"end":{"line":363,"column":9}},"96":{"start":{"line":362,"column":10},"end":{"line":362,"column":41}},"97":{"start":{"line":366,"column":6},"end":{"line":366,"column":29}},"98":{"start":{"line":368,"column":6},"end":{"line":368,"column":85}},"99":{"start":{"line":370,"column":6},"end":{"line":374,"column":9}},"100":{"start":{"line":376,"column":6},"end":{"line":376,"column":53}},"101":{"start":{"line":377,"column":6},"end":{"line":381,"column":9}},"102":{"start":{"line":387,"column":4},"end":{"line":417,"column":5}},"103":{"start":{"line":388,"column":21},"end":{"line":388,"column":31}},"104":{"start":{"line":390,"column":24},"end":{"line":390,"column":91}},"105":{"start":{"line":392,"column":6},"end":{"line":397,"column":7}},"106":{"start":{"line":393,"column":8},"end":{"line":396,"column":11}},"107":{"start":{"line":400,"column":6},"end":{"line":402,"column":9}},"108":{"start":{"line":404,"column":6},"end":{"line":404,"column":85}},"109":{"start":{"line":406,"column":6},"end":{"line":409,"column":9}},"110":{"start":{"line":411,"column":6},"end":{"line":411,"column":53}},"111":{"start":{"line":412,"column":6},"end":{"line":416,"column":9}},"112":{"start":{"line":422,"column":4},"end":{"line":453,"column":5}},"113":{"start":{"line":423,"column":21},"end":{"line":423,"column":31}},"114":{"start":{"line":425,"column":24},"end":{"line":425,"column":82}},"115":{"start":{"line":427,"column":6},"end":{"line":432,"column":7}},"116":{"start":{"line":428,"column":8},"end":{"line":431,"column":11}},"117":{"start":{"line":434,"column":6},"end":{"line":434,"column":35}},"118":{"start":{"line":435,"column":6},"end":{"line":435,"column":41}},"119":{"start":{"line":436,"column":6},"end":{"line":436,"column":29}},"120":{"start":{"line":438,"column":6},"end":{"line":445,"column":9}},"121":{"start":{"line":447,"column":6},"end":{"line":447,"column":54}},"122":{"start":{"line":448,"column":6},"end":{"line":452,"column":9}},"123":{"start":{"line":458,"column":4},"end":{"line":485,"column":5}},"124":{"start":{"line":459,"column":21},"end":{"line":459,"column":31}},"125":{"start":{"line":461,"column":24},"end":{"line":461,"column":82}},"126":{"start":{"line":463,"column":6},"end":{"line":468,"column":7}},"127":{"start":{"line":464,"column
[...]
":115},"20":{"name":"(anonymous_20)","decl":{"start":{"line":122,"column":2},"end":{"line":122,"column":3}},"loc":{"start":{"line":122,"column":38},"end":{"line":137,"column":3}},"line":122},"21":{"name":"(anonymous_21)","decl":{"start":{"line":139,"column":2},"end":{"line":139,"column":3}},"loc":{"start":{"line":139,"column":71},"end":{"line":150,"column":3}},"line":139},"22":{"name":"(anonymous_22)","decl":{"start":{"line":152,"column":2},"end":{"line":152,"column":3}},"loc":{"start":{"line":152,"column":71},"end":{"line":161,"column":3}},"line":152},"23":{"name":"(anonymous_23)","decl":{"start":{"line":163,"column":2},"end":{"line":163,"column":3}},"loc":{"start":{"line":163,"column":52},"end":{"line":175,"column":3}},"line":163},"24":{"name":"(anonymous_24)","decl":{"start":{"line":177,"column":2},"end":{"line":177,"column":3}},"loc":{"start":{"line":177,"column":51},"end":{"line":187,"column":3}},"line":177},"25":{"name":"(anonymous_25)","decl":{"start":{"line":189,"column":2},"end":{"line":189,"column":3}},"loc":{"start":{"line":189,"column":61},"end":{"line":197,"column":3}},"line":189},"26":{"name":"(anonymous_26)","decl":{"start":{"line":199,"column":2},"end":{"line":199,"column":3}},"loc":{"start":{"line":199,"column":96},"end":{"line":218,"column":3}},"line":199},"27":{"name":"(anonymous_27)","decl":{"start":{"line":203,"column":12},"end":{"line":203,"column":13}},"loc":{"start":{"line":203,"column":26},"end":{"line":203,"column":54}},"line":203},"28":{"name":"(anonymous_28)","decl":{"start":{"line":220,"column":2},"end":{"line":220,"column":3}},"loc":{"start":{"line":220,"column":65},"end":{"line":231,"column":3}},"line":220},"29":{"name":"(anonymous_29)","decl":{"start":{"line":233,"column":2},"end":{"line":233,"column":3}},"loc":{"start":{"line":233,"column":65},"end":{"line":243,"column":3}},"line":233},"30":{"name":"(anonymous_30)","decl":{"start":{"line":245,"column":2},"end":{"line":245,"column":3}},"loc":{"start":{"line":245,"column":53},"end":{"line":248,"column":3}},"line":245},"31":{"name":"(anonymous_31)","decl":{"start":{"line":250,"column":2},"end":{"line":250,"column":3}},"loc":{"start":{"line":250,"column":27},"end":{"line":277,"column":3}},"line":250},"32":{"name":"(anonymous_32)","decl":{"start":{"line":279,"column":2},"end":{"line":279,"column":3}},"loc":{"start":{"line":279,"column":38},"end":{"line":285,"column":3}},"line":279},"33":{"name":"(anonymous_33)","decl":{"start":{"line":288,"column":2},"end":{"line":288,"column":3}},"loc":{"start":{"line":288,"column":34},"end":{"line":293,"column":3}},"line":288},"34":{"name":"(anonymous_34)","decl":{"start":{"line":295,"column":2},"end":{"line":295,"column":3}},"loc":{"start":{"line":295,"column":34},"end":{"line":297,"column":3}},"line":295},"35":{"name":"(anonymous_35)","decl":{"start":{"line":299,"column":2},"end":{"line":299,"column":3}},"loc":{"start":{"line":299,"column":19},"end":{"line":301,"column":3}},"line":299},"36":{"name":"(anonymous_36)","decl":{"start":{"line":303,"column":2},"end":{"line":303,"column":3}},"loc":{"start":{"line":303,"column":23},"end":{"line":305,"column":3}},"line":303}},"branchMap":{"0":{"loc":{"start":{"line":20,"column":16},"end":{"line":20,"column":65}},"type":"binary-expr","locations":[{"start":{"line":20,"column":16},"end":{"line":20,"column":38}},{"start":{"line":20,"column":42},"end":{"line":20,"column":65}}],"line":20},"1":{"loc":{"start":{"line":31,"column":8},"end":{"line":33,"column":9}},"type":"if","locations":[{"start":{"line":31,"column":8},"end":{"line":33,"column":9}},{"start":{},"end":{}}],"line":31},"2":{"loc":{"start":{"line":38,"column":8},"end":{"line":40,"column":9}},"type":"if","locations":[{"start":{"line":38,"column":8},"end":{"line":40,"column":9}},{"start":{},"end":{}}],"line":38},"3":{"loc":{"start":{"line":100,"column":4},"end":{"line":102,"column":5}},"type":"if","locations":[{"start":{"line":100,"column":4},"end":{"line":102,"column":5}},{"start":{},"end":{}}],"line":100},"4":{"loc":{"start":{"line":125,"column":4},"end":{"line":130,"column":5}},"type":"if","locations":[{"start":{"line":125,"column":4},"end":{"line":130,"column":5}},{"start":{},"end":{}}],"line":125},"5":{"loc":{"start":{"line":127,"column":6},"end":{"line":129,"column":7}},"type":"if","locations":[{"start":{"line":127,"column":6},"end":{"line":129,"column":7}},{"start":{},"end":{}}],"line":127},"6":{"loc":{"start":{"line":164,"column":4},"end":{"line":166,"column":5}},"type":"if","locations":[{"start":{"line":164,"column":4},"end":{"line":166,"column":5}},{"start":{},"end":{}}],"line":164},"7":{"loc":{"start":{"line":178,"column":4},"end":{"line":180,"column":5}},"type":"if","locations":[{"start":{"line":178,"column":4},"end":{"line":180,"column":5}},{"start":{},"end":{}}],"line":178},"8":{"loc":{"start":{"line":205,"column":4},"end":{"line":217,"column":5}},"type":"if","locations":[{"start":{"line":205,"column":4},"end":{"line":217,"column":5}},{"start":{},"end":{}}],"line":205},"9":{"loc":{"start":{"line":253,"column":4},"end":{"line":276,"column":5}},"type":"if","locations":[{"start":{"line":253,"column":4},"end":{"line":276,"column":5}},{"start":{},"end":{}}],"line":253},"10":{"loc":{"start":{"line":259,"column":8},"end":{"line":269,"column":9}},"type":"if","locations":[{"start":{"line":259,"column":8},"end":{"line":269,"column":9}},{"start":{},"end":{}}],"line":259},"11":{"loc":{"start":{"line":261,"column":10},"end":{"line":263,"column":11}},"type":"if","locations":[{"start":{"line":261,"column":10},"end":{"line":263,"column":11}},{"start":{},"end":{}}],"line":261},"12":{"loc":{"start":{"line":290,"column":4},"end":{"line":292,"column":5}},"type":"if","locations":[{"start":{"line":290,"column":4},"end":{"line":292,"column":5}},{"start":{},"end":{}}],"line":290}},"s":{"0":0,"1":0,"2":0,"3":0,"4":0,"5":0,"6":0,"7":0,"8":0,"9":0,"10":0,"11":0,"12":0,"13":0,"14":0,"15":0,"16":0,"17":0,"18":0,"19":0,"20":0,"21":0,"22":0,"23":0,"24":0,"25":0,"26":0,"27":0,"28":0,"29":0,"30":0,"31":0,"32":0,"33":0,"34":0,"35":0,"36":0,"37":0,"38":0,"39":0,"40":0,"41":0,"42":0,"43":0,"44":0,"45":0,"46":0,"47":0,"48":0,"49":0,"50":0,"51":0,"52":0,"53":0,"54":0,"55":0,"56":0,"57":0,"58":0,"59":0,"60":0,"61":0,"62":0,"63":0,"64":0,"65":0,"66":0,"67":0,"68":0,"69":0,"70":0,"71":0,"72":0,"73":0,"74":0,"75":0,"76":0,"77":0,"78":0,"79":0,"80":0,"81":0,"82":0,"83":0,"84":0,"85":0,"86":0,"87":0,"88":0,"89":0,"90":0,"91":0,"92":0,"93":0,"94":0,"95":0,"96":0,"97":0,"98":0,"99":0,"100":0,"101":0,"102":0,"103":0,"104":0,"105":0,"106":0,"107":0,"108":0,"109":0,"110":0},"f":{"0":0,"1":0,"2":0,"3":0,"4":0,"5":0,"6":0,"7":0,"8":0,"9":0,"10":0,"11":0,"12":0,"13":0,"14":0,"15":0,"16":0,"17":0,"18":0,"19":0,"20":0,"21":0,"22":0,"23":0,"24":0,"25":0,"26":0,"27":0,"28":0,"29":0,"30":0,"31":0,"32":0,"33":0,"34":0,"35":0,"36":0},"b":{"0":[0,0],"1":[0,0],"2":[0,0],"3":[0,0],"4":[0,0],"5":[0,0],"6":[0,0],"7":[0,0],"8":[0,0],"9":[0,0],"10":[0,0],"11":[0,0],"12":[0,0]}}
,"E:\\Alpha\\backend\\src\\services\\tokenService.js": {"path":"E:\\Alpha\\backend\\src\\services\\tokenService.js","statementMap":{"0":{"start":{"line":1,"column":12},"end":{"line":1,"column":35}},"1":{"start":{"line":2,"column":15},"end":{"line":2,"column":32}},"2":{"start":{"line":3,"column":15},"end":{"line":3,"column":41}},"3":{"start":{"line":7,"column":4},"end":{"line":7,"column":64}},"4":{"start":{"line":8,"column":4},"end":{"line":8,"column":74}},"5":{"start":{"line":13,"column":4},"end":{"line":27,"column":5}},"6":{"start":{"line":14,"column":20},"end":{"line":22,"column":7}},"7":{"start":{"line":23,"column":6},"end":{"line":23,"column":19}},"8":{"start":{"line":25,"column":6},"end":{"line":25,"column":60}},"9":{"start":{"line":26,"column":6},"end":{"line":26,"column":18}},"10":{"start":{"line":32,"column":4},"end":{"line":46,"column":5}},"11":{"start":{"line":33,"column":20},"end":{"line":41,"column":7}},"12":{"start":{"line":42,"column":6},"end":{"line":42,"column":19}},"13":{"start":{"line":44,"column":6},"end":{"line":44,"column":61}},"14":{"start":{"line":45,"column":6},"end":{"line":45,"column":18}},"15":{"start":{"line":51,"column":4},"end":{"line":60,"column":5}},"16":{"start":{"line":52,"column":22},"end":{"line":52,"column":63}},"17":{"start":{"line":53,"column":6},"end":{"line":55,"column":7}},"18":{"start":{"line":54,"column":8},"end":{"line":54,"column":46}},"19":{"start":{"line":56,"column":6},"end":{"line":56,"column":21}},"20":{"start":{"line":58,"column":6},"end":{"line":58,"column":62}},"21":{"start":{"line":59,"column":6},"end":{"line":59,"column":18}},"22":{"start":{"line":65,"column":4},"end":{"line":74,"column":5}},"23":{"start":{"line":66,"column":22},"end":{"line":66,"column":71}},"24":{"start":{"line":67,"column":6},"end":{"line":69,"column":7}},"25":{"start":{"line":68,"column":8},"end":{"line":68,"column":46}},"26":{"start":{"line":70,"column":6},"end":{"line":70,"column":21}},"27":{"start":{"line":72,"column":6},"end":{"line":72,"column":63}},"28":{"start":{"line":73,"column":6},"end":{"line":73,"column":18}},"29":{"start":{"line":79,"column":4},"end":{"line":79,"column":29}},"30":{"start":{"line":84,"column":4},"end":{"line":90,"column":5}},"31":{"start":{"line":85,"column":22},"end":{"line":85,"column":45}},"32":{"start":{"line":86,"column":6},"end":{"line":86,"column":32}},"33":{"start":{"line":86,"column":20},"end":{"line":86,"column":32}},"34":{"start":{"line":87,"column":6},"end":{"line":87,"column":45}},"35":{"start":{"line":89,"column":6},"end":{"line":89,"column":18}},"36":{"start":{"line":95,"column":4},"end":{"line":100,"column":5}},"37":{"start":{"line":96,"column":22},"end":{"line":96,"column":45}},"38":{"start":{"line":97,"column":6},"end":{"line":97,"column":59}},"39":{"start":{"line":99,"column":6},"end":{"line":99,"column":18}},"40":{"start":{"line":104,"column":0},"end":{"line":104,"column":36}}},"fnMap":{"0":{"name":"(anonymous_0)","decl":{"start":{"line":6,"column":2},"end":{"line":6,"column":3}},"loc":{"start":{"line":6,"column":16},"end":{"line":9,"column":3}},"line":6},"1":{"name":"(anonymous_1)","decl":{"start":{"line":12,"column":2},"end":{"line":12,"column":3}},"loc":{"start":{"line":12,"column":51},"end":{"line":28,"column":3}},"line":12},"2":{"name":"(anonymous_2)","decl":{"start":{"line":31,"column":2},"end":{"line":31,"column":3}},"loc":{"start":{"line":31,"column":31},"end":{"line":47,"column":3}},"line":31},"3":{"name":"(anonymous_3)","decl":{"start":{"line":50,"column":2},"end":{"line":50,"column":3}},"loc":{"start":{"line":50,"column":27},"end":{"line":61,"column":3}},"line":50},"4":{"name":"(anonymous_4)","decl":{"start":{"line":64,"column":2},"end":{"line":64,"column":3}},"loc":{"start":{"line":64,"column":28},"end":{"line":75,"column":3}},"line":64},"5":{"name":"(anonymous_5)","decl":{"start":{"line":78,"column":2},"end":{"line":78,"column":3}},"loc":{"start":{"line":78,"column":21},"end":{"line":80,"column":3}},"line":78},"6":{"name":"(anonymous_6)","decl":{"start":{"line":83,"column":2},"end":{"line":83,"column":3}},"loc":{"start":{"line":83,"column":24},"end":{"line":91,"column":3}},"line":83},"7":{"name":"(anonymous_7)","decl":{"start":{"line":94,"column":2},"end":{"line":94,"column":3}},"loc":{"start":{"line":94,"column":28},"end":{"line":101,"column":3}},"line":94}},"branchMap":{"0":{"loc":{"start":{"line":7,"column":29},"end":{"line":7,"column":63}},"type":"binary-expr","locations":[{"start":{"line":7,"column":29},"end":{"line":7,"column":55}},{"start":{"line":7,"column":59},"end":{"line":7,"column":63}}],"line":7},"1":{"loc":{"start":{"line":8,"column":30},"end":{"line":8,"column":73}},"type":"binary-expr","locations":[{"start":{"line":8,"column":30},"end":{"line":8,"column":64}},{"start":{"line":8,"column":68},"end":{"line":8,"column":73}}],"line":8},"2":{"loc":{"start":{"line":12,"column":30},"end":{"line":12,"column":49}},"type":"default-arg","locations":[{"start":{"line":12,"column":47},"end":{"line":12,"column":49}}],"line":12},"3":{"loc":{"start":{"line":53,"column":6},"end":{"line":55,"column":7}},"type":"if","locations":[{"start":{"line":53,"column":6},"end":{"line":55,"column":7}},{"start":{},"end":{}}],"line":53},"4":{"loc":{"start":{"line":67,"column":6},"end":{"line":69,"column":7}},"type":"if","locations":[{"start":{"line":67,"column":6},"end":{"line":69,"column":7}},{"start":{},"end":{}}],"line":67},"5":{"loc":{"start":{"line":86,"column":6},"end":{"line":86,"column":32}},"type":"if","locations":[{"start":{"line":86,"column":6},"end":{"line":86,"column":32}},{"start":{},"end":{}}],"line":86},"6":{"loc":{"start":{"line":97,"column":13},"end":{"line":97,"column":58}},"type":"cond-expr","locations":[{"start":{"line":97,"column":23},"end":{"line":97,"column":51}},{"start":{"line":97,"column":54},"end":{"line":97,"column":58}}],"line":97}},"s":{"0":1,"1":1,"2":1,"3":1,"4":1,"5":1,"6":1,"7":1,"8":0,"9":0,"10":1,"11":1,"12":1,"13":0,"14":0,"15":0,"16":0,"17":0,"18":0,"19":0,"20":0,"21":0,"22":0,"23":0,"24":0,"25":0,"26":0,"27":0,"28":0,"29":0,"30":0,"31":0,"32":0,"33":0,"34":0,"35":0,"36":0,"37":0,"38":0,"39":0,"40":1},"f":{"0":1,"1":1,"2":1,"3":0,"4":0,"5":0,"6":0,"7":0},"b":{"0":[1,1],"1":[1,1],"2":[1],"3":[0,0],"4":[0,0],"5":[0,0],"6":[0,0]},"_coverageSchema":"1a1c01bbd47fc00a2c39e90264f33305004495a9","hash":"fc34dd28522efe5677744e60f64b712d132050f5"}
,"E:\\Alpha\\backend\\src\\utils\\dbOptimizer.js": {"path":"E:\\Alpha\\backend\\src\\utils\\dbOptimizer.js","statementMap":{"0":{"start":{"line":1,"column":17},"end":{"line":1,"column":36}},"1":{"start":{"line":2,"column":15},"end":{"line":2,"column":34}},"2":{"start":{"line":6,"column":4},"end":{"line":6,"column":32}},"3":{"start":{"line":11,"column":4},"end":{"line":14,"column":5}},"4":{"start":{"line":12,"column":6},"end":{"line":12,"column":45}},"5":{"start":{"line":13,"column":6},"end":{"line":13,"column":13}},"6":{"start":{"line":16,"column":4},"end":{"line":53,"column":5}},"7":{"start":{"line":17,"column":19},"end":{"line":17,"column":41}},"8":{"start":{"line":18,"column":21},"end":{"line":18,"column":45}},"9":{"start":{"line":19,"column":24},"end":{"line":19,"column":51}},"10":{"start":{"line":22,"column":6},"end":{"line":28,"column":9}},"11":{"start":{"line":31,"column":6},"end":{"line":37,"column":9}},"12":{"start":{"line":40,"column":6},"end":{"line":46,"column":9}},"13":{"start":{"line":48,"column":6},"end":{"line":48,"column":33}},"14":{"start":{"line":49,"column":6},"end":{"line":49,"column":61}},"15":{"start":{"line":52,"column":6},"end":{"line":52,"column":53}},"16":{"start":{"line":58,"column":4},"end":{"line":87,"column":5}},"17":{"start":{"line":59,"column":20},"end":{"line":63,"column":7}},"18":{"start":{"line":65,"column":26},"end":{"line":65,"column":68}},"19":{"start":{"line":67,"column":6},"end":{"line":81,"column":7}},"20":{"start":{"line":68,"column":31},"end":{"line":68,"column":56}},"21":{"start":{"line":69,"column":32},"end":{"line":69,"column":56}},"22":{"start":{"line":71,"column":8},"end":{"line":77,"column":10}},"23":{"start":{"line":79,"column":8},"end":{"line":79,"column":48}},"24":{"start":{"line":80,"column":8},"end":{"line":80,"column":50}},"25":{"start":{"line":83,"column":6},"end":{"line":83,"column":19}},"26":{"start":{"line":85,"column":6},"end":{"line":85,"column":64}},"27":{"start":{"line":86,"column":6},"end":{"line":86,"column":18}},"28":{"start":{"line":92,"column":4},"end":{"line":111,"column":5}},"29":{"start":{"line":93,"column":26},"end":{"line":98,"column":18}},"30":{"start":{"line":100,"column":6},"end":{"line":105,"column":7}},"31":{"start":{"line":101,"column":8},"end":{"line":101,"column":64}},"32":{"start":{"line":102,"column":8},"end":{"line":104,"column":11}},"33":{"start":{"line":103,"column":10},"end":{"line":103,"column":72}},"34":{"start":{"line":107,"column":6},"end":{"line":107,"column":25}},"35":{"start":{"line":109,"column":6},"end":{"line":109,"column":59}},"36":{"start":{"line":110,"column":6},"end":{"line":110,"column":16}},"37":{"start":{"line":116,"column":4},"end":{"line":127,"column":5}},"38":{"start":{"line":117,"column":6},"end":{"line":126,"column":9}},"39":{"start":{"line":121,"column":8},"end":{"line":125,"column":9}},"40":{"start":{"line":122,"column":10},"end":{"line":122,"column":57}},"41":{"start":{"line":124,"column":10},"end":{"line":124,"column":66}},"42":{"start":{"line":131,"column":0},"end":{"line":131,"column":41}}},"fnMap":{"0":{"name":"(anonymous_0)","decl":{"start":{"line":5,"column":2},"end":{"line":5,"column":3}},"loc":{"start":{"line":5,"column":16},"end":{"line":7,"column":3}},"line":5},"1":{"name":"(anonymous_1)","decl":{"start":{"line":10,"column":2},"end":{"line":10,"column":3}},"loc":{"start":{"line":10,"column":24},"end":{"line":54,"column":3}},"line":10},"2":{"name":"(anonymous_2)","decl":{"start":{"line":57,"column":2},"end":{"line":57,"column":3}},"loc":{"start":{"line":57,"column":24},"end":{"line":88,"column":3}},"line":57},"3":{"name":"(anonymous_3)","decl":{"start":{"line":91,"column":2},"end":{"line":91,"column":3}},"loc":{"start":{"line":91,"column":29},"end":{"line":112,"column":3}},"line":91},"4":{"name":"(anonymous_4)","decl":{"start":{"line":102,"column":28},"end":{"line":102,"column":29}},"loc":{"start":{"line":102,"column":37},"end":{"line":104,"column":9}},"line":102},"5":{"name":"(anonymous_5)","decl":{"start":{"line":115,"column":2},"end":{"line":115,"column":3}},"loc":{"start":{"line":115,"column":29},"end":{"line":128,"column":3}},"line":115},"6":{"name":"(anonymous_6)","decl":{"start":{"line":120,"column":9},"end":{"line":120,"column":10}},"loc":{"start":{"line":120,"column":26},"end":{"line":126,"column":7}},"line":120}},"branchMap":{"0":{"loc":{"start":{"line":11,"column":4},"end":{"line":14,"column":5}},"type":"if","locations":[{"start":{"line":11,"column":4},"end":{"line":14,"column":5}},{"start":{},"end":{}}],"line":11},"1":{"loc":{"start":{"line":100,"column":6},"end":{"line":105,"column":7}},"type":"if","locations":[{"start":{"line":100,"column":6},"end":{"line":105,"column":7}},{"start":{},"end":{}}],"line":100},"2":{"loc":{"start":{"line":115,"column":18},"end":{"line":115,"column":27}},"type":"default-arg","locations":[{"start":{"line":115,"column":26},"end":{"line":115,"column":27}}],"line":115},"3":{"loc":{"start":{"line":116,"column":4},"end":{"line":127,"column":5}},"type":"if","locations":[{"start":{"line":116,"column":4},"end":{"line":127,"column":5}},{"start":{},"end":{}}],"line":116},"4":{"loc":{"start":{"line":121,"column":8},"end":{"line":125,"column":9}},"type":"if","locations":[{"start":{"line":121,"column":8},"end":{"line":125,"column":9}},{"start":{"line":123,"column":15},"end":{"line":125,"column":9}}],"line":121}},"s":{"0":0,"1":0,"2":0,"3":0,"4":0,"5":0,"6":0,"7":0,"8":0,"9":0,"10":0,"11":0,"12":0,"13":0,"14":0,"15":0,"16":0,"17":0,"18":0,"19":0,"20":0,"21":0,"22":0,"23":0,"24":0,"25":0,"26":0,"27":0,"28":0,"29":0,"30":0,"31":0,"32":0,"33":0,"34":0,"35":0,"36":0,"37":0,"38":0,"39":0,"40":0,"41":0,"42":0},"f":{"0":0,"1":0,"2":0,"3":0,"4":0,"5":0,"6":0},"b":{"0":[0,0],"1":[0,0],"2":[0],"3":[0,0],"4":[0,0]}}
,"E:\\Alpha\\backend\\src\\utils\\logger.js": {"path":"E:\\Alpha\\backend\\src\\utils\\logger.js","statementMap":{"0":{"start":{"line":1,"column":16},"end":{"line":1,"column":34}},"1":{"start":{"line":2,"column":13},"end":{"line":2,"column":28}},"2":{"start":{"line":4,"column":15},"end":{"line":19,"column":2}},"3":{"start":{"line":21,"column":0},"end":{"line":25,"column":1}},"4":{"start":{"line":22,"column":2},"end":{"line":24,"column":6}},"5":{"start":{"line":27,"column":0},"end":{"line":27,"column":24}}},"fnMap":{},"branchMap":{"0":{"loc":{"start":{"line":21,"column":0},"end":{"line":25,"column":1}},"type":"if","locations":[{"start":{"line":21,"column":0},"end":{"line":25,"column":1}},{"start":{},"end":{}}],"line":21}},"s":{"0":1,"1":1,"2":1,"3":1,"4":1,"5":1},"f":{},"b":{"0":[1,0]},"_coverageSchema":"1a1c01bbd47fc00a2c39e90264f33305004495a9","hash":"7352d8d917c7d258ddd28ee27dbd8a61db232b67"}
}
