TN:
SF:src\app.js
FN:25,(anonymous_0)
FN:59,(anonymous_1)
FN:65,(anonymous_2)
FN:82,(anonymous_3)
FNF:4
FNH:0
FNDA:0,(anonymous_0)
FNDA:0,(anonymous_1)
FNDA:0,(anonymous_2)
FNDA:0,(anonymous_3)
DA:1,0
DA:2,0
DA:3,0
DA:4,0
DA:5,0
DA:6,0
DA:7,0
DA:8,0
DA:10,0
DA:11,0
DA:12,0
DA:13,0
DA:16,0
DA:17,0
DA:18,0
DA:19,0
DA:20,0
DA:22,0
DA:25,0
DA:27,0
DA:30,0
DA:31,0
DA:36,0
DA:37,0
DA:38,0
DA:43,0
DA:44,0
DA:45,0
DA:46,0
DA:49,0
DA:56,0
DA:59,0
DA:60,0
DA:61,0
DA:65,0
DA:66,0
DA:67,0
DA:76,0
DA:77,0
DA:78,0
DA:79,0
DA:80,0
DA:82,0
DA:83,0
DA:90,0
DA:92,0
LF:46
LH:0
BRDA:30,0,0,0
BRDA:30,0,1,0
BRDA:39,1,0,0
BRDA:39,1,1,0
BRF:4
BRH:0
end_of_record
TN:
SF:src\controllers\adminController.js
FN:10,(anonymous_0)
FN:95,(anonymous_1)
FN:153,(anonymous_2)
FN:185,(anonymous_3)
FN:186,(anonymous_4)
FN:200,(anonymous_5)
FN:239,(anonymous_6)
FN:276,(anonymous_7)
FN:329,(anonymous_8)
FN:359,(anonymous_9)
FN:423,(anonymous_10)
FN:437,(anonymous_11)
FN:464,(anonymous_12)
FN:491,(anonymous_13)
FN:496,(anonymous_14)
FN:519,(anonymous_15)
FN:542,(anonymous_16)
FNF:17
FNH:0
FNDA:0,(anonymous_0)
FNDA:0,(anonymous_1)
FNDA:0,(anonymous_2)
FNDA:0,(anonymous_3)
FNDA:0,(anonymous_4)
FNDA:0,(anonymous_5)
FNDA:0,(anonymous_6)
FNDA:0,(anonymous_7)
FNDA:0,(anonymous_8)
FNDA:0,(anonymous_9)
FNDA:0,(anonymous_10)
FNDA:0,(anonymous_11)
FNDA:0,(anonymous_12)
FNDA:0,(anonymous_13)
FNDA:0,(anonymous_14)
FNDA:0,(anonymous_15)
FNDA:0,(anonymous_16)
DA:1,0
DA:2,0
DA:3,0
DA:4,0
DA:5,0
DA:6,0
DA:11,0
DA:12,0
DA:13,0
DA:14,0
DA:15,0
DA:16,0
DA:17,0
DA:29,0
DA:41,0
DA:46,0
DA:53,0
DA:54,0
DA:55,0
DA:58,0
DA:60,0
DA:86,0
DA:87,0
DA:96,0
DA:107,0
DA:109,0
DA:110,0
DA:111,0
DA:116,0
DA:117,0
DA:118,0
DA:119,0
DA:121,0
DA:123,0
DA:129,0
DA:131,0
DA:144,0
DA:145,0
DA:154,0
DA:155,0
DA:157,0
DA:160,0
DA:161,0
DA:168,0
DA:172,0
DA:176,0
DA:185,0
DA:186,0
DA:191,0
DA:192,0
DA:201,0
DA:202,0
DA:203,0
DA:205,0
DA:206,0
DA:207,0
DA:214,0
DA:215,0
DA:216,0
DA:217,0
DA:218,0
DA:220,0
DA:222,0
DA:224,0
DA:230,0
DA:231,0
DA:240,0
DA:241,0
DA:243,0
DA:244,0
DA:245,0
DA:252,0
DA:258,0
DA:260,0
DA:262,0
DA:267,0
DA:268,0
DA:277,0
DA:287,0
DA:289,0
DA:290,0
DA:291,0
DA:293,0
DA:294,0
DA:295,0
DA:297,0
DA:299,0
DA:305,0
DA:307,0
DA:320,0
DA:321,0
DA:330,0
DA:331,0
DA:333,0
DA:334,0
DA:335,0
DA:341,0
DA:343,0
DA:345,0
DA:350,0
DA:351,0
DA:360,0
DA:361,0
DA:364,0
DA:366,0
DA:368,0
DA:369,0
DA:371,0
DA:372,0
DA:374,0
DA:375,0
DA:377,0
DA:378,0
DA:380,0
DA:383,0
DA:388,0
DA:392,0
DA:397,0
DA:401,0
DA:414,0
DA:415,0
DA:424,0
DA:425,0
DA:427,0
DA:428,0
DA:429,0
DA:430,0
DA:431,0
DA:434,0
DA:437,0
DA:446,0
DA:448,0
DA:450,0
DA:455,0
DA:456,0
DA:465,0
DA:466,0
DA:470,0
DA:482,0
DA:483,0
DA:493,0
DA:497,0
DA:498,0
DA:500,0
DA:501,0
DA:502,0
DA:504,0
DA:508,0
DA:513,0
DA:516,0
DA:520,0
DA:521,0
DA:523,0
DA:524,0
DA:525,0
DA:527,0
DA:531,0
DA:536,0
DA:539,0
DA:543,0
DA:544,0
DA:546,0
DA:547,0
DA:548,0
DA:550,0
DA:554,0
DA:559,0
DA:562,0
DA:566,0
LF:169
LH:0
BRDA:98,0,0,0
BRDA:99,1,0,0
BRDA:105,2,0,0
BRDA:106,3,0,0
BRDA:110,4,0,0
BRDA:110,4,1,0
BRDA:116,5,0,0
BRDA:116,5,1,0
BRDA:117,6,0,0
BRDA:117,6,1,0
BRDA:118,7,0,0
BRDA:118,7,1,0
BRDA:119,8,0,0
BRDA:119,8,1,0
BRDA:121,9,0,0
BRDA:121,9,1,0
BRDA:160,10,0,0
BRDA:160,10,1,0
BRDA:185,11,0,0
BRDA:185,11,1,0
BRDA:186,12,0,0
BRDA:186,12,1,0
BRDA:206,13,0,0
BRDA:206,13,1,0
BRDA:214,14,0,0
BRDA:214,14,1,0
BRDA:215,15,0,0
BRDA:215,15,1,0
BRDA:216,16,0,0
BRDA:216,16,1,0
BRDA:217,17,0,0
BRDA:217,17,1,0
BRDA:218,18,0,0
BRDA:218,18,1,0
BRDA:244,19,0,0
BRDA:244,19,1,0
BRDA:279,20,0,0
BRDA:280,21,0,0
BRDA:285,22,0,0
BRDA:286,23,0,0
BRDA:290,24,0,0
BRDA:290,24,1,0
BRDA:293,25,0,0
BRDA:293,25,1,0
BRDA:294,26,0,0
BRDA:294,26,1,0
BRDA:295,27,0,0
BRDA:295,27,1,0
BRDA:297,28,0,0
BRDA:297,28,1,0
BRDA:334,29,0,0
BRDA:334,29,1,0
BRDA:361,30,0,0
BRDA:366,31,0,0
BRDA:366,31,1,0
BRDA:366,31,2,0
BRDA:366,31,3,0
BRDA:366,31,4,0
BRDA:406,32,0,0
BRDA:406,32,1,0
BRDA:425,33,0,0
BRDA:425,34,0,0
BRDA:428,35,0,0
BRDA:428,35,1,0
BRDA:430,36,0,0
BRDA:430,36,1,0
BRDA:466,37,0,0
BRDA:466,38,0,0
BRF:68
BRH:0
end_of_record
TN:
SF:src\controllers\aiController.js
FN:7,(anonymous_0)
FN:36,(anonymous_1)
FN:71,(anonymous_2)
FN:106,(anonymous_3)
FN:132,(anonymous_4)
FN:154,(anonymous_5)
FN:200,(anonymous_6)
FN:242,(anonymous_7)
FN:254,(anonymous_8)
FN:279,(anonymous_9)
FNF:10
FNH:0
FNDA:0,(anonymous_0)
FNDA:0,(anonymous_1)
FNDA:0,(anonymous_2)
FNDA:0,(anonymous_3)
FNDA:0,(anonymous_4)
FNDA:0,(anonymous_5)
FNDA:0,(anonymous_6)
FNDA:0,(anonymous_7)
FNDA:0,(anonymous_8)
FNDA:0,(anonymous_9)
DA:1,0
DA:2,0
DA:3,0
DA:8,0
DA:9,0
DA:11,0
DA:18,0
DA:26,0
DA:27,0
DA:37,0
DA:38,0
DA:40,0
DA:41,0
DA:47,0
DA:52,0
DA:61,0
DA:62,0
DA:72,0
DA:73,0
DA:75,0
DA:76,0
DA:82,0
DA:88,0
DA:96,0
DA:97,0
DA:107,0
DA:108,0
DA:111,0
DA:112,0
DA:113,0
DA:120,0
DA:121,0
DA:128,0
DA:131,0
DA:132,0
DA:137,0
DA:139,0
DA:144,0
DA:145,0
DA:155,0
DA:156,0
DA:158,0
DA:159,0
DA:166,0
DA:167,0
DA:168,0
DA:175,0
DA:176,0
DA:183,0
DA:185,0
DA:190,0
DA:191,0
DA:201,0
DA:202,0
DA:205,0
DA:206,0
DA:207,0
DA:214,0
DA:215,0
DA:222,0
DA:224,0
DA:232,0
DA:233,0
DA:243,0
DA:244,0
DA:246,0
DA:247,0
DA:253,0
DA:255,0
DA:256,0
DA:264,0
DA:269,0
DA:270,0
DA:280,0
DA:282,0
DA:296,0
DA:301,0
DA:302,0
DA:310,0
LF:79
LH:0
BRDA:40,0,0,0
BRDA:40,0,1,0
BRDA:40,1,0,0
BRDA:40,1,1,0
BRDA:48,2,0,0
BRDA:48,2,1,0
BRDA:57,3,0,0
BRDA:57,3,1,0
BRDA:75,4,0,0
BRDA:75,4,1,0
BRDA:84,5,0,0
BRDA:84,5,1,0
BRDA:85,6,0,0
BRDA:85,6,1,0
BRDA:112,7,0,0
BRDA:112,7,1,0
BRDA:120,8,0,0
BRDA:120,8,1,0
BRDA:158,9,0,0
BRDA:158,9,1,0
BRDA:167,10,0,0
BRDA:167,10,1,0
BRDA:175,11,0,0
BRDA:175,11,1,0
BRDA:206,12,0,0
BRDA:206,12,1,0
BRDA:214,13,0,0
BRDA:214,13,1,0
BRDA:246,14,0,0
BRDA:246,14,1,0
BRDA:246,15,0,0
BRDA:246,15,1,0
BRF:32
BRH:0
end_of_record
TN:
SF:src\controllers\authController.js
FN:8,(anonymous_0)
FN:34,(anonymous_1)
FN:74,(anonymous_2)
FN:156,(anonymous_3)
FN:168,(anonymous_4)
FN:217,(anonymous_5)
FN:257,(anonymous_6)
FN:291,(anonymous_7)
FN:341,(anonymous_8)
FN:399,(anonymous_9)
FN:421,(anonymous_10)
FN:440,(anonymous_11)
FN:459,(anonymous_12)
FN:497,(anonymous_13)
FNF:14
FNH:3
FNDA:2,(anonymous_0)
FNDA:0,(anonymous_1)
FNDA:3,(anonymous_2)
FNDA:2,(anonymous_3)
FNDA:0,(anonymous_4)
FNDA:0,(anonymous_5)
FNDA:0,(anonymous_6)
FNDA:0,(anonymous_7)
FNDA:0,(anonymous_8)
FNDA:0,(anonymous_9)
FNDA:0,(anonymous_10)
FNDA:0,(anonymous_11)
FNDA:0,(anonymous_12)
FNDA:0,(anonymous_13)
DA:1,1
DA:2,1
DA:3,1
DA:4,1
DA:9,2
DA:10,2
DA:13,2
DA:14,2
DA:15,1
DA:22,1
DA:30,1
DA:31,1
DA:34,1
DA:35,0
DA:39,1
DA:40,1
DA:43,1
DA:46,0
DA:49,0
DA:50,0
DA:52,0
DA:54,0
DA:64,1
DA:65,1
DA:75,3
DA:76,3
DA:79,3
DA:80,3
DA:81,1
DA:82,1
DA:89,2
DA:90,0
DA:97,2
DA:98,2
DA:99,1
DA:100,1
DA:107,1
DA:109,1
DA:110,1
DA:111,1
DA:113,1
DA:120,0
DA:121,0
DA:124,0
DA:127,0
DA:128,0
DA:131,0
DA:132,0
DA:134,0
DA:136,0
DA:146,0
DA:147,0
DA:157,2
DA:158,2
DA:159,2
DA:160,1
DA:163,0
DA:169,0
DA:170,0
DA:173,0
DA:179,0
DA:184,0
DA:185,0
DA:192,0
DA:193,0
DA:194,0
DA:195,0
DA:198,0
DA:200,0
DA:202,0
DA:207,0
DA:208,0
DA:218,0
DA:219,0
DA:221,0
DA:222,0
DA:223,0
DA:229,0
DA:230,0
DA:237,0
DA:238,0
DA:241,0
DA:243,0
DA:248,0
DA:249,0
DA:258,0
DA:259,0
DA:261,0
DA:262,0
DA:264,0
DA:271,0
DA:272,0
DA:275,0
DA:277,0
DA:282,0
DA:283,0
DA:292,0
DA:293,0
DA:294,0
DA:297,0
DA:303,0
DA:308,0
DA:309,0
DA:316,0
DA:317,0
DA:318,0
DA:319,0
DA:322,0
DA:323,0
DA:325,0
DA:327,0
DA:332,0
DA:333,0
DA:342,0
DA:343,0
DA:345,0
DA:346,0
DA:353,0
DA:356,0
DA:361,0
DA:367,0
DA:368,0
DA:375,0
DA:376,0
DA:379,0
DA:380,0
DA:382,0
DA:390,0
DA:391,0
DA:400,0
DA:401,0
DA:403,0
DA:404,0
DA:407,0
DA:412,0
DA:413,0
DA:422,0
DA:423,0
DA:424,0
DA:426,0
DA:431,0
DA:432,0
DA:441,0
DA:442,0
DA:445,0
DA:450,0
DA:451,0
DA:460,0
DA:461,0
DA:464,0
DA:467,0
DA:468,0
DA:469,0
DA:476,0
DA:477,0
DA:480,0
DA:481,0
DA:483,0
DA:488,0
DA:489,0
DA:498,0
DA:499,0
DA:501,0
DA:506,0
DA:507,0
DA:515,1
LF:166
LH:39
BRDA:14,0,0,1
BRDA:14,0,1,1
BRDA:80,1,0,1
BRDA:80,1,1,2
BRDA:89,2,0,0
BRDA:89,2,1,2
BRDA:98,3,0,1
BRDA:98,3,1,1
BRDA:107,4,0,1
BRDA:107,4,1,0
BRDA:159,5,0,1
BRDA:159,5,1,1
BRDA:184,6,0,0
BRDA:184,6,1,0
BRDA:222,7,0,0
BRDA:222,7,1,0
BRDA:229,8,0,0
BRDA:229,8,1,0
BRDA:262,9,0,0
BRDA:262,9,1,0
BRDA:308,10,0,0
BRDA:308,10,1,0
BRDA:345,11,0,0
BRDA:345,11,1,0
BRDA:367,12,0,0
BRDA:367,12,1,0
BRDA:403,13,0,0
BRDA:403,13,1,0
BRDA:403,14,0,0
BRDA:403,14,1,0
BRDA:468,15,0,0
BRDA:468,15,1,0
BRF:32
BRH:10
end_of_record
TN:
SF:src\controllers\pdfController.js
FN:9,(anonymous_0)
FN:63,(anonymous_1)
FN:114,(anonymous_2)
FN:158,(anonymous_3)
FNF:4
FNH:0
FNDA:0,(anonymous_0)
FNDA:0,(anonymous_1)
FNDA:0,(anonymous_2)
FNDA:0,(anonymous_3)
DA:1,0
DA:2,0
DA:3,0
DA:4,0
DA:5,0
DA:10,0
DA:11,0
DA:12,0
DA:15,0
DA:16,0
DA:17,0
DA:24,0
DA:25,0
DA:32,0
DA:35,0
DA:36,0
DA:39,0
DA:45,0
DA:46,0
DA:47,0
DA:49,0
DA:51,0
DA:53,0
DA:54,0
DA:64,0
DA:65,0
DA:66,0
DA:69,0
DA:70,0
DA:71,0
DA:78,0
DA:79,0
DA:86,0
DA:89,0
DA:90,0
DA:93,0
DA:96,0
DA:97,0
DA:98,0
DA:100,0
DA:102,0
DA:104,0
DA:105,0
DA:115,0
DA:116,0
DA:119,0
DA:120,0
DA:121,0
DA:128,0
DA:129,0
DA:136,0
DA:139,0
DA:142,0
DA:143,0
DA:144,0
DA:146,0
DA:148,0
DA:149,0
DA:159,0
DA:170,0
LF:60
LH:0
BRDA:12,0,0,0
BRDA:16,1,0,0
BRDA:16,1,1,0
BRDA:24,2,0,0
BRDA:24,2,1,0
BRDA:24,3,0,0
BRDA:24,3,1,0
BRDA:41,4,0,0
BRDA:41,4,1,0
BRDA:46,5,0,0
BRDA:46,5,1,0
BRDA:51,6,0,0
BRDA:51,6,1,0
BRDA:66,7,0,0
BRDA:70,8,0,0
BRDA:70,8,1,0
BRDA:78,9,0,0
BRDA:78,9,1,0
BRDA:78,10,0,0
BRDA:78,10,1,0
BRDA:89,11,0,0
BRDA:89,11,1,0
BRDA:102,12,0,0
BRDA:102,12,1,0
BRDA:120,13,0,0
BRDA:120,13,1,0
BRDA:128,14,0,0
BRDA:128,14,1,0
BRDA:128,15,0,0
BRDA:128,15,1,0
BRF:30
BRH:0
end_of_record
TN:
SF:src\controllers\portfolioController.js
FN:7,(anonymous_0)
FN:55,(anonymous_1)
FN:91,(anonymous_2)
FN:142,(anonymous_3)
FN:203,(anonymous_4)
FN:253,(anonymous_5)
FN:335,(anonymous_6)
FN:360,(anonymous_7)
FN:386,(anonymous_8)
FN:421,(anonymous_9)
FN:457,(anonymous_10)
FN:489,(anonymous_11)
FN:522,(anonymous_12)
FN:566,(anonymous_13)
FN:607,(anonymous_14)
FN:620,(anonymous_15)
FN:638,(anonymous_16)
FN:658,(anonymous_17)
FN:676,(anonymous_18)
FN:712,(anonymous_19)
FNF:20
FNH:0
FNDA:0,(anonymous_0)
FNDA:0,(anonymous_1)
FNDA:0,(anonymous_2)
FNDA:0,(anonymous_3)
FNDA:0,(anonymous_4)
FNDA:0,(anonymous_5)
FNDA:0,(anonymous_6)
FNDA:0,(anonymous_7)
FNDA:0,(anonymous_8)
FNDA:0,(anonymous_9)
FNDA:0,(anonymous_10)
FNDA:0,(anonymous_11)
FNDA:0,(anonymous_12)
FNDA:0,(anonymous_13)
FNDA:0,(anonymous_14)
FNDA:0,(anonymous_15)
FNDA:0,(anonymous_16)
FNDA:0,(anonymous_17)
FNDA:0,(anonymous_18)
FNDA:0,(anonymous_19)
DA:1,0
DA:2,0
DA:3,0
DA:8,0
DA:9,0
DA:10,0
DA:12,0
DA:13,0
DA:16,0
DA:17,0
DA:20,0
DA:21,0
DA:24,0
DA:30,0
DA:32,0
DA:45,0
DA:46,0
DA:56,0
DA:57,0
DA:59,0
DA:61,0
DA:62,0
DA:69,0
DA:70,0
DA:76,0
DA:81,0
DA:82,0
DA:92,0
DA:93,0
DA:95,0
DA:97,0
DA:98,0
DA:105,0
DA:107,0
DA:119,0
DA:122,0
DA:124,0
DA:132,0
DA:133,0
DA:143,0
DA:144,0
DA:145,0
DA:147,0
DA:149,0
DA:150,0
DA:156,0
DA:157,0
DA:163,0
DA:165,0
DA:166,0
DA:173,0
DA:174,0
DA:178,0
DA:179,0
DA:181,0
DA:186,0
DA:193,0
DA:194,0
DA:204,0
DA:205,0
DA:208,0
DA:209,0
DA:215,0
DA:216,0
DA:217,0
DA:218,0
DA:224,0
DA:226,0
DA:227,0
DA:233,0
DA:235,0
DA:243,0
DA:244,0
DA:254,0
DA:255,0
DA:258,0
DA:259,0
DA:260,0
DA:266,0
DA:310,0
DA:313,0
DA:317,0
DA:319,0
DA:325,0
DA:326,0
DA:336,0
DA:337,0
DA:339,0
DA:341,0
DA:342,0
DA:349,0
DA:350,0
DA:351,0
DA:352,0
DA:360,0
DA:361,0
DA:362,0
DA:366,0
DA:368,0
DA:370,0
DA:376,0
DA:377,0
DA:387,0
DA:388,0
DA:390,0
DA:392,0
DA:393,0
DA:400,0
DA:404,0
DA:406,0
DA:411,0
DA:412,0
DA:422,0
DA:423,0
DA:425,0
DA:427,0
DA:428,0
DA:434,0
DA:435,0
DA:436,0
DA:438,0
DA:447,0
DA:448,0
DA:458,0
DA:459,0
DA:461,0
DA:463,0
DA:464,0
DA:470,0
DA:471,0
DA:473,0
DA:479,0
DA:480,0
DA:490,0
DA:491,0
DA:492,0
DA:494,0
DA:496,0
DA:497,0
DA:503,0
DA:504,0
DA:506,0
DA:512,0
DA:513,0
DA:523,0
DA:524,0
DA:525,0
DA:527,0
DA:529,0
DA:530,0
DA:536,0
DA:537,0
DA:538,0
DA:544,0
DA:545,0
DA:546,0
DA:548,0
DA:550,0
DA:556,0
DA:557,0
DA:567,0
DA:568,0
DA:569,0
DA:571,0
DA:573,0
DA:574,0
DA:580,0
DA:588,0
DA:589,0
DA:591,0
DA:597,0
DA:598,0
DA:608,0
DA:609,0
DA:611,0
DA:613,0
DA:614,0
DA:620,0
DA:621,0
DA:623,0
DA:628,0
DA:629,0
DA:639,0
DA:640,0
DA:642,0
DA:644,0
DA:645,0
DA:652,0
DA:658,0
DA:661,0
DA:666,0
DA:667,0
DA:677,0
DA:678,0
DA:679,0
DA:681,0
DA:683,0
DA:684,0
DA:691,0
DA:692,0
DA:695,0
DA:697,0
DA:702,0
DA:703,0
DA:713,0
DA:714,0
DA:747,0
DA:752,0
DA:753,0
DA:761,0
LF:210
LH:0
BRDA:9,0,0,0
BRDA:9,1,0,0
BRDA:12,2,0,0
BRDA:12,2,1,0
BRDA:16,3,0,0
BRDA:16,3,1,0
BRDA:20,4,0,0
BRDA:20,4,1,0
BRDA:61,5,0,0
BRDA:61,5,1,0
BRDA:69,6,0,0
BRDA:69,6,1,0
BRDA:69,7,0,0
BRDA:69,7,1,0
BRDA:97,8,0,0
BRDA:97,8,1,0
BRDA:105,9,0,0
BRDA:105,9,1,0
BRDA:149,10,0,0
BRDA:149,10,1,0
BRDA:156,11,0,0
BRDA:156,11,1,0
BRDA:165,12,0,0
BRDA:165,12,1,0
BRDA:178,13,0,0
BRDA:178,13,1,0
BRDA:208,14,0,0
BRDA:208,14,1,0
BRDA:208,15,0,0
BRDA:208,15,1,0
BRDA:216,16,0,0
BRDA:216,16,1,0
BRDA:216,17,0,0
BRDA:216,17,1,0
BRDA:226,18,0,0
BRDA:226,18,1,0
BRDA:259,19,0,0
BRDA:259,19,1,0
BRDA:341,20,0,0
BRDA:341,20,1,0
BRDA:349,21,0,0
BRDA:349,21,1,0
BRDA:349,22,0,0
BRDA:349,22,1,0
BRDA:351,23,0,0
BRDA:351,23,1,0
BRDA:361,24,0,0
BRDA:361,24,1,0
BRDA:361,25,0,0
BRDA:361,25,1,0
BRDA:361,25,2,0
BRDA:392,26,0,0
BRDA:392,26,1,0
BRDA:427,27,0,0
BRDA:427,27,1,0
BRDA:463,28,0,0
BRDA:463,28,1,0
BRDA:496,29,0,0
BRDA:496,29,1,0
BRDA:529,30,0,0
BRDA:529,30,1,0
BRDA:537,31,0,0
BRDA:537,31,1,0
BRDA:544,32,0,0
BRDA:544,32,1,0
BRDA:545,33,0,0
BRDA:545,33,1,0
BRDA:546,34,0,0
BRDA:546,34,1,0
BRDA:573,35,0,0
BRDA:573,35,1,0
BRDA:583,36,0,0
BRDA:583,36,1,0
BRDA:613,37,0,0
BRDA:613,37,1,0
BRDA:644,38,0,0
BRDA:644,38,1,0
BRDA:683,39,0,0
BRDA:683,39,1,0
BRF:79
BRH:0
end_of_record
TN:
SF:src\controllers\realtimeController.js
FN:8,(anonymous_0)
FN:48,(anonymous_1)
FN:80,(anonymous_2)
FN:101,(anonymous_3)
FN:124,(anonymous_4)
FN:144,(anonymous_5)
FN:169,(anonymous_6)
FN:202,(anonymous_7)
FN:247,(anonymous_8)
FN:274,(anonymous_9)
FN:292,(anonymous_10)
FNF:11
FNH:0
FNDA:0,(anonymous_0)
FNDA:0,(anonymous_1)
FNDA:0,(anonymous_2)
FNDA:0,(anonymous_3)
FNDA:0,(anonymous_4)
FNDA:0,(anonymous_5)
FNDA:0,(anonymous_6)
FNDA:0,(anonymous_7)
FNDA:0,(anonymous_8)
FNDA:0,(anonymous_9)
FNDA:0,(anonymous_10)
DA:1,0
DA:2,0
DA:3,0
DA:4,0
DA:9,0
DA:10,0
DA:12,0
DA:13,0
DA:14,0
DA:17,0
DA:22,0
DA:23,0
DA:25,0
DA:39,0
DA:40,0
DA:49,0
DA:50,0
DA:52,0
DA:57,0
DA:58,0
DA:64,0
DA:66,0
DA:71,0
DA:72,0
DA:81,0
DA:82,0
DA:87,0
DA:92,0
DA:93,0
DA:102,0
DA:103,0
DA:105,0
DA:110,0
DA:115,0
DA:116,0
DA:125,0
DA:126,0
DA:129,0
DA:130,0
DA:132,0
DA:135,0
DA:136,0
DA:143,0
DA:144,0
DA:145,0
DA:151,0
DA:160,0
DA:161,0
DA:170,0
DA:171,0
DA:172,0
DA:175,0
DA:176,0
DA:178,0
DA:181,0
DA:182,0
DA:189,0
DA:190,0
DA:197,0
DA:198,0
DA:201,0
DA:202,0
DA:205,0
DA:206,0
DA:212,0
DA:216,0
DA:230,0
DA:238,0
DA:239,0
DA:248,0
DA:249,0
DA:252,0
DA:253,0
DA:255,0
DA:258,0
DA:259,0
DA:266,0
DA:267,0
DA:273,0
DA:274,0
DA:276,0
DA:278,0
DA:283,0
DA:284,0
DA:293,0
DA:295,0
DA:303,0
DA:304,0
DA:312,0
LF:89
LH:0
BRDA:10,0,0,0
BRDA:10,1,0,0
BRDA:10,2,0,0
BRDA:13,3,0,0
BRDA:13,3,1,0
BRDA:57,4,0,0
BRDA:57,4,1,0
BRDA:129,5,0,0
BRDA:129,5,1,0
BRDA:135,6,0,0
BRDA:135,6,1,0
BRDA:143,7,0,0
BRDA:143,7,1,0
BRDA:143,8,0,0
BRDA:143,8,1,0
BRDA:154,9,0,0
BRDA:154,9,1,0
BRDA:172,10,0,0
BRDA:175,11,0,0
BRDA:175,11,1,0
BRDA:181,12,0,0
BRDA:181,12,1,0
BRDA:189,13,0,0
BRDA:189,13,1,0
BRDA:197,14,0,0
BRDA:197,14,1,0
BRDA:205,15,0,0
BRDA:205,15,1,0
BRDA:252,16,0,0
BRDA:252,16,1,0
BRDA:258,17,0,0
BRDA:258,17,1,0
BRDA:266,18,0,0
BRDA:266,18,1,0
BRF:34
BRH:0
end_of_record
TN:
SF:src\controllers\resumeController.js
FN:7,(anonymous_0)
FN:55,(anonymous_1)
FN:97,(anonymous_2)
FN:135,(anonymous_3)
FN:167,(anonymous_4)
FN:181,(anonymous_5)
FN:207,(anonymous_6)
FN:242,(anonymous_7)
FN:291,(anonymous_8)
FN:332,(anonymous_9)
FN:363,(anonymous_10)
FN:417,(anonymous_11)
FN:470,(anonymous_12)
FNF:13
FNH:0
FNDA:0,(anonymous_0)
FNDA:0,(anonymous_1)
FNDA:0,(anonymous_2)
FNDA:0,(anonymous_3)
FNDA:0,(anonymous_4)
FNDA:0,(anonymous_5)
FNDA:0,(anonymous_6)
FNDA:0,(anonymous_7)
FNDA:0,(anonymous_8)
FNDA:0,(anonymous_9)
FNDA:0,(anonymous_10)
FNDA:0,(anonymous_11)
FNDA:0,(anonymous_12)
DA:1,0
DA:2,0
DA:3,0
DA:8,0
DA:9,0
DA:10,0
DA:12,0
DA:13,0
DA:16,0
DA:17,0
DA:20,0
DA:21,0
DA:24,0
DA:30,0
DA:32,0
DA:45,0
DA:46,0
DA:56,0
DA:57,0
DA:59,0
DA:61,0
DA:62,0
DA:69,0
DA:70,0
DA:77,0
DA:78,0
DA:79,0
DA:82,0
DA:87,0
DA:88,0
DA:98,0
DA:99,0
DA:101,0
DA:103,0
DA:104,0
DA:111,0
DA:112,0
DA:115,0
DA:117,0
DA:125,0
DA:126,0
DA:136,0
DA:137,0
DA:142,0
DA:145,0
DA:149,0
DA:151,0
DA:157,0
DA:158,0
DA:168,0
DA:169,0
DA:171,0
DA:173,0
DA:174,0
DA:181,0
DA:182,0
DA:183,0
DA:187,0
DA:189,0
DA:191,0
DA:197,0
DA:198,0
DA:208,0
DA:209,0
DA:211,0
DA:213,0
DA:214,0
DA:221,0
DA:225,0
DA:227,0
DA:232,0
DA:233,0
DA:243,0
DA:244,0
DA:246,0
DA:248,0
DA:249,0
DA:256,0
DA:257,0
DA:258,0
DA:259,0
DA:260,0
DA:261,0
DA:262,0
DA:263,0
DA:265,0
DA:266,0
DA:268,0
DA:271,0
DA:275,0
DA:281,0
DA:282,0
DA:292,0
DA:293,0
DA:295,0
DA:297,0
DA:298,0
DA:304,0
DA:306,0
DA:307,0
DA:308,0
DA:311,0
DA:313,0
DA:322,0
DA:323,0
DA:333,0
DA:334,0
DA:336,0
DA:338,0
DA:339,0
DA:345,0
DA:346,0
DA:348,0
DA:353,0
DA:354,0
DA:364,0
DA:365,0
DA:403,0
DA:408,0
DA:409,0
DA:418,0
DA:419,0
DA:420,0
DA:422,0
DA:424,0
DA:425,0
DA:432,0
DA:434,0
DA:435,0
DA:437,0
DA:438,0
DA:440,0
DA:441,0
DA:443,0
DA:444,0
DA:446,0
DA:452,0
DA:454,0
DA:460,0
DA:461,0
DA:471,0
DA:472,0
DA:485,0
DA:494,0
DA:508,0
DA:509,0
DA:518,0
LF:147
LH:0
BRDA:9,0,0,0
BRDA:9,1,0,0
BRDA:12,2,0,0
BRDA:12,2,1,0
BRDA:16,3,0,0
BRDA:16,3,1,0
BRDA:20,4,0,0
BRDA:20,4,1,0
BRDA:61,5,0,0
BRDA:61,5,1,0
BRDA:69,6,0,0
BRDA:69,6,1,0
BRDA:69,7,0,0
BRDA:69,7,1,0
BRDA:77,8,0,0
BRDA:77,8,1,0
BRDA:77,9,0,0
BRDA:77,9,1,0
BRDA:103,10,0,0
BRDA:103,10,1,0
BRDA:173,11,0,0
BRDA:173,11,1,0
BRDA:182,12,0,0
BRDA:182,12,1,0
BRDA:182,13,0,0
BRDA:182,13,1,0
BRDA:182,13,2,0
BRDA:213,14,0,0
BRDA:213,14,1,0
BRDA:248,15,0,0
BRDA:248,15,1,0
BRDA:297,16,0,0
BRDA:297,16,1,0
BRDA:306,17,0,0
BRDA:306,17,1,0
BRDA:306,18,0,0
BRDA:306,18,1,0
BRDA:315,19,0,0
BRDA:315,19,1,0
BRDA:338,20,0,0
BRDA:338,20,1,0
BRDA:350,21,0,0
BRDA:350,21,1,0
BRDA:424,22,0,0
BRDA:424,22,1,0
BRDA:432,23,0,0
BRDA:432,23,1,0
BRDA:432,23,2,0
BRDA:432,23,3,0
BRDA:432,23,4,0
BRDA:497,24,0,0
BRDA:497,24,1,0
BRF:52
BRH:0
end_of_record
TN:
SF:src\controllers\subscriptionController.js
FN:8,(anonymous_0)
FN:27,(anonymous_1)
FN:55,(anonymous_2)
FN:98,(anonymous_3)
FN:130,(anonymous_4)
FN:167,(anonymous_5)
FN:197,(anonymous_6)
FN:216,(anonymous_7)
FN:221,(anonymous_8)
FNF:9
FNH:0
FNDA:0,(anonymous_0)
FNDA:0,(anonymous_1)
FNDA:0,(anonymous_2)
FNDA:0,(anonymous_3)
FNDA:0,(anonymous_4)
FNDA:0,(anonymous_5)
FNDA:0,(anonymous_6)
FNDA:0,(anonymous_7)
FNDA:0,(anonymous_8)
DA:1,0
DA:2,0
DA:3,0
DA:4,0
DA:9,0
DA:10,0
DA:13,0
DA:18,0
DA:19,0
DA:28,0
DA:29,0
DA:30,0
DA:32,0
DA:46,0
DA:47,0
DA:56,0
DA:57,0
DA:59,0
DA:61,0
DA:62,0
DA:63,0
DA:66,0
DA:81,0
DA:89,0
DA:90,0
DA:99,0
DA:100,0
DA:102,0
DA:103,0
DA:109,0
DA:114,0
DA:121,0
DA:122,0
DA:131,0
DA:132,0
DA:133,0
DA:135,0
DA:136,0
DA:142,0
DA:147,0
DA:148,0
DA:153,0
DA:158,0
DA:159,0
DA:168,0
DA:169,0
DA:171,0
DA:172,0
DA:178,0
DA:183,0
DA:188,0
DA:189,0
DA:198,0
DA:199,0
DA:200,0
DA:206,0
DA:208,0
DA:210,0
DA:211,0
DA:217,0
DA:218,0
DA:222,0
DA:223,0
DA:227,0
LF:64
LH:0
BRDA:40,0,0,0
BRDA:40,0,1,0
BRDA:41,1,0,0
BRDA:41,1,1,0
BRDA:61,2,0,0
BRDA:61,2,1,0
BRDA:74,3,0,0
BRDA:74,3,1,0
BRDA:75,4,0,0
BRDA:75,4,1,0
BRDA:102,5,0,0
BRDA:102,5,1,0
BRDA:132,6,0,0
BRDA:135,7,0,0
BRDA:135,7,1,0
BRDA:135,8,0,0
BRDA:135,8,1,0
BRDA:147,9,0,0
BRDA:147,9,1,0
BRDA:155,10,0,0
BRDA:155,10,1,0
BRDA:171,11,0,0
BRDA:171,11,1,0
BRDA:171,12,0,0
BRDA:171,12,1,0
BRF:25
BRH:0
end_of_record
TN:
SF:src\middleware\auth.js
FN:5,(anonymous_0)
FN:75,(anonymous_1)
FN:76,(anonymous_2)
FN:90,(anonymous_3)
FNF:4
FNH:0
FNDA:0,(anonymous_0)
FNDA:0,(anonymous_1)
FNDA:0,(anonymous_2)
FNDA:0,(anonymous_3)
DA:1,0
DA:2,0
DA:3,0
DA:5,0
DA:6,0
DA:10,0
DA:11,0
DA:14,0
DA:15,0
DA:22,0
DA:25,0
DA:27,0
DA:28,0
DA:34,0
DA:35,0
DA:41,0
DA:42,0
DA:48,0
DA:49,0
DA:51,0
DA:53,0
DA:54,0
DA:60,0
DA:61,0
DA:67,0
DA:75,0
DA:76,0
DA:77,0
DA:78,0
DA:83,0
DA:88,0
DA:90,0
DA:91,0
DA:92,0
DA:95,0
DA:96,0
DA:97,0
DA:100,0
DA:101,0
DA:107,0
DA:108,0
DA:109,0
DA:112,0
LF:43
LH:0
BRDA:10,0,0,0
BRDA:10,0,1,0
BRDA:10,1,0,0
BRDA:10,1,1,0
BRDA:14,2,0,0
BRDA:14,2,1,0
BRDA:27,3,0,0
BRDA:27,3,1,0
BRDA:34,4,0,0
BRDA:34,4,1,0
BRDA:41,5,0,0
BRDA:41,5,1,0
BRDA:53,6,0,0
BRDA:53,6,1,0
BRDA:60,7,0,0
BRDA:60,7,1,0
BRDA:77,8,0,0
BRDA:77,8,1,0
BRDA:92,9,0,0
BRDA:92,9,1,0
BRDA:95,10,0,0
BRDA:95,10,1,0
BRDA:100,11,0,0
BRDA:100,11,1,0
BRF:24
BRH:0
end_of_record
TN:
SF:src\middleware\errorHandler.js
FN:3,(anonymous_0)
FN:24,(anonymous_1)
FNF:2
FNH:0
FNDA:0,(anonymous_0)
FNDA:0,(anonymous_1)
DA:1,0
DA:3,0
DA:4,0
DA:5,0
DA:8,0
DA:11,0
DA:12,0
DA:13,0
DA:17,0
DA:18,0
DA:19,0
DA:23,0
DA:24,0
DA:25,0
DA:29,0
DA:30,0
DA:31,0
DA:34,0
DA:35,0
DA:36,0
DA:39,0
DA:46,0
LF:22
LH:0
BRDA:11,0,0,0
BRDA:11,0,1,0
BRDA:17,1,0,0
BRDA:17,1,1,0
BRDA:23,2,0,0
BRDA:23,2,1,0
BRDA:29,3,0,0
BRDA:29,3,1,0
BRDA:34,4,0,0
BRDA:34,4,1,0
BRDA:39,5,0,0
BRDA:39,5,1,0
BRDA:41,6,0,0
BRDA:41,6,1,0
BRDA:42,7,0,0
BRDA:42,7,1,0
BRF:16
BRH:0
end_of_record
TN:
SF:src\middleware\validate.js
FN:3,(anonymous_0)
FN:10,(anonymous_1)
FNF:2
FNH:0
FNDA:0,(anonymous_0)
FNDA:0,(anonymous_1)
DA:1,0
DA:3,0
DA:4,0
DA:6,0
DA:7,0
DA:10,0
DA:17,0
DA:20,0
LF:8
LH:0
BRDA:6,0,0,0
BRDA:6,0,1,0
BRF:2
BRH:0
end_of_record
TN:
SF:src\models\AdminStats.js
FN:62,(anonymous_0)
FN:74,(anonymous_1)
FNF:2
FNH:0
FNDA:0,(anonymous_0)
FNDA:0,(anonymous_1)
DA:1,0
DA:3,0
DA:59,0
DA:62,0
DA:63,0
DA:64,0
DA:66,0
DA:67,0
DA:68,0
DA:70,0
DA:74,0
DA:75,0
DA:80,0
LF:13
LH:0
BRDA:67,0,0,0
BRDA:67,0,1,0
BRF:2
BRH:0
end_of_record
TN:
SF:src\models\Notification.js
FN:55,(anonymous_0)
FN:61,(anonymous_1)
FN:66,(anonymous_2)
FNF:3
FNH:0
FNDA:0,(anonymous_0)
FNDA:0,(anonymous_1)
FNDA:0,(anonymous_2)
DA:1,0
DA:3,0
DA:50,0
DA:51,0
DA:52,0
DA:55,0
DA:56,0
DA:57,0
DA:61,0
DA:62,0
DA:66,0
DA:67,0
DA:71,0
DA:72,0
DA:75,0
LF:15
LH:0
BRF:0
BRH:0
end_of_record
TN:
SF:src\models\Portfolio.js
FN:157,(anonymous_0)
FN:240,(anonymous_1)
FN:249,(anonymous_2)
FN:265,(anonymous_3)
FN:273,(anonymous_4)
FN:283,(anonymous_5)
FN:289,(anonymous_6)
FN:297,(anonymous_7)
FNF:8
FNH:0
FNDA:0,(anonymous_0)
FNDA:0,(anonymous_1)
FNDA:0,(anonymous_2)
FNDA:0,(anonymous_3)
FNDA:0,(anonymous_4)
FNDA:0,(anonymous_5)
FNDA:0,(anonymous_6)
FNDA:0,(anonymous_7)
DA:1,0
DA:4,0
DA:38,0
DA:66,0
DA:110,0
DA:126,0
DA:157,0
DA:221,0
DA:222,0
DA:223,0
DA:224,0
DA:225,0
DA:226,0
DA:229,0
DA:240,0
DA:241,0
DA:242,0
DA:243,0
DA:245,0
DA:249,0
DA:250,0
DA:251,0
DA:254,0
DA:255,0
DA:257,0
DA:258,0
DA:261,0
DA:265,0
DA:266,0
DA:267,0
DA:269,0
DA:273,0
DA:274,0
DA:275,0
DA:281,0
DA:282,0
DA:283,0
DA:285,0
DA:289,0
DA:290,0
DA:297,0
DA:298,0
DA:306,0
LF:43
LH:0
BRDA:242,0,0,0
BRDA:242,0,1,0
BRDA:242,1,0,0
BRDA:242,1,1,0
BRDA:250,2,0,0
BRDA:250,2,1,0
BRDA:257,3,0,0
BRDA:257,3,1,0
BRDA:257,4,0,0
BRDA:257,4,1,0
BRDA:266,5,0,0
BRDA:266,5,1,0
BRDA:266,6,0,0
BRDA:266,6,1,0
BRDA:289,7,0,0
BRDA:297,8,0,0
BRF:16
BRH:0
end_of_record
TN:
SF:src\models\Resume.js
FN:346,(anonymous_0)
FN:352,(anonymous_1)
FN:361,(anonymous_2)
FN:365,(anonymous_3)
FN:376,(anonymous_4)
FN:383,(anonymous_5)
FNF:6
FNH:2
FNDA:3,(anonymous_0)
FNDA:3,(anonymous_1)
FNDA:0,(anonymous_2)
FNDA:0,(anonymous_3)
FNDA:0,(anonymous_4)
FNDA:0,(anonymous_5)
DA:1,1
DA:4,1
DA:40,1
DA:78,1
DA:104,1
DA:138,1
DA:157,1
DA:171,1
DA:191,1
DA:320,1
DA:321,1
DA:322,1
DA:323,1
DA:324,1
DA:325,1
DA:328,1
DA:346,1
DA:347,3
DA:348,3
DA:352,1
DA:353,3
DA:354,1
DA:355,1
DA:357,3
DA:361,1
DA:362,0
DA:364,0
DA:365,0
DA:366,0
DA:367,0
DA:368,0
DA:369,0
DA:372,0
DA:376,1
DA:377,0
DA:379,0
DA:383,1
DA:384,0
DA:390,1
LF:39
LH:28
BRDA:353,0,0,1
BRDA:353,0,1,2
BRDA:353,1,0,3
BRDA:353,1,1,1
BRDA:362,2,0,0
BRDA:362,2,1,0
BRDA:362,3,0,0
BRDA:362,3,1,0
BRDA:366,4,0,0
BRDA:366,4,1,0
BRDA:367,5,0,0
BRDA:367,5,1,0
BRDA:383,6,0,0
BRF:13
BRH:4
end_of_record
TN:
SF:src\models\Subscription.js
FN:134,(anonymous_0)
FN:151,(anonymous_1)
FN:160,(anonymous_2)
FN:165,(anonymous_3)
FNF:4
FNH:0
FNDA:0,(anonymous_0)
FNDA:0,(anonymous_1)
FNDA:0,(anonymous_2)
FNDA:0,(anonymous_3)
DA:1,0
DA:3,0
DA:53,0
DA:127,0
DA:128,0
DA:129,0
DA:130,0
DA:131,0
DA:134,0
DA:135,0
DA:136,0
DA:137,0
DA:141,0
DA:147,0
DA:148,0
DA:151,0
DA:152,0
DA:153,0
DA:155,0
DA:156,0
DA:157,0
DA:160,0
DA:161,0
DA:165,0
DA:166,0
DA:186,0
DA:189,0
DA:190,0
DA:192,0
LF:29
LH:0
BRDA:136,0,0,0
BRDA:136,0,1,0
BRDA:148,1,0,0
BRDA:148,1,1,0
BRDA:148,2,0,0
BRDA:148,2,1,0
BRDA:152,3,0,0
BRDA:152,3,1,0
BRDA:186,4,0,0
BRDA:186,4,1,0
BRF:10
BRH:0
end_of_record
TN:
SF:src\models\User.js
FN:102,(anonymous_0)
FN:115,(anonymous_1)
FN:121,(anonymous_2)
FN:126,(anonymous_3)
FN:137,(anonymous_4)
FN:148,(anonymous_5)
FN:159,(anonymous_6)
FN:161,(anonymous_7)
FN:166,(anonymous_8)
FN:183,(anonymous_9)
FN:190,(anonymous_10)
FN:197,(anonymous_11)
FNF:12
FNH:6
FNDA:11,(anonymous_0)
FNDA:11,(anonymous_1)
FNDA:2,(anonymous_2)
FNDA:2,(anonymous_3)
FNDA:0,(anonymous_4)
FNDA:1,(anonymous_5)
FNDA:0,(anonymous_6)
FNDA:0,(anonymous_7)
FNDA:1,(anonymous_8)
FNDA:0,(anonymous_9)
FNDA:0,(anonymous_10)
FNDA:0,(anonymous_11)
DA:1,2
DA:2,2
DA:3,2
DA:5,2
DA:96,2
DA:97,2
DA:98,2
DA:99,2
DA:102,2
DA:103,11
DA:105,8
DA:106,8
DA:107,8
DA:108,8
DA:110,0
DA:115,2
DA:116,11
DA:117,11
DA:121,2
DA:122,2
DA:126,2
DA:127,2
DA:128,2
DA:132,2
DA:133,2
DA:137,2
DA:138,0
DA:139,0
DA:143,0
DA:144,0
DA:148,2
DA:149,1
DA:155,0
DA:159,2
DA:160,0
DA:161,0
DA:162,0
DA:166,2
DA:167,1
DA:175,1
DA:176,0
DA:179,1
DA:183,2
DA:184,0
DA:185,0
DA:186,0
DA:190,2
DA:191,0
DA:192,0
DA:197,2
DA:198,0
DA:199,0
DA:203,2
LF:53
LH:36
BRDA:103,0,0,3
BRDA:103,0,1,8
BRDA:175,1,0,0
BRDA:175,1,1,1
BRDA:192,2,0,0
BRDA:192,2,1,0
BRDA:199,3,0,0
BRDA:199,3,1,0
BRF:8
BRH:3
end_of_record
TN:
SF:src\routes\adminRoutes.js
FNF:0
FNH:0
DA:1,0
DA:2,0
DA:3,0
DA:4,0
DA:7,0
DA:8,0
DA:11,0
DA:12,0
DA:15,0
DA:16,0
DA:17,0
DA:18,0
DA:21,0
DA:22,0
DA:25,0
DA:26,0
DA:28,0
LF:17
LH:0
BRF:0
BRH:0
end_of_record
TN:
SF:src\routes\aiRoutes.js
FNF:0
FNH:0
DA:1,0
DA:2,0
DA:3,0
DA:4,0
DA:7,0
DA:10,0
DA:11,0
DA:12,0
DA:13,0
DA:14,0
DA:15,0
DA:16,0
DA:19,0
DA:21,0
LF:14
LH:0
BRF:0
BRH:0
end_of_record
TN:
SF:src\routes\authRoutes.js
FNF:0
FNH:0
DA:1,0
DA:2,0
DA:3,0
DA:4,0
DA:5,0
DA:6,0
DA:9,0
DA:22,0
DA:30,0
DA:36,0
DA:42,0
DA:51,0
DA:52,0
DA:53,0
DA:54,0
DA:55,0
DA:56,0
DA:57,0
DA:60,0
DA:61,0
DA:62,0
DA:63,0
DA:64,0
DA:65,0
DA:67,0
LF:25
LH:0
BRF:0
BRH:0
end_of_record
TN:
SF:src\routes\pdfRoutes.js
FNF:0
FNH:0
DA:1,0
DA:2,0
DA:3,0
DA:4,0
DA:7,0
DA:10,0
DA:13,0
DA:14,0
DA:17,0
DA:20,0
DA:22,0
LF:11
LH:0
BRF:0
BRH:0
end_of_record
TN:
SF:src\routes\portfolioRoutes.js
FNF:0
FNH:0
DA:1,0
DA:2,0
DA:3,0
DA:4,0
DA:7,0
DA:8,0
DA:9,0
DA:10,0
DA:11,0
DA:14,0
DA:17,0
DA:18,0
DA:19,0
DA:20,0
DA:21,0
DA:22,0
DA:25,0
DA:26,0
DA:29,0
DA:30,0
DA:31,0
DA:32,0
DA:34,0
LF:23
LH:0
BRF:0
BRH:0
end_of_record
TN:
SF:src\routes\realtimeRoutes.js
FNF:0
FNH:0
DA:1,0
DA:2,0
DA:3,0
DA:4,0
DA:7,0
DA:10,0
DA:11,0
DA:12,0
DA:13,0
DA:16,0
DA:17,0
DA:18,0
DA:21,0
DA:23,0
LF:14
LH:0
BRF:0
BRH:0
end_of_record
TN:
SF:src\routes\resumeRoutes.js
FNF:0
FNH:0
DA:1,0
DA:2,0
DA:3,0
DA:4,0
DA:7,0
DA:10,0
DA:11,0
DA:12,0
DA:13,0
DA:14,0
DA:15,0
DA:16,0
DA:17,0
DA:18,0
DA:19,0
DA:20,0
DA:21,0
DA:23,0
LF:18
LH:0
BRF:0
BRH:0
end_of_record
TN:
SF:src\routes\subscriptionRoutes.js
FNF:0
FNH:0
DA:1,0
DA:2,0
DA:3,0
DA:4,0
DA:7,0
DA:10,0
DA:13,0
DA:14,0
DA:15,0
DA:16,0
DA:17,0
DA:18,0
DA:20,0
LF:13
LH:0
BRF:0
BRH:0
end_of_record
TN:
SF:src\routes\userRoutes.js
FN:6,(anonymous_0)
FN:13,(anonymous_1)
FN:18,(anonymous_2)
FNF:3
FNH:0
FNDA:0,(anonymous_0)
FNDA:0,(anonymous_1)
FNDA:0,(anonymous_2)
DA:1,0
DA:2,0
DA:3,0
DA:6,0
DA:7,0
DA:13,0
DA:14,0
DA:15,0
DA:16,0
DA:18,0
DA:19,0
DA:20,0
DA:24,0
DA:30,0
DA:35,0
DA:42,0
LF:16
LH:0
BRDA:19,0,0,0
BRDA:19,0,1,0
BRF:2
BRH:0
end_of_record
TN:
SF:src\services\aiService.js
FN:5,(anonymous_0)
FN:10,(anonymous_1)
FN:22,(anonymous_2)
FN:54,(anonymous_3)
FN:86,(anonymous_4)
FN:111,(anonymous_5)
FN:119,(anonymous_6)
FN:152,(anonymous_7)
FN:188,(anonymous_8)
FN:213,(anonymous_9)
FN:221,(anonymous_10)
FN:231,(anonymous_11)
FN:250,(anonymous_12)
FN:271,(anonymous_13)
FN:276,(anonymous_14)
FN:277,(anonymous_15)
FN:284,(anonymous_16)
FN:286,(anonymous_17)
FN:293,(anonymous_18)
FN:297,(anonymous_19)
FN:301,(anonymous_20)
FN:317,(anonymous_21)
FN:327,(anonymous_22)
FN:335,(anonymous_23)
FNF:24
FNH:0
FNDA:0,(anonymous_0)
FNDA:0,(anonymous_1)
FNDA:0,(anonymous_2)
FNDA:0,(anonymous_3)
FNDA:0,(anonymous_4)
FNDA:0,(anonymous_5)
FNDA:0,(anonymous_6)
FNDA:0,(anonymous_7)
FNDA:0,(anonymous_8)
FNDA:0,(anonymous_9)
FNDA:0,(anonymous_10)
FNDA:0,(anonymous_11)
FNDA:0,(anonymous_12)
FNDA:0,(anonymous_13)
FNDA:0,(anonymous_14)
FNDA:0,(anonymous_15)
FNDA:0,(anonymous_16)
FNDA:0,(anonymous_17)
FNDA:0,(anonymous_18)
FNDA:0,(anonymous_19)
FNDA:0,(anonymous_20)
FNDA:0,(anonymous_21)
FNDA:0,(anonymous_22)
FNDA:0,(anonymous_23)
DA:1,0
DA:2,0
DA:6,0
DA:7,0
DA:11,0
DA:12,0
DA:15,0
DA:17,0
DA:23,0
DA:24,0
DA:26,0
DA:27,0
DA:30,0
DA:46,0
DA:48,0
DA:49,0
DA:55,0
DA:56,0
DA:58,0
DA:59,0
DA:62,0
DA:78,0
DA:80,0
DA:81,0
DA:87,0
DA:88,0
DA:90,0
DA:91,0
DA:94,0
DA:110,0
DA:111,0
DA:113,0
DA:114,0
DA:120,0
DA:121,0
DA:123,0
DA:124,0
DA:127,0
DA:143,0
DA:144,0
DA:146,0
DA:147,0
DA:153,0
DA:154,0
DA:156,0
DA:157,0
DA:160,0
DA:176,0
DA:182,0
DA:183,0
DA:189,0
DA:190,0
DA:192,0
DA:193,0
DA:196,0
DA:212,0
DA:213,0
DA:215,0
DA:216,0
DA:222,0
DA:232,0
DA:252,0
DA:253,0
DA:256,0
DA:257,0
DA:258,0
DA:260,0
DA:272,0
DA:273,0
DA:275,0
DA:276,0
DA:277,0
DA:280,0
DA:285,0
DA:286,0
DA:287,0
DA:289,0
DA:294,0
DA:298,0
DA:302,0
DA:309,0
DA:310,0
DA:311,0
DA:314,0
DA:318,0
DA:328,0
DA:336,0
DA:346,0
LF:88
LH:0
BRDA:11,0,0,0
BRDA:11,0,1,0
BRDA:26,1,0,0
BRDA:26,1,1,0
BRDA:54,2,0,0
BRDA:56,3,0,0
BRDA:56,3,1,0
BRDA:58,4,0,0
BRDA:58,4,1,0
BRDA:86,5,0,0
BRDA:90,6,0,0
BRDA:90,6,1,0
BRDA:119,7,0,0
BRDA:123,8,0,0
BRDA:123,8,1,0
BRDA:154,9,0,0
BRDA:154,9,1,0
BRDA:156,10,0,0
BRDA:156,10,1,0
BRDA:190,11,0,0
BRDA:190,11,1,0
BRDA:192,12,0,0
BRDA:192,12,1,0
BRDA:222,13,0,0
BRDA:222,13,1,0
BRDA:223,14,0,0
BRDA:223,14,1,0
BRDA:224,15,0,0
BRDA:224,15,1,0
BRDA:225,16,0,0
BRDA:225,16,1,0
BRDA:233,17,0,0
BRDA:233,17,1,0
BRDA:234,18,0,0
BRDA:234,18,1,0
BRDA:235,19,0,0
BRDA:235,19,1,0
BRDA:236,20,0,0
BRDA:236,20,1,0
BRDA:237,21,0,0
BRDA:237,21,1,0
BRDA:239,22,0,0
BRDA:239,22,1,0
BRDA:253,23,0,0
BRDA:253,23,1,0
BRDA:271,24,0,0
BRDA:275,25,0,0
BRDA:275,25,1,0
BRDA:294,26,0,0
BRDA:294,26,1,0
BRDA:294,27,0,0
BRDA:294,27,1,0
BRDA:310,28,0,0
BRDA:310,28,1,0
BRF:54
BRH:0
end_of_record
TN:
SF:src\services\emailService.js
FN:5,(anonymous_0)
FN:10,(anonymous_1)
FN:30,(anonymous_2)
FN:57,(anonymous_3)
FN:107,(anonymous_4)
FN:158,(anonymous_5)
FNF:6
FNH:4
FNDA:1,(anonymous_0)
FNDA:1,(anonymous_1)
FNDA:2,(anonymous_2)
FNDA:2,(anonymous_3)
FNDA:0,(anonymous_4)
FNDA:0,(anonymous_5)
DA:1,1
DA:2,1
DA:6,1
DA:7,1
DA:11,1
DA:12,0
DA:24,0
DA:26,1
DA:31,2
DA:32,2
DA:34,2
DA:35,2
DA:36,2
DA:37,2
DA:40,0
DA:48,0
DA:49,0
DA:50,0
DA:52,0
DA:53,0
DA:58,2
DA:60,2
DA:97,2
DA:99,2
DA:108,0
DA:110,0
DA:148,0
DA:150,0
DA:159,0
DA:161,0
DA:210,0
DA:219,1
LF:32
LH:17
BRDA:11,0,0,0
BRDA:11,0,1,1
BRDA:11,1,0,1
BRDA:11,1,1,0
BRDA:32,2,0,2
BRDA:32,2,1,0
BRDA:36,3,0,2
BRDA:36,3,1,0
BRDA:41,4,0,0
BRDA:41,4,1,0
BRF:10
BRH:4
end_of_record
TN:
SF:src\services\paymentService.js
FN:7,(anonymous_0)
FN:11,(anonymous_1)
FN:23,(anonymous_2)
FN:107,(anonymous_3)
FN:129,(anonymous_4)
FN:190,(anonymous_5)
FN:215,(anonymous_6)
FN:241,(anonymous_7)
FN:265,(anonymous_8)
FN:284,(anonymous_9)
FN:302,(anonymous_10)
FN:319,(anonymous_11)
FN:332,(anonymous_12)
FN:346,(anonymous_13)
FN:359,(anonymous_14)
FNF:15
FNH:0
FNDA:0,(anonymous_0)
FNDA:0,(anonymous_1)
FNDA:0,(anonymous_2)
FNDA:0,(anonymous_3)
FNDA:0,(anonymous_4)
FNDA:0,(anonymous_5)
FNDA:0,(anonymous_6)
FNDA:0,(anonymous_7)
FNDA:0,(anonymous_8)
FNDA:0,(anonymous_9)
FNDA:0,(anonymous_10)
FNDA:0,(anonymous_11)
FNDA:0,(anonymous_12)
FNDA:0,(anonymous_13)
FNDA:0,(anonymous_14)
DA:1,0
DA:2,0
DA:3,0
DA:4,0
DA:8,0
DA:12,0
DA:14,0
DA:15,0
DA:16,0
DA:19,0
DA:24,0
DA:101,0
DA:102,0
DA:104,0
DA:108,0
DA:109,0
DA:118,0
DA:122,0
DA:124,0
DA:125,0
DA:130,0
DA:131,0
DA:133,0
DA:134,0
DA:135,0
DA:138,0
DA:139,0
DA:142,0
DA:149,0
DA:160,0
DA:161,0
DA:173,0
DA:179,0
DA:185,0
DA:186,0
DA:191,0
DA:192,0
DA:193,0
DA:194,0
DA:198,0
DA:200,0
DA:203,0
DA:207,0
DA:210,0
DA:211,0
DA:216,0
DA:217,0
DA:218,0
DA:220,0
DA:228,0
DA:229,0
DA:234,0
DA:236,0
DA:237,0
DA:242,0
DA:243,0
DA:245,0
DA:246,0
DA:248,0
DA:249,0
DA:251,0
DA:252,0
DA:254,0
DA:255,0
DA:257,0
DA:260,0
DA:261,0
DA:266,0
DA:270,0
DA:271,0
DA:272,0
DA:273,0
DA:274,0
DA:275,0
DA:278,0
DA:285,0
DA:290,0
DA:294,0
DA:295,0
DA:304,0
DA:305,0
DA:309,0
DA:311,0
DA:312,0
DA:313,0
DA:314,0
DA:321,0
DA:325,0
DA:326,0
DA:327,0
DA:333,0
DA:334,0
DA:339,0
DA:341,0
DA:342,0
DA:347,0
DA:348,0
DA:352,0
DA:354,0
DA:355,0
DA:360,0
DA:361,0
DA:364,0
DA:366,0
DA:367,0
DA:372,0
LF:106
LH:0
BRDA:15,0,0,0
BRDA:15,0,1,0
BRDA:129,1,0,0
BRDA:133,2,0,0
BRDA:133,2,1,0
BRDA:138,3,0,0
BRDA:138,3,1,0
BRDA:190,4,0,0
BRDA:192,5,0,0
BRDA:192,5,1,0
BRDA:243,6,0,0
BRDA:243,6,1,0
BRDA:243,6,2,0
BRDA:243,6,3,0
BRDA:243,6,4,0
BRDA:270,7,0,0
BRDA:270,7,1,0
BRDA:294,8,0,0
BRDA:294,8,1,0
BRDA:304,9,0,0
BRDA:304,9,1,0
BRDA:309,10,0,0
BRDA:309,10,1,0
BRDA:325,11,0,0
BRDA:325,11,1,0
BRDA:332,12,0,0
BRDA:332,13,0,0
BRF:27
BRH:0
end_of_record
TN:
SF:src\services\pdfService.js
FN:7,(anonymous_0)
FN:12,(anonymous_1)
FN:24,(anonymous_2)
FN:32,(anonymous_3)
FN:68,(anonymous_4)
FN:78,(anonymous_5)
FN:88,(anonymous_6)
FN:105,(anonymous_7)
FN:242,(anonymous_8)
FN:249,(anonymous_9)
FN:260,(anonymous_10)
FN:274,(anonymous_11)
FN:282,(anonymous_12)
FN:288,(anonymous_13)
FN:303,(anonymous_14)
FN:401,(anonymous_15)
FN:417,(anonymous_16)
FN:427,(anonymous_17)
FN:561,(anonymous_18)
FN:584,(anonymous_19)
FN:597,(anonymous_20)
FN:613,(anonymous_21)
FN:729,(anonymous_22)
FN:743,(anonymous_23)
FN:754,(anonymous_24)
FN:905,(anonymous_25)
FN:919,(anonymous_26)
FN:942,(anonymous_27)
FN:956,(anonymous_28)
FN:974,(anonymous_29)
FN:1089,(anonymous_30)
FN:1089,(anonymous_31)
FN:1089,(anonymous_32)
FN:1103,(anonymous_33)
FN:1114,(anonymous_34)
FN:1120,(anonymous_35)
FN:1133,(anonymous_36)
FN:1146,(anonymous_37)
FN:1154,(anonymous_38)
FN:1165,(anonymous_39)
FNF:40
FNH:0
FNDA:0,(anonymous_0)
FNDA:0,(anonymous_1)
FNDA:0,(anonymous_2)
FNDA:0,(anonymous_3)
FNDA:0,(anonymous_4)
FNDA:0,(anonymous_5)
FNDA:0,(anonymous_6)
FNDA:0,(anonymous_7)
FNDA:0,(anonymous_8)
FNDA:0,(anonymous_9)
FNDA:0,(anonymous_10)
FNDA:0,(anonymous_11)
FNDA:0,(anonymous_12)
FNDA:0,(anonymous_13)
FNDA:0,(anonymous_14)
FNDA:0,(anonymous_15)
FNDA:0,(anonymous_16)
FNDA:0,(anonymous_17)
FNDA:0,(anonymous_18)
FNDA:0,(anonymous_19)
FNDA:0,(anonymous_20)
FNDA:0,(anonymous_21)
FNDA:0,(anonymous_22)
FNDA:0,(anonymous_23)
FNDA:0,(anonymous_24)
FNDA:0,(anonymous_25)
FNDA:0,(anonymous_26)
FNDA:0,(anonymous_27)
FNDA:0,(anonymous_28)
FNDA:0,(anonymous_29)
FNDA:0,(anonymous_30)
FNDA:0,(anonymous_31)
FNDA:0,(anonymous_32)
FNDA:0,(anonymous_33)
FNDA:0,(anonymous_34)
FNDA:0,(anonymous_35)
FNDA:0,(anonymous_36)
FNDA:0,(anonymous_37)
FNDA:0,(anonymous_38)
FNDA:0,(anonymous_39)
DA:1,0
DA:2,0
DA:3,0
DA:4,0
DA:8,0
DA:9,0
DA:13,0
DA:14,0
DA:18,0
DA:20,0
DA:25,0
DA:26,0
DA:28,0
DA:33,0
DA:34,0
DA:36,0
DA:38,0
DA:44,0
DA:57,0
DA:58,0
DA:60,0
DA:61,0
DA:63,0
DA:69,0
DA:70,0
DA:79,0
DA:80,0
DA:89,0
DA:90,0
DA:92,0
DA:100,0
DA:101,0
DA:106,0
DA:242,0
DA:249,0
DA:260,0
DA:274,0
DA:282,0
DA:288,0
DA:304,0
DA:401,0
DA:417,0
DA:428,0
DA:561,0
DA:584,0
DA:597,0
DA:614,0
DA:729,0
DA:743,0
DA:755,0
DA:905,0
DA:919,0
DA:942,0
DA:956,0
DA:975,0
DA:976,0
DA:978,0
DA:1089,0
DA:1090,0
DA:1092,0
DA:1099,0
DA:1103,0
DA:1110,0
DA:1114,0
DA:1120,0
DA:1129,0
DA:1133,0
DA:1147,0
DA:1148,0
DA:1149,0
DA:1150,0
DA:1155,0
DA:1161,0
DA:1166,0
DA:1167,0
DA:1168,0
DA:1173,0
LF:77
LH:0
BRDA:25,0,0,0
BRDA:25,0,1,0
BRDA:32,1,0,0
BRDA:68,2,0,0
BRDA:78,3,0,0
BRDA:88,4,0,0
BRDA:89,5,0,0
BRDA:89,5,1,0
BRDA:90,6,0,0
BRDA:90,6,1,0
BRDA:100,7,0,0
BRDA:100,7,1,0
BRDA:220,8,0,0
BRDA:220,8,1,0
BRDA:221,9,0,0
BRDA:221,9,1,0
BRDA:223,10,0,0
BRDA:223,10,1,0
BRDA:224,11,0,0
BRDA:224,11,1,0
BRDA:225,12,0,0
BRDA:225,12,1,0
BRDA:226,13,0,0
BRDA:226,13,1,0
BRDA:227,14,0,0
BRDA:227,14,1,0
BRDA:232,15,0,0
BRDA:232,15,1,0
BRDA:239,16,0,0
BRDA:239,16,1,0
BRDA:239,17,0,0
BRDA:239,17,1,0
BRDA:245,18,0,0
BRDA:245,18,1,0
BRDA:245,19,0,0
BRDA:245,19,1,0
BRDA:245,20,0,0
BRDA:245,20,1,0
BRDA:246,21,0,0
BRDA:246,21,1,0
BRDA:247,22,0,0
BRDA:247,22,1,0
BRDA:247,23,0,0
BRDA:247,23,1,0
BRDA:257,24,0,0
BRDA:257,24,1,0
BRDA:257,25,0,0
BRDA:257,25,1,0
BRDA:263,26,0,0
BRDA:263,26,1,0
BRDA:263,27,0,0
BRDA:263,27,1,0
BRDA:263,28,0,0
BRDA:263,28,1,0
BRDA:264,29,0,0
BRDA:264,29,1,0
BRDA:270,30,0,0
BRDA:270,30,1,0
BRDA:270,31,0,0
BRDA:270,31,1,0
BRDA:279,32,0,0
BRDA:279,32,1,0
BRDA:279,33,0,0
BRDA:279,33,1,0
BRDA:285,34,0,0
BRDA:285,34,1,0
BRDA:286,35,0,0
BRDA:286,35,1,0
BRDA:286,36,0,0
BRDA:286,36,1,0
BRDA:386,37,0,0
BRDA:386,37,1,0
BRDA:388,38,0,0
BRDA:388,38,1,0
BRDA:388,39,0,0
BRDA:388,39,1,0
BRDA:388,40,0,0
BRDA:388,40,1,0
BRDA:391,41,0,0
BRDA:391,41,1,0
BRDA:398,42,0,0
BRDA:398,42,1,0
BRDA:398,43,0,0
BRDA:398,43,1,0
BRDA:405,44,0,0
BRDA:405,44,1,0
BRDA:405,45,0,0
BRDA:405,45,1,0
BRDA:405,46,0,0
BRDA:405,46,1,0
BRDA:408,47,0,0
BRDA:408,47,1,0
BRDA:414,48,0,0
BRDA:414,48,1,0
BRDA:414,49,0,0
BRDA:414,49,1,0
BRDA:548,50,0,0
BRDA:548,50,1,0
BRDA:549,51,0,0
BRDA:549,51,1,0
BRDA:553,52,0,0
BRDA:553,52,1,0
BRDA:554,53,0,0
BRDA:554,53,1,0
BRDA:555,54,0,0
BRDA:555,54,1,0
BRDA:558,55,0,0
BRDA:558,55,1,0
BRDA:558,56,0,0
BRDA:558,56,1,0
BRDA:574,57,0,0
BRDA:574,57,1,0
BRDA:581,58,0,0
BRDA:581,58,1,0
BRDA:581,59,0,0
BRDA:581,59,1,0
BRDA:587,60,0,0
BRDA:587,60,1,0
BRDA:587,61,0,0
BRDA:587,61,1,0
BRDA:587,62,0,0
BRDA:587,62,1,0
BRDA:588,63,0,0
BRDA:588,63,1,0
BRDA:594,64,0,0
BRDA:594,64,1,0
BRDA:594,65,0,0
BRDA:594,65,1,0
BRDA:600,66,0,0
BRDA:600,66,1,0
BRDA:712,67,0,0
BRDA:712,67,1,0
BRDA:713,68,0,0
BRDA:713,68,1,0
BRDA:715,69,0,0
BRDA:715,69,1,0
BRDA:715,70,0,0
BRDA:715,70,1,0
BRDA:715,71,0,0
BRDA:715,71,1,0
BRDA:719,72,0,0
BRDA:719,72,1,0
BRDA:726,73,0,0
BRDA:726,73,1,0
BRDA:726,74,0,0
BRDA:726,74,1,0
BRDA:732,75,0,0
BRDA:732,75,1,0
BRDA:732,76,0,0
BRDA:732,76,1,0
BRDA:732,77,0,0
BRDA:732,77,1,0
BRDA:733,78,0,0
BRDA:733,78,1,0
BRDA:739,79,0,0
BRDA:739,79,1,0
BRDA:739,80,0,0
BRDA:739,80,1,0
BRDA:890,81,0,0
BRDA:890,81,1,0
BRDA:891,82,0,0
BRDA:891,82,1,0
BRDA:893,83,0,0
BRDA:893,83,1,0
BRDA:894,84,0,0
BRDA:894,84,1,0
BRDA:895,85,0,0
BRDA:895,85,1,0
BRDA:896,86,0,0
BRDA:896,86,1,0
BRDA:902,87,0,0
BRDA:902,87,1,0
BRDA:902,88,0,0
BRDA:902,88,1,0
BRDA:916,89,0,0
BRDA:916,89,1,0
BRDA:916,90,0,0
BRDA:916,90,1,0
BRDA:932,91,0,0
BRDA:932,91,1,0
BRDA:939,92,0,0
BRDA:939,92,1,0
BRDA:939,93,0,0
BRDA:939,93,1,0
BRDA:946,94,0,0
BRDA:946,94,1,0
BRDA:946,95,0,0
BRDA:946,95,1,0
BRDA:946,96,0,0
BRDA:946,96,1,0
BRDA:947,97,0,0
BRDA:947,97,1,0
BRDA:953,98,0,0
BRDA:953,98,1,0
BRDA:953,99,0,0
BRDA:953,99,1,0
BRDA:960,100,0,0
BRDA:960,100,1,0
BRDA:960,101,0,0
BRDA:960,101,1,0
BRDA:960,102,0,0
BRDA:960,102,1,0
BRDA:974,103,0,0
BRDA:975,104,0,0
BRDA:975,104,1,0
BRDA:976,105,0,0
BRDA:976,105,1,0
BRDA:992,106,0,0
BRDA:992,106,1,0
BRDA:1085,107,0,0
BRDA:1085,107,1,0
BRDA:1086,108,0,0
BRDA:1086,108,1,0
BRDA:1090,109,0,0
BRDA:1090,109,1,0
BRDA:1090,109,2,0
BRDA:1090,109,3,0
BRDA:1095,110,0,0
BRDA:1095,110,1,0
BRDA:1103,111,0,0
BRDA:1103,111,1,0
BRDA:1114,112,0,0
BRDA:1114,112,1,0
BRDA:1117,113,0,0
BRDA:1117,113,1,0
BRDA:1118,114,0,0
BRDA:1118,114,1,0
BRDA:1133,115,0,0
BRDA:1133,115,1,0
BRDA:1136,116,0,0
BRDA:1136,116,1,0
BRDA:1147,117,0,0
BRDA:1147,117,1,0
BRDA:1161,118,0,0
BRDA:1161,118,1,0
BRDA:1166,119,0,0
BRDA:1166,119,1,0
BRF:237
BRH:0
end_of_record
TN:
SF:src\services\socketService.js
FN:7,(anonymous_0)
FN:17,(anonymous_1)
FN:28,(anonymous_2)
FN:50,(anonymous_3)
FN:57,(anonymous_4)
FN:73,(anonymous_5)
FN:74,(anonymous_6)
FN:77,(anonymous_7)
FN:78,(anonymous_8)
FN:79,(anonymous_9)
FN:80,(anonymous_10)
FN:83,(anonymous_11)
FN:86,(anonymous_12)
FN:87,(anonymous_13)
FN:88,(anonymous_14)
FN:91,(anonymous_15)
FN:94,(anonymous_16)
FN:97,(anonymous_17)
FN:114,(anonymous_18)
FN:115,(anonymous_19)
FN:122,(anonymous_20)
FN:139,(anonymous_21)
FN:152,(anonymous_22)
FN:163,(anonymous_23)
FN:177,(anonymous_24)
FN:189,(anonymous_25)
FN:199,(anonymous_26)
FN:203,(anonymous_27)
FN:220,(anonymous_28)
FN:233,(anonymous_29)
FN:245,(anonymous_30)
FN:250,(anonymous_31)
FN:279,(anonymous_32)
FN:288,(anonymous_33)
FN:295,(anonymous_34)
FN:299,(anonymous_35)
FN:303,(anonymous_36)
FNF:37
FNH:0
FNDA:0,(anonymous_0)
FNDA:0,(anonymous_1)
FNDA:0,(anonymous_2)
FNDA:0,(anonymous_3)
FNDA:0,(anonymous_4)
FNDA:0,(anonymous_5)
FNDA:0,(anonymous_6)
FNDA:0,(anonymous_7)
FNDA:0,(anonymous_8)
FNDA:0,(anonymous_9)
FNDA:0,(anonymous_10)
FNDA:0,(anonymous_11)
FNDA:0,(anonymous_12)
FNDA:0,(anonymous_13)
FNDA:0,(anonymous_14)
FNDA:0,(anonymous_15)
FNDA:0,(anonymous_16)
FNDA:0,(anonymous_17)
FNDA:0,(anonymous_18)
FNDA:0,(anonymous_19)
FNDA:0,(anonymous_20)
FNDA:0,(anonymous_21)
FNDA:0,(anonymous_22)
FNDA:0,(anonymous_23)
FNDA:0,(anonymous_24)
FNDA:0,(anonymous_25)
FNDA:0,(anonymous_26)
FNDA:0,(anonymous_27)
FNDA:0,(anonymous_28)
FNDA:0,(anonymous_29)
FNDA:0,(anonymous_30)
FNDA:0,(anonymous_31)
FNDA:0,(anonymous_32)
FNDA:0,(anonymous_33)
FNDA:0,(anonymous_34)
FNDA:0,(anonymous_35)
FNDA:0,(anonymous_36)
DA:1,0
DA:2,0
DA:3,0
DA:4,0
DA:8,0
DA:9,0
DA:10,0
DA:11,0
DA:12,0
DA:14,0
DA:18,0
DA:28,0
DA:29,0
DA:30,0
DA:31,0
DA:32,0
DA:35,0
DA:36,0
DA:38,0
DA:39,0
DA:42,0
DA:43,0
DA:45,0
DA:46,0
DA:50,0
DA:51,0
DA:54,0
DA:58,0
DA:61,0
DA:62,0
DA:64,0
DA:67,0
DA:70,0
DA:73,0
DA:74,0
DA:77,0
DA:78,0
DA:79,0
DA:80,0
DA:83,0
DA:86,0
DA:87,0
DA:88,0
DA:91,0
DA:94,0
DA:98,0
DA:100,0
DA:101,0
DA:103,0
DA:106,0
DA:113,0
DA:114,0
DA:115,0
DA:117,0
DA:119,0
DA:123,0
DA:125,0
DA:126,0
DA:127,0
DA:128,0
DA:133,0
DA:141,0
DA:149,0
DA:154,0
DA:164,0
DA:165,0
DA:167,0
DA:169,0
DA:178,0
DA:179,0
DA:182,0
DA:190,0
DA:202,0
DA:203,0
DA:205,0
DA:206,0
DA:223,0
DA:235,0
DA:247,0
DA:251,0
DA:253,0
DA:254,0
DA:255,0
DA:258,0
DA:259,0
DA:260,0
DA:261,0
DA:262,0
DA:265,0
DA:273,0
DA:275,0
DA:280,0
DA:289,0
DA:290,0
DA:291,0
DA:296,0
DA:300,0
DA:304,0
DA:308,0
LF:99
LH:0
BRDA:20,0,0,0
BRDA:20,0,1,0
BRDA:31,1,0,0
BRDA:31,1,1,0
BRDA:38,2,0,0
BRDA:38,2,1,0
BRDA:100,3,0,0
BRDA:100,3,1,0
BRDA:125,4,0,0
BRDA:125,4,1,0
BRDA:127,5,0,0
BRDA:127,5,1,0
BRDA:164,6,0,0
BRDA:164,6,1,0
BRDA:178,7,0,0
BRDA:178,7,1,0
BRDA:205,8,0,0
BRDA:205,8,1,0
BRDA:253,9,0,0
BRDA:253,9,1,0
BRDA:259,10,0,0
BRDA:259,10,1,0
BRDA:261,11,0,0
BRDA:261,11,1,0
BRDA:290,12,0,0
BRDA:290,12,1,0
BRF:26
BRH:0
end_of_record
TN:
SF:src\services\tokenService.js
FN:6,(anonymous_0)
FN:12,(anonymous_1)
FN:31,(anonymous_2)
FN:50,(anonymous_3)
FN:64,(anonymous_4)
FN:78,(anonymous_5)
FN:83,(anonymous_6)
FN:94,(anonymous_7)
FNF:8
FNH:3
FNDA:1,(anonymous_0)
FNDA:1,(anonymous_1)
FNDA:1,(anonymous_2)
FNDA:0,(anonymous_3)
FNDA:0,(anonymous_4)
FNDA:0,(anonymous_5)
FNDA:0,(anonymous_6)
FNDA:0,(anonymous_7)
DA:1,1
DA:2,1
DA:3,1
DA:7,1
DA:8,1
DA:13,1
DA:14,1
DA:23,1
DA:25,0
DA:26,0
DA:32,1
DA:33,1
DA:42,1
DA:44,0
DA:45,0
DA:51,0
DA:52,0
DA:53,0
DA:54,0
DA:56,0
DA:58,0
DA:59,0
DA:65,0
DA:66,0
DA:67,0
DA:68,0
DA:70,0
DA:72,0
DA:73,0
DA:79,0
DA:84,0
DA:85,0
DA:86,0
DA:87,0
DA:89,0
DA:95,0
DA:96,0
DA:97,0
DA:99,0
DA:104,1
LF:40
LH:12
BRDA:7,0,0,1
BRDA:7,0,1,1
BRDA:8,1,0,1
BRDA:8,1,1,1
BRDA:12,2,0,1
BRDA:53,3,0,0
BRDA:53,3,1,0
BRDA:67,4,0,0
BRDA:67,4,1,0
BRDA:86,5,0,0
BRDA:86,5,1,0
BRDA:97,6,0,0
BRDA:97,6,1,0
BRF:13
BRH:5
end_of_record
TN:
SF:src\utils\dbOptimizer.js
FN:5,(anonymous_0)
FN:10,(anonymous_1)
FN:57,(anonymous_2)
FN:91,(anonymous_3)
FN:102,(anonymous_4)
FN:115,(anonymous_5)
FN:120,(anonymous_6)
FNF:7
FNH:0
FNDA:0,(anonymous_0)
FNDA:0,(anonymous_1)
FNDA:0,(anonymous_2)
FNDA:0,(anonymous_3)
FNDA:0,(anonymous_4)
FNDA:0,(anonymous_5)
FNDA:0,(anonymous_6)
DA:1,0
DA:2,0
DA:6,0
DA:11,0
DA:12,0
DA:13,0
DA:16,0
DA:17,0
DA:18,0
DA:19,0
DA:22,0
DA:31,0
DA:40,0
DA:48,0
DA:49,0
DA:52,0
DA:58,0
DA:59,0
DA:65,0
DA:67,0
DA:68,0
DA:69,0
DA:71,0
DA:79,0
DA:80,0
DA:83,0
DA:85,0
DA:86,0
DA:92,0
DA:93,0
DA:100,0
DA:101,0
DA:102,0
DA:103,0
DA:107,0
DA:109,0
DA:110,0
DA:116,0
DA:117,0
DA:121,0
DA:122,0
DA:124,0
DA:131,0
LF:43
LH:0
BRDA:11,0,0,0
BRDA:11,0,1,0
BRDA:100,1,0,0
BRDA:100,1,1,0
BRDA:115,2,0,0
BRDA:116,3,0,0
BRDA:116,3,1,0
BRDA:121,4,0,0
BRDA:121,4,1,0
BRF:9
BRH:0
end_of_record
TN:
SF:src\utils\logger.js
FNF:0
FNH:0
DA:1,1
DA:2,1
DA:4,1
DA:21,1
DA:22,1
DA:27,1
LF:6
LH:6
BRDA:21,0,0,1
BRDA:21,0,1,0
BRF:2
BRH:1
end_of_record
